[ 2017-07-25T23:14:06+08:00 ] 127.0.0.1 /index.php/Home/Goods/getGoodsDynamic
INFO: [ app_begin ] --START--
INFO: Run Behavior\ReadHtmlCacheBehavior [ RunTime:0.001000s ]
INFO: [ app_begin ] --END-- [ RunTime:0.001000s ]
SQL: SHOW COLUMNS FROM `sp_goods` [ RunTime:0.0070s ]
SQL: SHOW COLUMNS FROM `sp_goods_attr` [ RunTime:0.0490s ]
SQL: SELECT a.attr_id,a.attr_name,group_concat(ga.attr_value) attr_values FROM sp_goods_attr ga INNER JOIN sp_attribute a on ga.attr_id = a.attr_id  WHERE ga.goods_id = '43' AND a.attr_sel = 'many' GROUP BY a.attr_id  [ RunTime:0.0320s ]
SQL: SELECT `goods_number` FROM `sp_goods` WHERE `goods_id` = 43 LIMIT 1   [ RunTime:0.0000s ]
SQL: SELECT * FROM `sp_goods` WHERE `goods_id` = 43 LIMIT 1   [ RunTime:0.0010s ]
INFO: [ app_end ] --START--
INFO: Run Behavior\ShowPageTraceBehavior [ RunTime:0.001000s ]
INFO: [ app_end ] --END-- [ RunTime:0.001000s ]

[ 2017-07-25T23:27:21+08:00 ] 127.0.0.1 /index.php/Home/Goods/getGoodsDynamic
INFO: [ app_begin ] --START--
INFO: Run Behavior\ReadHtmlCacheBehavior [ RunTime:0.001000s ]
INFO: [ app_begin ] --END-- [ RunTime:0.001000s ]
SQL: SHOW COLUMNS FROM `sp_goods` [ RunTime:0.0060s ]
SQL: SHOW COLUMNS FROM `sp_goods_attr` [ RunTime:0.0080s ]
SQL: SELECT a.attr_id,a.attr_name,group_concat(ga.attr_value) attr_values FROM sp_goods_attr ga INNER JOIN sp_attribute a on ga.attr_id = a.attr_id  WHERE ga.goods_id = '43' AND a.attr_sel = 'many' GROUP BY a.attr_id  [ RunTime:0.0010s ]
SQL: SELECT `goods_number` FROM `sp_goods` WHERE `goods_id` = 43 LIMIT 1   [ RunTime:0.0000s ]
SQL: SELECT * FROM `sp_goods` WHERE `goods_id` = 43 LIMIT 1   [ RunTime:0.0010s ]
INFO: [ app_end ] --START--
INFO: Run Behavior\ShowPageTraceBehavior [ RunTime:0.001000s ]
INFO: [ app_end ] --END-- [ RunTime:0.001000s ]

[ 2017-07-25T23:57:16+08:00 ] 127.0.0.1 /index.php/Home/Goods/getGoodsDynamic
INFO: [ app_begin ] --START--
INFO: Run Behavior\ReadHtmlCacheBehavior [ RunTime:0.001000s ]
INFO: [ app_begin ] --END-- [ RunTime:0.001000s ]
SQL: SHOW COLUMNS FROM `sp_goods` [ RunTime:0.0090s ]
SQL: SHOW COLUMNS FROM `sp_goods_attr` [ RunTime:0.0070s ]
SQL: SELECT a.attr_id,a.attr_name,group_concat(ga.attr_value) attr_values FROM sp_goods_attr ga INNER JOIN sp_attribute a on ga.attr_id = a.attr_id  WHERE ga.goods_id = '28' AND a.attr_sel = 'many' GROUP BY a.attr_id  [ RunTime:0.0050s ]
SQL: SELECT `goods_number` FROM `sp_goods` WHERE `goods_id` = 28 LIMIT 1   [ RunTime:0.0010s ]
SQL: SELECT * FROM `sp_goods` WHERE `goods_id` = 28 LIMIT 1   [ RunTime:0.0000s ]
INFO: [ app_end ] --START--
INFO: Run Behavior\ShowPageTraceBehavior [ RunTime:0.002000s ]
INFO: [ app_end ] --END-- [ RunTime:0.002000s ]

[ 2017-07-25T23:57:21+08:00 ] 127.0.0.1 /index.php/Home/Goods/getGoodsDynamic
INFO: [ app_begin ] --START--
INFO: Run Behavior\ReadHtmlCacheBehavior [ RunTime:0.001000s ]
INFO: [ app_begin ] --END-- [ RunTime:0.002000s ]
SQL: SHOW COLUMNS FROM `sp_goods` [ RunTime:0.0090s ]
SQL: SHOW COLUMNS FROM `sp_goods_attr` [ RunTime:0.0090s ]
SQL: SELECT a.attr_id,a.attr_name,group_concat(ga.attr_value) attr_values FROM sp_goods_attr ga INNER JOIN sp_attribute a on ga.attr_id = a.attr_id  WHERE ga.goods_id = '43' AND a.attr_sel = 'many' GROUP BY a.attr_id  [ RunTime:0.0010s ]
SQL: SELECT `goods_number` FROM `sp_goods` WHERE `goods_id` = 43 LIMIT 1   [ RunTime:0.0010s ]
SQL: SELECT * FROM `sp_goods` WHERE `goods_id` = 43 LIMIT 1   [ RunTime:0.0000s ]
INFO: [ app_end ] --START--
INFO: Run Behavior\ShowPageTraceBehavior [ RunTime:0.001000s ]
INFO: [ app_end ] --END-- [ RunTime:0.001000s ]

[ 2017-07-25T23:57:28+08:00 ] 127.0.0.1 /index.php/Home/Goods/getGoodsDynamic
INFO: [ app_begin ] --START--
INFO: Run Behavior\ReadHtmlCacheBehavior [ RunTime:0.001000s ]
INFO: [ app_begin ] --END-- [ RunTime:0.001000s ]
SQL: SHOW COLUMNS FROM `sp_goods` [ RunTime:0.0050s ]
SQL: SHOW COLUMNS FROM `sp_goods_attr` [ RunTime:0.0040s ]
SQL: SELECT a.attr_id,a.attr_name,group_concat(ga.attr_value) attr_values FROM sp_goods_attr ga INNER JOIN sp_attribute a on ga.attr_id = a.attr_id  WHERE ga.goods_id = '32' AND a.attr_sel = 'many' GROUP BY a.attr_id  [ RunTime:0.0010s ]
SQL: SELECT `goods_number` FROM `sp_goods` WHERE `goods_id` = 32 LIMIT 1   [ RunTime:0.0000s ]
SQL: SELECT * FROM `sp_goods` WHERE `goods_id` = 32 LIMIT 1   [ RunTime:0.0000s ]
INFO: [ app_end ] --START--
INFO: Run Behavior\ShowPageTraceBehavior [ RunTime:0.000000s ]
INFO: [ app_end ] --END-- [ RunTime:0.001000s ]

