[ 2017-07-13T00:00:00+08:00 ] 127.0.0.1 /index.php/Home/Order/showlist
ERR: Think\Model:assign方法不存在！

[ 2017-07-13T00:02:43+08:00 ] 127.0.0.1 /index.php/Home/Shop/addCart
INFO: [ app_begin ] --START--
INFO: Run Behavior\ReadHtmlCacheBehavior [ RunTime:0.001000s ]
INFO: [ app_begin ] --END-- [ RunTime:0.002000s ]
SQL: SHOW COLUMNS FROM `sp_goods` [ RunTime:0.0100s ]
SQL: SELECT * FROM `sp_goods` WHERE `goods_id` = 43 LIMIT 1   [ RunTime:0.0010s ]
SQL: SELECT * FROM `sp_goods` WHERE `goods_id` = 43 LIMIT 1   [ RunTime:0.0000s ]
SQL: SHOW COLUMNS FROM `sp_user` [ RunTime:0.0070s ]
SQL: SELECT * FROM `sp_user` WHERE `user_id` = 133 LIMIT 1   [ RunTime:0.0010s ]
SQL: SHOW COLUMNS FROM `sp_member_level` [ RunTime:0.0310s ]
SQL: SELECT * FROM `sp_member_level` WHERE `jifen_bottom` <= '10000' AND `jifen_top` >= '10000' LIMIT 1   [ RunTime:0.0010s ]
SQL: SHOW COLUMNS FROM `sp_member_price` [ RunTime:0.0170s ]
SQL: SELECT * FROM `sp_member_price` WHERE `goods_id` = '43' AND `level_id` = '16'  [ RunTime:0.0000s ]
NOTIC: [8] Undefined offset: 0 E:\Web\itshop\Application\Home\Model\GoodsModel.class.php 第 124 行.
INFO: [ app_end ] --START--
INFO: Run Behavior\ShowPageTraceBehavior [ RunTime:0.001000s ]
INFO: [ app_end ] --END-- [ RunTime:0.001000s ]

[ 2017-07-13T00:02:55+08:00 ] 127.0.0.1 /index.php/Home/Shop/addCart
INFO: [ app_begin ] --START--
INFO: Run Behavior\ReadHtmlCacheBehavior [ RunTime:0.000000s ]
INFO: [ app_begin ] --END-- [ RunTime:0.001000s ]
SQL: SHOW COLUMNS FROM `sp_goods` [ RunTime:0.0070s ]
SQL: SELECT * FROM `sp_goods` WHERE `goods_id` = 42 LIMIT 1   [ RunTime:0.0000s ]
SQL: SELECT * FROM `sp_goods` WHERE `goods_id` = 42 LIMIT 1   [ RunTime:0.0000s ]
SQL: SHOW COLUMNS FROM `sp_user` [ RunTime:0.0080s ]
SQL: SELECT * FROM `sp_user` WHERE `user_id` = 133 LIMIT 1   [ RunTime:0.0010s ]
SQL: SHOW COLUMNS FROM `sp_member_level` [ RunTime:0.0370s ]
SQL: SELECT * FROM `sp_member_level` WHERE `jifen_bottom` <= '10000' AND `jifen_top` >= '10000' LIMIT 1   [ RunTime:0.0010s ]
SQL: SHOW COLUMNS FROM `sp_member_price` [ RunTime:0.0080s ]
SQL: SELECT * FROM `sp_member_price` WHERE `goods_id` = '42' AND `level_id` = '16'  [ RunTime:0.0010s ]
INFO: [ app_end ] --START--
INFO: Run Behavior\ShowPageTraceBehavior [ RunTime:0.002001s ]
INFO: [ app_end ] --END-- [ RunTime:0.002001s ]

[ 2017-07-13T21:29:01+08:00 ] 127.0.0.1 /index.php/Home/User/checkName
INFO: [ app_begin ] --START--
INFO: Run Behavior\ReadHtmlCacheBehavior [ RunTime:0.000000s ]
INFO: [ app_begin ] --END-- [ RunTime:0.001000s ]
SQL: SHOW COLUMNS FROM `sp_user` [ RunTime:0.0070s ]
SQL: SELECT * FROM `sp_user` WHERE `username` = 'jack' LIMIT 1   [ RunTime:0.0010s ]
INFO: [ app_end ] --START--
INFO: Run Behavior\ShowPageTraceBehavior [ RunTime:0.001000s ]
INFO: [ app_end ] --END-- [ RunTime:0.001000s ]

[ 2017-07-13T21:29:02+08:00 ] 127.0.0.1 /index.php/Home/User/checkPwd
INFO: [ app_begin ] --START--
INFO: Run Behavior\ReadHtmlCacheBehavior [ RunTime:0.001000s ]
INFO: [ app_begin ] --END-- [ RunTime:0.001000s ]
SQL: SHOW COLUMNS FROM `sp_user` [ RunTime:0.0080s ]
SQL: SELECT * FROM `sp_user` WHERE `username` = 'jack' AND `password` = 'e10adc3949ba59abbe56e057f20f883e' LIMIT 1   [ RunTime:0.0000s ]
INFO: [ app_end ] --START--
INFO: Run Behavior\ShowPageTraceBehavior [ RunTime:0.001000s ]
INFO: [ app_end ] --END-- [ RunTime:0.001000s ]

[ 2017-07-13T21:29:04+08:00 ] 127.0.0.1 /index.php/Home/User/checkVerify
INFO: [ app_begin ] --START--
INFO: Run Behavior\ReadHtmlCacheBehavior [ RunTime:0.000000s ]
INFO: [ app_begin ] --END-- [ RunTime:0.001000s ]
INFO: [ app_end ] --START--
INFO: Run Behavior\ShowPageTraceBehavior [ RunTime:0.001000s ]
INFO: [ app_end ] --END-- [ RunTime:0.001000s ]

[ 2017-07-13T21:29:05+08:00 ] 127.0.0.1 /index.php/Home/User/login
INFO: [ app_begin ] --START--
INFO: Run Behavior\ReadHtmlCacheBehavior [ RunTime:0.001000s ]
INFO: [ app_begin ] --END-- [ RunTime:0.002000s ]
SQL: SHOW COLUMNS FROM `sp_user` [ RunTime:0.0070s ]
SQL: SELECT * FROM `sp_user` WHERE `username` = 'jack' LIMIT 1   [ RunTime:0.0000s ]
INFO: [ app_end ] --START--
INFO: Run Behavior\ShowPageTraceBehavior [ RunTime:0.001000s ]
INFO: [ app_end ] --END-- [ RunTime:0.001000s ]

[ 2017-07-13T21:34:24+08:00 ] 127.0.0.1 /index.php/Home/Order/detail/order_id/17.html
ERR: 非法操作:detail

[ 2017-07-13T22:01:27+08:00 ] 127.0.0.1 /index.php/Home/Order/detail/order_id/20.html
ERR: SQLSTATE[42S22]: Column not found: 1054 Unknown column 'o.order_id' in 'where clause'

