[ 2017-07-20T08:50:45+08:00 ] 127.0.0.1 /index.php/Home/Goods/getGoodsDynamic
INFO: [ app_begin ] --START--
INFO: Run Behavior\ReadHtmlCacheBehavior [ RunTime:0.001000s ]
INFO: [ app_begin ] --END-- [ RunTime:0.002000s ]
SQL: SHOW COLUMNS FROM `sp_goods` [ RunTime:0.0220s ]
SQL: SHOW COLUMNS FROM `sp_goods_attr` [ RunTime:0.0130s ]
SQL: SELECT a.attr_id,a.attr_name,group_concat(ga.attr_value) attr_values FROM sp_goods_attr ga INNER JOIN sp_attribute a on ga.attr_id = a.attr_id  WHERE ga.goods_id = '43' AND a.attr_sel = 'many' GROUP BY a.attr_id  [ RunTime:0.0010s ]
SQL: SELECT `goods_number` FROM `sp_goods` WHERE `goods_id` = 43 LIMIT 1   [ RunTime:0.0010s ]
SQL: SELECT * FROM `sp_goods` WHERE `goods_id` = 43 LIMIT 1   [ RunTime:0.0000s ]
INFO: [ app_end ] --START--
INFO: Run Behavior\ShowPageTraceBehavior [ RunTime:0.000000s ]
INFO: [ app_end ] --END-- [ RunTime:0.000000s ]

[ 2017-07-20T08:51:20+08:00 ] 127.0.0.1 /index.php/Home/Goods/getGoodsDynamic
INFO: [ app_begin ] --START--
INFO: Run Behavior\ReadHtmlCacheBehavior [ RunTime:0.001000s ]
INFO: [ app_begin ] --END-- [ RunTime:0.002000s ]
SQL: SHOW COLUMNS FROM `sp_goods` [ RunTime:0.0080s ]
SQL: SHOW COLUMNS FROM `sp_goods_attr` [ RunTime:0.0060s ]
SQL: SELECT a.attr_id,a.attr_name,group_concat(ga.attr_value) attr_values FROM sp_goods_attr ga INNER JOIN sp_attribute a on ga.attr_id = a.attr_id  WHERE ga.goods_id = '43' AND a.attr_sel = 'many' GROUP BY a.attr_id  [ RunTime:0.0010s ]
SQL: SELECT `goods_number` FROM `sp_goods` WHERE `goods_id` = 43 LIMIT 1   [ RunTime:0.0000s ]
SQL: SELECT * FROM `sp_goods` WHERE `goods_id` = 43 LIMIT 1   [ RunTime:0.0010s ]
INFO: [ app_end ] --START--
INFO: Run Behavior\ShowPageTraceBehavior [ RunTime:0.001000s ]
INFO: [ app_end ] --END-- [ RunTime:0.001000s ]

[ 2017-07-20T08:57:56+08:00 ] 127.0.0.1 /index.php/Home/Goods/getGoodsDynamic
INFO: [ app_begin ] --START--
INFO: Run Behavior\ReadHtmlCacheBehavior [ RunTime:0.001000s ]
INFO: [ app_begin ] --END-- [ RunTime:0.002000s ]
SQL: SHOW COLUMNS FROM `sp_goods` [ RunTime:0.0090s ]
SQL: SHOW COLUMNS FROM `sp_goods_attr` [ RunTime:0.0080s ]
SQL: SELECT a.attr_id,a.attr_name,group_concat(ga.attr_value) attr_values FROM sp_goods_attr ga INNER JOIN sp_attribute a on ga.attr_id = a.attr_id  WHERE ga.goods_id = '43' AND a.attr_sel = 'many' GROUP BY a.attr_id  [ RunTime:0.0020s ]
SQL: SELECT `goods_number` FROM `sp_goods` WHERE `goods_id` = 43 LIMIT 1   [ RunTime:0.0000s ]
SQL: SELECT * FROM `sp_goods` WHERE `goods_id` = 43 LIMIT 1   [ RunTime:0.0000s ]
INFO: [ app_end ] --START--
INFO: Run Behavior\ShowPageTraceBehavior [ RunTime:0.001000s ]
INFO: [ app_end ] --END-- [ RunTime:0.001000s ]

[ 2017-07-20T08:58:58+08:00 ] 127.0.0.1 /index.php/Home/Goods/getGoodsDynamic
INFO: [ app_begin ] --START--
INFO: Run Behavior\ReadHtmlCacheBehavior [ RunTime:0.001000s ]
INFO: [ app_begin ] --END-- [ RunTime:0.001000s ]
SQL: SHOW COLUMNS FROM `sp_goods` [ RunTime:0.0090s ]
SQL: SHOW COLUMNS FROM `sp_goods_attr` [ RunTime:0.0080s ]
SQL: SELECT a.attr_id,a.attr_name,group_concat(ga.attr_value) attr_values FROM sp_goods_attr ga INNER JOIN sp_attribute a on ga.attr_id = a.attr_id  WHERE ga.goods_id = '43' AND a.attr_sel = 'many' GROUP BY a.attr_id  [ RunTime:0.0010s ]
SQL: SELECT `goods_number` FROM `sp_goods` WHERE `goods_id` = 43 LIMIT 1   [ RunTime:0.0010s ]
SQL: SELECT * FROM `sp_goods` WHERE `goods_id` = 43 LIMIT 1   [ RunTime:0.0000s ]
INFO: [ app_end ] --START--
INFO: Run Behavior\ShowPageTraceBehavior [ RunTime:0.001000s ]
INFO: [ app_end ] --END-- [ RunTime:0.001000s ]

[ 2017-07-20T08:59:31+08:00 ] 127.0.0.1 /index.php/Home/Goods/getGoodsDynamic
INFO: [ app_begin ] --START--
INFO: Run Behavior\ReadHtmlCacheBehavior [ RunTime:0.000000s ]
INFO: [ app_begin ] --END-- [ RunTime:0.001000s ]
SQL: SHOW COLUMNS FROM `sp_goods` [ RunTime:0.0070s ]
SQL: SHOW COLUMNS FROM `sp_goods_attr` [ RunTime:0.0070s ]
SQL: SELECT a.attr_id,a.attr_name,group_concat(ga.attr_value) attr_values FROM sp_goods_attr ga INNER JOIN sp_attribute a on ga.attr_id = a.attr_id  WHERE ga.goods_id = '43' AND a.attr_sel = 'many' GROUP BY a.attr_id  [ RunTime:0.0010s ]
SQL: SELECT `goods_number` FROM `sp_goods` WHERE `goods_id` = 43 LIMIT 1   [ RunTime:0.0000s ]
SQL: SELECT * FROM `sp_goods` WHERE `goods_id` = 43 LIMIT 1   [ RunTime:0.0010s ]
INFO: [ app_end ] --START--
INFO: Run Behavior\ShowPageTraceBehavior [ RunTime:0.001000s ]
INFO: [ app_end ] --END-- [ RunTime:0.001000s ]

[ 2017-07-20T20:41:09+08:00 ] 127.0.0.1 /index.php/Home/Goods/getGoodsDynamic
INFO: [ app_begin ] --START--
INFO: Run Behavior\ReadHtmlCacheBehavior [ RunTime:0.001000s ]
INFO: [ app_begin ] --END-- [ RunTime:0.002000s ]
SQL: SHOW COLUMNS FROM `sp_goods` [ RunTime:0.0130s ]
SQL: SHOW COLUMNS FROM `sp_goods_attr` [ RunTime:0.0750s ]
SQL: SELECT a.attr_id,a.attr_name,group_concat(ga.attr_value) attr_values FROM sp_goods_attr ga INNER JOIN sp_attribute a on ga.attr_id = a.attr_id  WHERE ga.goods_id = '43' AND a.attr_sel = 'many' GROUP BY a.attr_id  [ RunTime:0.2110s ]
SQL: SELECT `goods_number` FROM `sp_goods` WHERE `goods_id` = 43 LIMIT 1   [ RunTime:0.0010s ]
SQL: SELECT * FROM `sp_goods` WHERE `goods_id` = 43 LIMIT 1   [ RunTime:0.0000s ]
INFO: [ app_end ] --START--
INFO: Run Behavior\ShowPageTraceBehavior [ RunTime:0.000000s ]
INFO: [ app_end ] --END-- [ RunTime:0.000000s ]

[ 2017-07-20T20:43:19+08:00 ] 127.0.0.1 /index.php/Home/Goods/getGoodsDynamic
INFO: [ app_begin ] --START--
INFO: Run Behavior\ReadHtmlCacheBehavior [ RunTime:0.000000s ]
INFO: [ app_begin ] --END-- [ RunTime:0.001000s ]
SQL: SHOW COLUMNS FROM `sp_goods` [ RunTime:0.0140s ]
SQL: SHOW COLUMNS FROM `sp_goods_attr` [ RunTime:0.0070s ]
SQL: SELECT a.attr_id,a.attr_name,group_concat(ga.attr_value) attr_values FROM sp_goods_attr ga INNER JOIN sp_attribute a on ga.attr_id = a.attr_id  WHERE ga.goods_id = '43' AND a.attr_sel = 'many' GROUP BY a.attr_id  [ RunTime:0.0020s ]
SQL: SELECT `goods_number` FROM `sp_goods` WHERE `goods_id` = 43 LIMIT 1   [ RunTime:0.0010s ]
SQL: SELECT * FROM `sp_goods` WHERE `goods_id` = 43 LIMIT 1   [ RunTime:0.0010s ]
INFO: [ app_end ] --START--
INFO: Run Behavior\ShowPageTraceBehavior [ RunTime:0.001000s ]
INFO: [ app_end ] --END-- [ RunTime:0.001000s ]

[ 2017-07-20T20:44:00+08:00 ] 127.0.0.1 /index.php/Home/Goods/getGoodsDynamic
INFO: [ app_begin ] --START--
INFO: Run Behavior\ReadHtmlCacheBehavior [ RunTime:0.001000s ]
INFO: [ app_begin ] --END-- [ RunTime:0.001000s ]
SQL: SHOW COLUMNS FROM `sp_goods` [ RunTime:0.0210s ]
SQL: SHOW COLUMNS FROM `sp_goods_attr` [ RunTime:0.0060s ]
SQL: SELECT a.attr_id,a.attr_name,group_concat(ga.attr_value) attr_values FROM sp_goods_attr ga INNER JOIN sp_attribute a on ga.attr_id = a.attr_id  WHERE ga.goods_id = '43' AND a.attr_sel = 'many' GROUP BY a.attr_id  [ RunTime:0.0000s ]
SQL: SELECT `goods_number` FROM `sp_goods` WHERE `goods_id` = 43 LIMIT 1   [ RunTime:0.0000s ]
SQL: SELECT * FROM `sp_goods` WHERE `goods_id` = 43 LIMIT 1   [ RunTime:0.0000s ]
INFO: [ app_end ] --START--
INFO: Run Behavior\ShowPageTraceBehavior [ RunTime:0.001000s ]
INFO: [ app_end ] --END-- [ RunTime:0.001000s ]

[ 2017-07-20T20:44:09+08:00 ] 127.0.0.1 /index.php/Home/Goods/getGoodsDynamic
INFO: [ app_begin ] --START--
INFO: Run Behavior\ReadHtmlCacheBehavior [ RunTime:0.001000s ]
INFO: [ app_begin ] --END-- [ RunTime:0.001000s ]
SQL: SHOW COLUMNS FROM `sp_goods` [ RunTime:0.0100s ]
SQL: SHOW COLUMNS FROM `sp_goods_attr` [ RunTime:0.0090s ]
SQL: SELECT a.attr_id,a.attr_name,group_concat(ga.attr_value) attr_values FROM sp_goods_attr ga INNER JOIN sp_attribute a on ga.attr_id = a.attr_id  WHERE ga.goods_id = '43' AND a.attr_sel = 'many' GROUP BY a.attr_id  [ RunTime:0.0010s ]
SQL: SELECT `goods_number` FROM `sp_goods` WHERE `goods_id` = 43 LIMIT 1   [ RunTime:0.0010s ]
SQL: SELECT * FROM `sp_goods` WHERE `goods_id` = 43 LIMIT 1   [ RunTime:0.0000s ]
INFO: [ app_end ] --START--
INFO: Run Behavior\ShowPageTraceBehavior [ RunTime:0.001000s ]
INFO: [ app_end ] --END-- [ RunTime:0.001000s ]

[ 2017-07-20T20:44:18+08:00 ] 127.0.0.1 /index.php/Home/Goods/getGoodsDynamic
INFO: [ app_begin ] --START--
INFO: Run Behavior\ReadHtmlCacheBehavior [ RunTime:0.001000s ]
INFO: [ app_begin ] --END-- [ RunTime:0.001000s ]
SQL: SHOW COLUMNS FROM `sp_goods` [ RunTime:0.0240s ]
SQL: SHOW COLUMNS FROM `sp_goods_attr` [ RunTime:0.0190s ]
SQL: SELECT a.attr_id,a.attr_name,group_concat(ga.attr_value) attr_values FROM sp_goods_attr ga INNER JOIN sp_attribute a on ga.attr_id = a.attr_id  WHERE ga.goods_id = '43' AND a.attr_sel = 'many' GROUP BY a.attr_id  [ RunTime:0.0010s ]
SQL: SELECT `goods_number` FROM `sp_goods` WHERE `goods_id` = 43 LIMIT 1   [ RunTime:0.0000s ]
SQL: SELECT * FROM `sp_goods` WHERE `goods_id` = 43 LIMIT 1   [ RunTime:0.0000s ]
INFO: [ app_end ] --START--
INFO: Run Behavior\ShowPageTraceBehavior [ RunTime:0.000000s ]
INFO: [ app_end ] --END-- [ RunTime:0.001000s ]

[ 2017-07-20T20:44:38+08:00 ] 127.0.0.1 /index.php/Home/User/checkName
INFO: [ app_begin ] --START--
INFO: Run Behavior\ReadHtmlCacheBehavior [ RunTime:0.000000s ]
INFO: [ app_begin ] --END-- [ RunTime:0.000000s ]
SQL: SHOW COLUMNS FROM `sp_user` [ RunTime:0.0110s ]
SQL: SELECT * FROM `sp_user` WHERE `username` = 'jack' LIMIT 1   [ RunTime:0.0000s ]
INFO: [ app_end ] --START--
INFO: Run Behavior\ShowPageTraceBehavior [ RunTime:0.002000s ]
INFO: [ app_end ] --END-- [ RunTime:0.002000s ]

[ 2017-07-20T20:44:40+08:00 ] 127.0.0.1 /index.php/Home/User/checkPwd
INFO: [ app_begin ] --START--
INFO: Run Behavior\ReadHtmlCacheBehavior [ RunTime:0.001000s ]
INFO: [ app_begin ] --END-- [ RunTime:0.001000s ]
SQL: SHOW COLUMNS FROM `sp_user` [ RunTime:0.0180s ]
SQL: SELECT * FROM `sp_user` WHERE `username` = 'jack' LIMIT 1   [ RunTime:0.0010s ]
INFO: [ app_end ] --START--
INFO: Run Behavior\ShowPageTraceBehavior [ RunTime:0.001000s ]
INFO: [ app_end ] --END-- [ RunTime:0.001000s ]

[ 2017-07-20T20:44:41+08:00 ] 127.0.0.1 /index.php/Home/User/checkVerify
INFO: [ app_begin ] --START--
INFO: Run Behavior\ReadHtmlCacheBehavior [ RunTime:0.001000s ]
INFO: [ app_begin ] --END-- [ RunTime:0.002000s ]
INFO: [ app_end ] --START--
INFO: Run Behavior\ShowPageTraceBehavior [ RunTime:0.001000s ]
INFO: [ app_end ] --END-- [ RunTime:0.001000s ]

[ 2017-07-20T20:44:43+08:00 ] 127.0.0.1 /index.php/Home/User/login
INFO: [ app_begin ] --START--
INFO: Run Behavior\ReadHtmlCacheBehavior [ RunTime:0.000000s ]
INFO: [ app_begin ] --END-- [ RunTime:0.000000s ]
SQL: SHOW COLUMNS FROM `sp_user` [ RunTime:0.0220s ]
SQL: SELECT * FROM `sp_user` WHERE `username` = 'jack' LIMIT 1   [ RunTime:0.0010s ]
INFO: [ app_end ] --START--
INFO: Run Behavior\ShowPageTraceBehavior [ RunTime:0.002001s ]
INFO: [ app_end ] --END-- [ RunTime:0.002001s ]

[ 2017-07-20T20:44:52+08:00 ] 127.0.0.1 /index.php/Home/Goods/getGoodsDynamic
INFO: [ app_begin ] --START--
INFO: Run Behavior\ReadHtmlCacheBehavior [ RunTime:0.000000s ]
INFO: [ app_begin ] --END-- [ RunTime:0.001000s ]
SQL: SHOW COLUMNS FROM `sp_goods` [ RunTime:0.0240s ]
SQL: SHOW COLUMNS FROM `sp_goods_attr` [ RunTime:0.0140s ]
SQL: SELECT a.attr_id,a.attr_name,group_concat(ga.attr_value) attr_values FROM sp_goods_attr ga INNER JOIN sp_attribute a on ga.attr_id = a.attr_id  WHERE ga.goods_id = '43' AND a.attr_sel = 'many' GROUP BY a.attr_id  [ RunTime:0.0020s ]
SQL: SELECT `goods_number` FROM `sp_goods` WHERE `goods_id` = 43 LIMIT 1   [ RunTime:0.0000s ]
SQL: SELECT * FROM `sp_goods` WHERE `goods_id` = 43 LIMIT 1   [ RunTime:0.0010s ]
SQL: SHOW COLUMNS FROM `sp_user` [ RunTime:0.0130s ]
SQL: SELECT * FROM `sp_user` WHERE `user_id` = 133 LIMIT 1   [ RunTime:0.0010s ]
SQL: SHOW COLUMNS FROM `sp_member_level` [ RunTime:0.1120s ]
SQL: SELECT * FROM `sp_member_level` WHERE `jifen_bottom` <= '10000' AND `jifen_top` >= '10000' LIMIT 1   [ RunTime:0.0010s ]
SQL: SHOW COLUMNS FROM `sp_member_price` [ RunTime:0.0690s ]
SQL: SELECT * FROM `sp_member_price` WHERE `goods_id` = '43' AND `level_id` = '16'  [ RunTime:0.0270s ]
NOTIC: [8] Undefined offset: 0 E:\Web\itshop\Application\Home\Model\GoodsModel.class.php 第 159 行.
INFO: [ app_end ] --START--
INFO: Run Behavior\ShowPageTraceBehavior [ RunTime:0.002000s ]
INFO: [ app_end ] --END-- [ RunTime:0.002000s ]

[ 2017-07-20T20:46:04+08:00 ] 127.0.0.1 /index.php/Home/Goods/getGoodsDynamic
INFO: [ app_begin ] --START--
INFO: Run Behavior\ReadHtmlCacheBehavior [ RunTime:0.001000s ]
INFO: [ app_begin ] --END-- [ RunTime:0.001000s ]
SQL: SHOW COLUMNS FROM `sp_goods` [ RunTime:0.0210s ]
SQL: SHOW COLUMNS FROM `sp_goods_attr` [ RunTime:0.0160s ]
SQL: SELECT a.attr_id,a.attr_name,group_concat(ga.attr_value) attr_values FROM sp_goods_attr ga INNER JOIN sp_attribute a on ga.attr_id = a.attr_id  WHERE ga.goods_id = '43' AND a.attr_sel = 'many' GROUP BY a.attr_id  [ RunTime:0.0020s ]
SQL: SELECT `goods_number` FROM `sp_goods` WHERE `goods_id` = 43 LIMIT 1   [ RunTime:0.0000s ]
SQL: SELECT * FROM `sp_goods` WHERE `goods_id` = 43 LIMIT 1   [ RunTime:0.0010s ]
SQL: SHOW COLUMNS FROM `sp_user` [ RunTime:0.0090s ]
SQL: SELECT * FROM `sp_user` WHERE `user_id` = 133 LIMIT 1   [ RunTime:0.0010s ]
SQL: SHOW COLUMNS FROM `sp_member_level` [ RunTime:0.0120s ]
SQL: SELECT * FROM `sp_member_level` WHERE `jifen_bottom` <= '10000' AND `jifen_top` >= '10000' LIMIT 1   [ RunTime:0.0000s ]
SQL: SHOW COLUMNS FROM `sp_member_price` [ RunTime:0.0110s ]
SQL: SELECT * FROM `sp_member_price` WHERE `goods_id` = '43' AND `level_id` = '16'  [ RunTime:0.0010s ]
NOTIC: [8] Undefined offset: 0 E:\Web\itshop\Application\Home\Model\GoodsModel.class.php 第 159 行.
INFO: [ app_end ] --START--
INFO: Run Behavior\ShowPageTraceBehavior [ RunTime:0.001000s ]
INFO: [ app_end ] --END-- [ RunTime:0.001000s ]

[ 2017-07-20T20:46:51+08:00 ] 127.0.0.1 /index.php/Home/Goods/getGoodsDynamic
INFO: [ app_begin ] --START--
INFO: Run Behavior\ReadHtmlCacheBehavior [ RunTime:0.000000s ]
INFO: [ app_begin ] --END-- [ RunTime:0.001000s ]
SQL: SHOW COLUMNS FROM `sp_goods` [ RunTime:0.0110s ]
SQL: SHOW COLUMNS FROM `sp_goods_attr` [ RunTime:0.0100s ]
SQL: SELECT a.attr_id,a.attr_name,group_concat(ga.attr_value) attr_values FROM sp_goods_attr ga INNER JOIN sp_attribute a on ga.attr_id = a.attr_id  WHERE ga.goods_id = '43' AND a.attr_sel = 'many' GROUP BY a.attr_id  [ RunTime:0.0010s ]
SQL: SELECT `goods_number` FROM `sp_goods` WHERE `goods_id` = 43 LIMIT 1   [ RunTime:0.0010s ]
SQL: SELECT * FROM `sp_goods` WHERE `goods_id` = 43 LIMIT 1   [ RunTime:0.0000s ]
SQL: SHOW COLUMNS FROM `sp_user` [ RunTime:0.0110s ]
SQL: SELECT * FROM `sp_user` WHERE `user_id` = 133 LIMIT 1   [ RunTime:0.0000s ]
SQL: SHOW COLUMNS FROM `sp_member_level` [ RunTime:0.0110s ]
SQL: SELECT * FROM `sp_member_level` WHERE `jifen_bottom` <= '10000' AND `jifen_top` >= '10000' LIMIT 1   [ RunTime:0.0010s ]
SQL: SHOW COLUMNS FROM `sp_member_price` [ RunTime:0.0060s ]
SQL: SELECT * FROM `sp_member_price` WHERE `goods_id` = '43' AND `level_id` = '16'  [ RunTime:0.0000s ]
NOTIC: [8] Undefined offset: 0 E:\Web\itshop\Application\Home\Model\GoodsModel.class.php 第 159 行.
INFO: [ app_end ] --START--
INFO: Run Behavior\ShowPageTraceBehavior [ RunTime:0.001000s ]
INFO: [ app_end ] --END-- [ RunTime:0.001000s ]

[ 2017-07-20T20:48:38+08:00 ] 127.0.0.1 /index.php/Home/Goods/getGoodsDynamic
INFO: [ app_begin ] --START--
INFO: Run Behavior\ReadHtmlCacheBehavior [ RunTime:0.000000s ]
INFO: [ app_begin ] --END-- [ RunTime:0.001000s ]
SQL: SHOW COLUMNS FROM `sp_goods` [ RunTime:0.0120s ]
SQL: SHOW COLUMNS FROM `sp_goods_attr` [ RunTime:0.0120s ]
SQL: SELECT a.attr_id,a.attr_name,group_concat(ga.attr_value) attr_values FROM sp_goods_attr ga INNER JOIN sp_attribute a on ga.attr_id = a.attr_id  WHERE ga.goods_id = '43' AND a.attr_sel = 'many' GROUP BY a.attr_id  [ RunTime:0.0010s ]
SQL: SELECT `goods_number` FROM `sp_goods` WHERE `goods_id` = 43 LIMIT 1   [ RunTime:0.0000s ]
SQL: SELECT * FROM `sp_goods` WHERE `goods_id` = 43 LIMIT 1   [ RunTime:0.0010s ]
SQL: SHOW COLUMNS FROM `sp_user` [ RunTime:0.0090s ]
SQL: SELECT * FROM `sp_user` WHERE `user_id` = 133 LIMIT 1   [ RunTime:0.0000s ]
SQL: SHOW COLUMNS FROM `sp_member_level` [ RunTime:0.0140s ]
SQL: SELECT * FROM `sp_member_level` WHERE `jifen_bottom` <= '10000' AND `jifen_top` >= '10000' LIMIT 1   [ RunTime:0.0010s ]
SQL: SHOW COLUMNS FROM `sp_member_price` [ RunTime:0.0130s ]
SQL: SELECT * FROM `sp_member_price` WHERE `goods_id` = '43' AND `level_id` = '16'  [ RunTime:0.0000s ]
NOTIC: [8] Undefined offset: 0 E:\Web\itshop\Application\Home\Model\GoodsModel.class.php 第 159 行.
INFO: [ app_end ] --START--
INFO: Run Behavior\ShowPageTraceBehavior [ RunTime:0.001000s ]
INFO: [ app_end ] --END-- [ RunTime:0.001000s ]

[ 2017-07-20T20:54:52+08:00 ] 127.0.0.1 /index.php/Home/Goods/getGoodsDynamic
INFO: [ app_begin ] --START--
INFO: Run Behavior\ReadHtmlCacheBehavior [ RunTime:0.001000s ]
INFO: [ app_begin ] --END-- [ RunTime:0.002000s ]
SQL: SHOW COLUMNS FROM `sp_goods` [ RunTime:0.0250s ]
SQL: SHOW COLUMNS FROM `sp_goods_attr` [ RunTime:0.0120s ]
SQL: SELECT a.attr_id,a.attr_name,group_concat(ga.attr_value) attr_values FROM sp_goods_attr ga INNER JOIN sp_attribute a on ga.attr_id = a.attr_id  WHERE ga.goods_id = '43' AND a.attr_sel = 'many' GROUP BY a.attr_id  [ RunTime:0.0030s ]
SQL: SELECT `goods_number` FROM `sp_goods` WHERE `goods_id` = 43 LIMIT 1   [ RunTime:0.0000s ]
SQL: SELECT * FROM `sp_goods` WHERE `goods_id` = 43 LIMIT 1   [ RunTime:0.0010s ]
SQL: SHOW COLUMNS FROM `sp_user` [ RunTime:0.0120s ]
SQL: SELECT * FROM `sp_user` WHERE `user_id` = 133 LIMIT 1   [ RunTime:0.0010s ]
SQL: SHOW COLUMNS FROM `sp_member_level` [ RunTime:0.0110s ]
SQL: SELECT * FROM `sp_member_level` WHERE `jifen_bottom` <= '10000' AND `jifen_top` >= '10000' LIMIT 1   [ RunTime:0.0010s ]
SQL: SHOW COLUMNS FROM `sp_member_price` [ RunTime:0.0120s ]
SQL: SELECT * FROM `sp_member_price` WHERE `goods_id` = '43' AND `level_id` = '16'  [ RunTime:0.0010s ]
NOTIC: [8] Undefined offset: 0 E:\Web\itshop\Application\Home\Model\GoodsModel.class.php 第 159 行.
INFO: [ app_end ] --START--
INFO: Run Behavior\ShowPageTraceBehavior [ RunTime:0.000000s ]
INFO: [ app_end ] --END-- [ RunTime:0.000000s ]

[ 2017-07-20T20:55:15+08:00 ] 127.0.0.1 /index.php/Home/Goods/getGoodsDynamic
INFO: [ app_begin ] --START--
INFO: Run Behavior\ReadHtmlCacheBehavior [ RunTime:0.000000s ]
INFO: [ app_begin ] --END-- [ RunTime:0.000000s ]
SQL: SHOW COLUMNS FROM `sp_goods` [ RunTime:0.0130s ]
SQL: SHOW COLUMNS FROM `sp_goods_attr` [ RunTime:0.0080s ]
SQL: SELECT a.attr_id,a.attr_name,group_concat(ga.attr_value) attr_values FROM sp_goods_attr ga INNER JOIN sp_attribute a on ga.attr_id = a.attr_id  WHERE ga.goods_id = '43' AND a.attr_sel = 'many' GROUP BY a.attr_id  [ RunTime:0.0010s ]
SQL: SELECT `goods_number` FROM `sp_goods` WHERE `goods_id` = 43 LIMIT 1   [ RunTime:0.0000s ]
SQL: SELECT * FROM `sp_goods` WHERE `goods_id` = 43 LIMIT 1   [ RunTime:0.0000s ]
SQL: SHOW COLUMNS FROM `sp_user` [ RunTime:0.0120s ]
SQL: SELECT * FROM `sp_user` WHERE `user_id` = 133 LIMIT 1   [ RunTime:0.0010s ]
SQL: SHOW COLUMNS FROM `sp_member_level` [ RunTime:0.0120s ]
SQL: SELECT * FROM `sp_member_level` WHERE `jifen_bottom` <= '10000' AND `jifen_top` >= '10000' LIMIT 1   [ RunTime:0.0000s ]
SQL: SHOW COLUMNS FROM `sp_member_price` [ RunTime:0.0130s ]
SQL: SELECT * FROM `sp_member_price` WHERE `goods_id` = '43' AND `level_id` = '16'  [ RunTime:0.0010s ]
NOTIC: [8] Undefined offset: 0 E:\Web\itshop\Application\Home\Model\GoodsModel.class.php 第 159 行.
INFO: [ app_end ] --START--
INFO: Run Behavior\ShowPageTraceBehavior [ RunTime:0.000000s ]
INFO: [ app_end ] --END-- [ RunTime:0.000000s ]

[ 2017-07-20T20:55:28+08:00 ] 127.0.0.1 /index.php/Home/Goods/getGoodsDynamic
INFO: [ app_begin ] --START--
INFO: Run Behavior\ReadHtmlCacheBehavior [ RunTime:0.000000s ]
INFO: [ app_begin ] --END-- [ RunTime:0.001000s ]
SQL: SHOW COLUMNS FROM `sp_goods` [ RunTime:0.0120s ]
SQL: SHOW COLUMNS FROM `sp_goods_attr` [ RunTime:0.0130s ]
SQL: SELECT a.attr_id,a.attr_name,group_concat(ga.attr_value) attr_values FROM sp_goods_attr ga INNER JOIN sp_attribute a on ga.attr_id = a.attr_id  WHERE ga.goods_id = '43' AND a.attr_sel = 'many' GROUP BY a.attr_id  [ RunTime:0.0020s ]
SQL: SELECT `goods_number` FROM `sp_goods` WHERE `goods_id` = 43 LIMIT 1   [ RunTime:0.0010s ]
SQL: SELECT * FROM `sp_goods` WHERE `goods_id` = 43 LIMIT 1   [ RunTime:0.0000s ]
SQL: SHOW COLUMNS FROM `sp_user` [ RunTime:0.0140s ]
SQL: SELECT * FROM `sp_user` WHERE `user_id` = 133 LIMIT 1   [ RunTime:0.0000s ]
SQL: SHOW COLUMNS FROM `sp_member_level` [ RunTime:0.0130s ]
SQL: SELECT * FROM `sp_member_level` WHERE `jifen_bottom` <= '10000' AND `jifen_top` >= '10000' LIMIT 1   [ RunTime:0.0000s ]
SQL: SHOW COLUMNS FROM `sp_member_price` [ RunTime:0.0130s ]
SQL: SELECT * FROM `sp_member_price` WHERE `goods_id` = '43' AND `level_id` = '16'  [ RunTime:0.0010s ]
NOTIC: [8] Undefined offset: 0 E:\Web\itshop\Application\Home\Model\GoodsModel.class.php 第 159 行.
INFO: [ app_end ] --START--
INFO: Run Behavior\ShowPageTraceBehavior [ RunTime:0.001000s ]
INFO: [ app_end ] --END-- [ RunTime:0.001000s ]

[ 2017-07-20T20:55:37+08:00 ] 127.0.0.1 /index.php/Home/Goods/getGoodsDynamic
INFO: [ app_begin ] --START--
INFO: Run Behavior\ReadHtmlCacheBehavior [ RunTime:0.000000s ]
INFO: [ app_begin ] --END-- [ RunTime:0.001000s ]
SQL: SHOW COLUMNS FROM `sp_goods` [ RunTime:0.0060s ]
SQL: SHOW COLUMNS FROM `sp_goods_attr` [ RunTime:0.0130s ]
SQL: SELECT a.attr_id,a.attr_name,group_concat(ga.attr_value) attr_values FROM sp_goods_attr ga INNER JOIN sp_attribute a on ga.attr_id = a.attr_id  WHERE ga.goods_id = '43' AND a.attr_sel = 'many' GROUP BY a.attr_id  [ RunTime:0.0010s ]
SQL: SELECT `goods_number` FROM `sp_goods` WHERE `goods_id` = 43 LIMIT 1   [ RunTime:0.0010s ]
SQL: SELECT * FROM `sp_goods` WHERE `goods_id` = 43 LIMIT 1   [ RunTime:0.0000s ]
SQL: SHOW COLUMNS FROM `sp_user` [ RunTime:0.0080s ]
SQL: SELECT * FROM `sp_user` WHERE `user_id` = 133 LIMIT 1   [ RunTime:0.0010s ]
SQL: SHOW COLUMNS FROM `sp_member_level` [ RunTime:0.0110s ]
SQL: SELECT * FROM `sp_member_level` WHERE `jifen_bottom` <= '10000' AND `jifen_top` >= '10000' LIMIT 1   [ RunTime:0.0000s ]
SQL: SHOW COLUMNS FROM `sp_member_price` [ RunTime:0.0090s ]
SQL: SELECT * FROM `sp_member_price` WHERE `goods_id` = '43' AND `level_id` = '16'  [ RunTime:0.0010s ]
NOTIC: [8] Undefined offset: 0 E:\Web\itshop\Application\Home\Model\GoodsModel.class.php 第 159 行.
INFO: [ app_end ] --START--
INFO: Run Behavior\ShowPageTraceBehavior [ RunTime:0.000000s ]
INFO: [ app_end ] --END-- [ RunTime:0.000000s ]

[ 2017-07-20T20:56:17+08:00 ] 127.0.0.1 /index.php/Home/Goods/getGoodsDynamic
INFO: [ app_begin ] --START--
INFO: Run Behavior\ReadHtmlCacheBehavior [ RunTime:0.000000s ]
INFO: [ app_begin ] --END-- [ RunTime:0.001000s ]
SQL: SHOW COLUMNS FROM `sp_goods` [ RunTime:0.0160s ]
SQL: SHOW COLUMNS FROM `sp_goods_attr` [ RunTime:0.0130s ]
SQL: SELECT a.attr_id,a.attr_name,group_concat(ga.attr_value) attr_values FROM sp_goods_attr ga INNER JOIN sp_attribute a on ga.attr_id = a.attr_id  WHERE ga.goods_id = '43' AND a.attr_sel = 'many' GROUP BY a.attr_id  [ RunTime:0.0020s ]
SQL: SELECT `goods_number` FROM `sp_goods` WHERE `goods_id` = 43 LIMIT 1   [ RunTime:0.0010s ]
SQL: SELECT * FROM `sp_goods` WHERE `goods_id` = 43 LIMIT 1   [ RunTime:0.0000s ]
SQL: SHOW COLUMNS FROM `sp_user` [ RunTime:0.0160s ]
SQL: SELECT * FROM `sp_user` WHERE `user_id` = 133 LIMIT 1   [ RunTime:0.0000s ]
SQL: SHOW COLUMNS FROM `sp_member_level` [ RunTime:0.0160s ]
SQL: SELECT * FROM `sp_member_level` WHERE `jifen_bottom` <= '10000' AND `jifen_top` >= '10000' LIMIT 1   [ RunTime:0.0000s ]
SQL: SHOW COLUMNS FROM `sp_member_price` [ RunTime:0.0170s ]
SQL: SELECT * FROM `sp_member_price` WHERE `goods_id` = '43' AND `level_id` = '16'  [ RunTime:0.0000s ]
NOTIC: [8] Undefined offset: 0 E:\Web\itshop\Application\Home\Model\GoodsModel.class.php 第 159 行.
INFO: [ app_end ] --START--
INFO: Run Behavior\ShowPageTraceBehavior [ RunTime:0.001000s ]
INFO: [ app_end ] --END-- [ RunTime:0.001000s ]

[ 2017-07-20T20:56:36+08:00 ] 127.0.0.1 /index.php/Home/Goods/getGoodsDynamic
INFO: [ app_begin ] --START--
INFO: Run Behavior\ReadHtmlCacheBehavior [ RunTime:0.001000s ]
INFO: [ app_begin ] --END-- [ RunTime:0.001000s ]
SQL: SHOW COLUMNS FROM `sp_goods` [ RunTime:0.0120s ]
SQL: SHOW COLUMNS FROM `sp_goods_attr` [ RunTime:0.0130s ]
SQL: SELECT a.attr_id,a.attr_name,group_concat(ga.attr_value) attr_values FROM sp_goods_attr ga INNER JOIN sp_attribute a on ga.attr_id = a.attr_id  WHERE ga.goods_id = '43' AND a.attr_sel = 'many' GROUP BY a.attr_id  [ RunTime:0.0010s ]
SQL: SELECT `goods_number` FROM `sp_goods` WHERE `goods_id` = 43 LIMIT 1   [ RunTime:0.0000s ]
SQL: SELECT * FROM `sp_goods` WHERE `goods_id` = 43 LIMIT 1   [ RunTime:0.0010s ]
SQL: SHOW COLUMNS FROM `sp_user` [ RunTime:0.0110s ]
SQL: SELECT * FROM `sp_user` WHERE `user_id` = 133 LIMIT 1   [ RunTime:0.0000s ]
SQL: SHOW COLUMNS FROM `sp_member_level` [ RunTime:0.0160s ]
SQL: SELECT * FROM `sp_member_level` WHERE `jifen_bottom` <= '10000' AND `jifen_top` >= '10000' LIMIT 1   [ RunTime:0.0000s ]
SQL: SHOW COLUMNS FROM `sp_member_price` [ RunTime:0.0110s ]
SQL: SELECT * FROM `sp_member_price` WHERE `goods_id` = '43' AND `level_id` = '16'  [ RunTime:0.0000s ]
NOTIC: [8] Undefined offset: 0 E:\Web\itshop\Application\Home\Model\GoodsModel.class.php 第 159 行.
INFO: [ app_end ] --START--
INFO: Run Behavior\ShowPageTraceBehavior [ RunTime:0.001000s ]
INFO: [ app_end ] --END-- [ RunTime:0.001000s ]

[ 2017-07-20T20:57:44+08:00 ] 127.0.0.1 /index.php/Home/Goods/getGoodsDynamic
INFO: [ app_begin ] --START--
INFO: Run Behavior\ReadHtmlCacheBehavior [ RunTime:0.001000s ]
INFO: [ app_begin ] --END-- [ RunTime:0.001000s ]
SQL: SHOW COLUMNS FROM `sp_goods` [ RunTime:0.0160s ]
SQL: SHOW COLUMNS FROM `sp_goods_attr` [ RunTime:0.0070s ]
SQL: SELECT a.attr_id,a.attr_name,group_concat(ga.attr_value) attr_values FROM sp_goods_attr ga INNER JOIN sp_attribute a on ga.attr_id = a.attr_id  WHERE ga.goods_id = '43' AND a.attr_sel = 'many' GROUP BY a.attr_id  [ RunTime:0.0010s ]
SQL: SELECT `goods_number` FROM `sp_goods` WHERE `goods_id` = 43 LIMIT 1   [ RunTime:0.0000s ]
SQL: SELECT * FROM `sp_goods` WHERE `goods_id` = 43 LIMIT 1   [ RunTime:0.0000s ]
SQL: SHOW COLUMNS FROM `sp_user` [ RunTime:0.0080s ]
SQL: SELECT * FROM `sp_user` WHERE `user_id` = 133 LIMIT 1   [ RunTime:0.0010s ]
SQL: SHOW COLUMNS FROM `sp_member_level` [ RunTime:0.0150s ]
SQL: SELECT * FROM `sp_member_level` WHERE `jifen_bottom` <= '10000' AND `jifen_top` >= '10000' LIMIT 1   [ RunTime:0.0000s ]
SQL: SHOW COLUMNS FROM `sp_member_price` [ RunTime:0.0140s ]
SQL: SELECT * FROM `sp_member_price` WHERE `goods_id` = '43' AND `level_id` = '16'  [ RunTime:0.0000s ]
NOTIC: [8] Undefined offset: 0 E:\Web\itshop\Application\Home\Model\GoodsModel.class.php 第 159 行.
INFO: [ app_end ] --START--
INFO: Run Behavior\ShowPageTraceBehavior [ RunTime:0.000000s ]
INFO: [ app_end ] --END-- [ RunTime:0.000000s ]

[ 2017-07-20T20:57:53+08:00 ] 127.0.0.1 /index.php/Home/Goods/getGoodsDynamic
INFO: [ app_begin ] --START--
INFO: Run Behavior\ReadHtmlCacheBehavior [ RunTime:0.001000s ]
INFO: [ app_begin ] --END-- [ RunTime:0.002001s ]
SQL: SHOW COLUMNS FROM `sp_goods` [ RunTime:0.0130s ]
SQL: SHOW COLUMNS FROM `sp_goods_attr` [ RunTime:0.0160s ]
SQL: SELECT a.attr_id,a.attr_name,group_concat(ga.attr_value) attr_values FROM sp_goods_attr ga INNER JOIN sp_attribute a on ga.attr_id = a.attr_id  WHERE ga.goods_id = '43' AND a.attr_sel = 'many' GROUP BY a.attr_id  [ RunTime:0.0020s ]
SQL: SELECT `goods_number` FROM `sp_goods` WHERE `goods_id` = 43 LIMIT 1   [ RunTime:0.0000s ]
SQL: SELECT * FROM `sp_goods` WHERE `goods_id` = 43 LIMIT 1   [ RunTime:0.0010s ]
SQL: SHOW COLUMNS FROM `sp_user` [ RunTime:0.0080s ]
SQL: SELECT * FROM `sp_user` WHERE `user_id` = 133 LIMIT 1   [ RunTime:0.0010s ]
SQL: SHOW COLUMNS FROM `sp_member_level` [ RunTime:0.0060s ]
SQL: SELECT * FROM `sp_member_level` WHERE `jifen_bottom` <= '10000' AND `jifen_top` >= '10000' LIMIT 1   [ RunTime:0.0000s ]
SQL: SHOW COLUMNS FROM `sp_member_price` [ RunTime:0.0100s ]
SQL: SELECT * FROM `sp_member_price` WHERE `goods_id` = '43' AND `level_id` = '16'  [ RunTime:0.0010s ]
NOTIC: [8] Undefined offset: 0 E:\Web\itshop\Application\Home\Model\GoodsModel.class.php 第 159 行.
INFO: [ app_end ] --START--
INFO: Run Behavior\ShowPageTraceBehavior [ RunTime:0.001001s ]
INFO: [ app_end ] --END-- [ RunTime:0.001001s ]

[ 2017-07-20T20:58:04+08:00 ] 127.0.0.1 /index.php/Home/Goods/getGoodsDynamic
INFO: [ app_begin ] --START--
INFO: Run Behavior\ReadHtmlCacheBehavior [ RunTime:0.001000s ]
INFO: [ app_begin ] --END-- [ RunTime:0.001000s ]
SQL: SHOW COLUMNS FROM `sp_goods` [ RunTime:0.0180s ]
SQL: SHOW COLUMNS FROM `sp_goods_attr` [ RunTime:0.0070s ]
SQL: SELECT a.attr_id,a.attr_name,group_concat(ga.attr_value) attr_values FROM sp_goods_attr ga INNER JOIN sp_attribute a on ga.attr_id = a.attr_id  WHERE ga.goods_id = '43' AND a.attr_sel = 'many' GROUP BY a.attr_id  [ RunTime:0.0030s ]
SQL: SELECT `goods_number` FROM `sp_goods` WHERE `goods_id` = 43 LIMIT 1   [ RunTime:0.0000s ]
SQL: SELECT * FROM `sp_goods` WHERE `goods_id` = 43 LIMIT 1   [ RunTime:0.0010s ]
SQL: SHOW COLUMNS FROM `sp_user` [ RunTime:0.0120s ]
SQL: SELECT * FROM `sp_user` WHERE `user_id` = 133 LIMIT 1   [ RunTime:0.0010s ]
SQL: SHOW COLUMNS FROM `sp_member_level` [ RunTime:0.0140s ]
SQL: SELECT * FROM `sp_member_level` WHERE `jifen_bottom` <= '10000' AND `jifen_top` >= '10000' LIMIT 1   [ RunTime:0.0010s ]
SQL: SHOW COLUMNS FROM `sp_member_price` [ RunTime:0.0120s ]
SQL: SELECT * FROM `sp_member_price` WHERE `goods_id` = '43' AND `level_id` = '16'  [ RunTime:0.0010s ]
NOTIC: [8] Undefined offset: 0 E:\Web\itshop\Application\Home\Model\GoodsModel.class.php 第 159 行.
INFO: [ app_end ] --START--
INFO: Run Behavior\ShowPageTraceBehavior [ RunTime:0.000000s ]
INFO: [ app_end ] --END-- [ RunTime:0.000000s ]

[ 2017-07-20T20:59:16+08:00 ] 127.0.0.1 /index.php/Home/Goods/getGoodsDynamic
INFO: [ app_begin ] --START--
INFO: Run Behavior\ReadHtmlCacheBehavior [ RunTime:0.001000s ]
INFO: [ app_begin ] --END-- [ RunTime:0.001000s ]
SQL: SHOW COLUMNS FROM `sp_goods` [ RunTime:0.0120s ]
SQL: SHOW COLUMNS FROM `sp_goods_attr` [ RunTime:0.0130s ]
SQL: SELECT a.attr_id,a.attr_name,group_concat(ga.attr_value) attr_values FROM sp_goods_attr ga INNER JOIN sp_attribute a on ga.attr_id = a.attr_id  WHERE ga.goods_id = '43' AND a.attr_sel = 'many' GROUP BY a.attr_id  [ RunTime:0.0020s ]
SQL: SELECT `goods_number` FROM `sp_goods` WHERE `goods_id` = 43 LIMIT 1   [ RunTime:0.0000s ]
SQL: SELECT * FROM `sp_goods` WHERE `goods_id` = 43 LIMIT 1   [ RunTime:0.0000s ]
SQL: SHOW COLUMNS FROM `sp_user` [ RunTime:0.0110s ]
SQL: SELECT * FROM `sp_user` WHERE `user_id` = 133 LIMIT 1   [ RunTime:0.0000s ]
SQL: SHOW COLUMNS FROM `sp_member_level` [ RunTime:0.0050s ]
SQL: SELECT * FROM `sp_member_level` WHERE `jifen_bottom` <= '10000' AND `jifen_top` >= '10000' LIMIT 1   [ RunTime:0.0000s ]
SQL: SHOW COLUMNS FROM `sp_member_price` [ RunTime:0.0120s ]
SQL: SELECT * FROM `sp_member_price` WHERE `goods_id` = '43' AND `level_id` = '16'  [ RunTime:0.0000s ]
NOTIC: [8] Undefined offset: 0 E:\Web\itshop\Application\Home\Model\GoodsModel.class.php 第 159 行.
INFO: [ app_end ] --START--
INFO: Run Behavior\ShowPageTraceBehavior [ RunTime:0.001000s ]
INFO: [ app_end ] --END-- [ RunTime:0.001000s ]

[ 2017-07-20T20:59:50+08:00 ] 127.0.0.1 /index.php/Home/Goods/getGoodsDynamic
INFO: [ app_begin ] --START--
INFO: Run Behavior\ReadHtmlCacheBehavior [ RunTime:0.001000s ]
INFO: [ app_begin ] --END-- [ RunTime:0.001000s ]
SQL: SHOW COLUMNS FROM `sp_goods` [ RunTime:0.0160s ]
SQL: SHOW COLUMNS FROM `sp_goods_attr` [ RunTime:0.0140s ]
SQL: SELECT a.attr_id,a.attr_name,group_concat(ga.attr_value) attr_values FROM sp_goods_attr ga INNER JOIN sp_attribute a on ga.attr_id = a.attr_id  WHERE ga.goods_id = '43' AND a.attr_sel = 'many' GROUP BY a.attr_id  [ RunTime:0.0030s ]
SQL: SELECT `goods_number` FROM `sp_goods` WHERE `goods_id` = 43 LIMIT 1   [ RunTime:0.0000s ]
SQL: SELECT * FROM `sp_goods` WHERE `goods_id` = 43 LIMIT 1   [ RunTime:0.0000s ]
SQL: SHOW COLUMNS FROM `sp_user` [ RunTime:0.0170s ]
SQL: SELECT * FROM `sp_user` WHERE `user_id` = 133 LIMIT 1   [ RunTime:0.0010s ]
SQL: SHOW COLUMNS FROM `sp_member_level` [ RunTime:0.0170s ]
SQL: SELECT * FROM `sp_member_level` WHERE `jifen_bottom` <= '10000' AND `jifen_top` >= '10000' LIMIT 1   [ RunTime:0.0000s ]
SQL: SHOW COLUMNS FROM `sp_member_price` [ RunTime:0.0150s ]
SQL: SELECT * FROM `sp_member_price` WHERE `goods_id` = '43' AND `level_id` = '16'  [ RunTime:0.0000s ]
NOTIC: [8] Undefined offset: 0 E:\Web\itshop\Application\Home\Model\GoodsModel.class.php 第 159 行.
INFO: [ app_end ] --START--
INFO: Run Behavior\ShowPageTraceBehavior [ RunTime:0.001000s ]
INFO: [ app_end ] --END-- [ RunTime:0.001000s ]

[ 2017-07-20T21:03:33+08:00 ] 127.0.0.1 /index.php/Home/Goods/getGoodsDynamic
INFO: [ app_begin ] --START--
INFO: Run Behavior\ReadHtmlCacheBehavior [ RunTime:0.000000s ]
INFO: [ app_begin ] --END-- [ RunTime:0.001000s ]
SQL: SHOW COLUMNS FROM `sp_goods` [ RunTime:0.0210s ]
SQL: SHOW COLUMNS FROM `sp_goods_attr` [ RunTime:0.0140s ]
SQL: SELECT a.attr_id,a.attr_name,group_concat(ga.attr_value) attr_values FROM sp_goods_attr ga INNER JOIN sp_attribute a on ga.attr_id = a.attr_id  WHERE ga.goods_id = '43' AND a.attr_sel = 'many' GROUP BY a.attr_id  [ RunTime:0.0020s ]
SQL: SELECT `goods_number` FROM `sp_goods` WHERE `goods_id` = 43 LIMIT 1   [ RunTime:0.0010s ]
SQL: SELECT * FROM `sp_goods` WHERE `goods_id` = 43 LIMIT 1   [ RunTime:0.0000s ]
SQL: SHOW COLUMNS FROM `sp_user` [ RunTime:0.0120s ]
SQL: SELECT * FROM `sp_user` WHERE `user_id` = 133 LIMIT 1   [ RunTime:0.0000s ]
SQL: SHOW COLUMNS FROM `sp_member_level` [ RunTime:0.0100s ]
SQL: SELECT * FROM `sp_member_level` WHERE `jifen_bottom` <= '10000' AND `jifen_top` >= '10000' LIMIT 1   [ RunTime:0.0010s ]
SQL: SHOW COLUMNS FROM `sp_member_price` [ RunTime:0.0090s ]
SQL: SELECT * FROM `sp_member_price` WHERE `goods_id` = '43' AND `level_id` = '16'  [ RunTime:0.0000s ]
NOTIC: [8] Undefined offset: 0 E:\Web\itshop\Application\Home\Model\GoodsModel.class.php 第 159 行.
INFO: [ app_end ] --START--
INFO: Run Behavior\ShowPageTraceBehavior [ RunTime:0.001000s ]
INFO: [ app_end ] --END-- [ RunTime:0.001000s ]

[ 2017-07-20T21:03:49+08:00 ] 127.0.0.1 /index.php/Home/Goods/getGoodsDynamic
INFO: [ app_begin ] --START--
INFO: Run Behavior\ReadHtmlCacheBehavior [ RunTime:0.000000s ]
INFO: [ app_begin ] --END-- [ RunTime:0.001000s ]
SQL: SHOW COLUMNS FROM `sp_goods` [ RunTime:0.0180s ]
SQL: SHOW COLUMNS FROM `sp_goods_attr` [ RunTime:0.0090s ]
SQL: SELECT a.attr_id,a.attr_name,group_concat(ga.attr_value) attr_values FROM sp_goods_attr ga INNER JOIN sp_attribute a on ga.attr_id = a.attr_id  WHERE ga.goods_id = '43' AND a.attr_sel = 'many' GROUP BY a.attr_id  [ RunTime:0.0010s ]
SQL: SELECT `goods_number` FROM `sp_goods` WHERE `goods_id` = 43 LIMIT 1   [ RunTime:0.0000s ]
SQL: SELECT * FROM `sp_goods` WHERE `goods_id` = 43 LIMIT 1   [ RunTime:0.0010s ]
SQL: SHOW COLUMNS FROM `sp_user` [ RunTime:0.0120s ]
SQL: SELECT * FROM `sp_user` WHERE `user_id` = 133 LIMIT 1   [ RunTime:0.0000s ]
SQL: SHOW COLUMNS FROM `sp_member_level` [ RunTime:0.0150s ]
SQL: SELECT * FROM `sp_member_level` WHERE `jifen_bottom` <= '10000' AND `jifen_top` >= '10000' LIMIT 1   [ RunTime:0.0000s ]
SQL: SHOW COLUMNS FROM `sp_member_price` [ RunTime:0.0190s ]
SQL: SELECT * FROM `sp_member_price` WHERE `goods_id` = '43' AND `level_id` = '16'  [ RunTime:0.0000s ]
NOTIC: [8] Undefined offset: 0 E:\Web\itshop\Application\Home\Model\GoodsModel.class.php 第 159 行.
INFO: [ app_end ] --START--
INFO: Run Behavior\ShowPageTraceBehavior [ RunTime:0.002000s ]
INFO: [ app_end ] --END-- [ RunTime:0.002000s ]

[ 2017-07-20T21:04:01+08:00 ] 127.0.0.1 /index.php/Home/Goods/getGoodsDynamic
INFO: [ app_begin ] --START--
INFO: Run Behavior\ReadHtmlCacheBehavior [ RunTime:0.001000s ]
INFO: [ app_begin ] --END-- [ RunTime:0.001000s ]
SQL: SHOW COLUMNS FROM `sp_goods` [ RunTime:0.0140s ]
SQL: SHOW COLUMNS FROM `sp_goods_attr` [ RunTime:0.0130s ]
SQL: SELECT a.attr_id,a.attr_name,group_concat(ga.attr_value) attr_values FROM sp_goods_attr ga INNER JOIN sp_attribute a on ga.attr_id = a.attr_id  WHERE ga.goods_id = '43' AND a.attr_sel = 'many' GROUP BY a.attr_id  [ RunTime:0.0020s ]
SQL: SELECT `goods_number` FROM `sp_goods` WHERE `goods_id` = 43 LIMIT 1   [ RunTime:0.0010s ]
SQL: SELECT * FROM `sp_goods` WHERE `goods_id` = 43 LIMIT 1   [ RunTime:0.0000s ]
SQL: SHOW COLUMNS FROM `sp_user` [ RunTime:0.0120s ]
SQL: SELECT * FROM `sp_user` WHERE `user_id` = 133 LIMIT 1   [ RunTime:0.0010s ]
SQL: SHOW COLUMNS FROM `sp_member_level` [ RunTime:0.0110s ]
SQL: SELECT * FROM `sp_member_level` WHERE `jifen_bottom` <= '10000' AND `jifen_top` >= '10000' LIMIT 1   [ RunTime:0.0000s ]
SQL: SHOW COLUMNS FROM `sp_member_price` [ RunTime:0.0080s ]
SQL: SELECT * FROM `sp_member_price` WHERE `goods_id` = '43' AND `level_id` = '16'  [ RunTime:0.0010s ]
NOTIC: [8] Undefined offset: 0 E:\Web\itshop\Application\Home\Model\GoodsModel.class.php 第 159 行.
INFO: [ app_end ] --START--
INFO: Run Behavior\ShowPageTraceBehavior [ RunTime:0.001000s ]
INFO: [ app_end ] --END-- [ RunTime:0.001000s ]

[ 2017-07-20T21:04:23+08:00 ] 127.0.0.1 /index.php/Home/Goods/getGoodsDynamic
INFO: [ app_begin ] --START--
INFO: Run Behavior\ReadHtmlCacheBehavior [ RunTime:0.000000s ]
INFO: [ app_begin ] --END-- [ RunTime:0.001000s ]
SQL: SHOW COLUMNS FROM `sp_goods` [ RunTime:0.0130s ]
SQL: SHOW COLUMNS FROM `sp_goods_attr` [ RunTime:0.0130s ]
SQL: SELECT a.attr_id,a.attr_name,group_concat(ga.attr_value) attr_values FROM sp_goods_attr ga INNER JOIN sp_attribute a on ga.attr_id = a.attr_id  WHERE ga.goods_id = '43' AND a.attr_sel = 'many' GROUP BY a.attr_id  [ RunTime:0.0020s ]
SQL: SELECT `goods_number` FROM `sp_goods` WHERE `goods_id` = 43 LIMIT 1   [ RunTime:0.0000s ]
SQL: SELECT * FROM `sp_goods` WHERE `goods_id` = 43 LIMIT 1   [ RunTime:0.0000s ]
SQL: SHOW COLUMNS FROM `sp_user` [ RunTime:0.0130s ]
SQL: SELECT * FROM `sp_user` WHERE `user_id` = 133 LIMIT 1   [ RunTime:0.0000s ]
SQL: SHOW COLUMNS FROM `sp_member_level` [ RunTime:0.0120s ]
SQL: SELECT * FROM `sp_member_level` WHERE `jifen_bottom` <= '10000' AND `jifen_top` >= '10000' LIMIT 1   [ RunTime:0.0000s ]
SQL: SHOW COLUMNS FROM `sp_member_price` [ RunTime:0.0140s ]
SQL: SELECT * FROM `sp_member_price` WHERE `goods_id` = '43' AND `level_id` = '16'  [ RunTime:0.0000s ]
NOTIC: [8] Undefined offset: 0 E:\Web\itshop\Application\Home\Model\GoodsModel.class.php 第 159 行.
INFO: [ app_end ] --START--
INFO: Run Behavior\ShowPageTraceBehavior [ RunTime:0.001000s ]
INFO: [ app_end ] --END-- [ RunTime:0.001000s ]

[ 2017-07-20T21:05:31+08:00 ] 127.0.0.1 /index.php/Home/Goods/getGoodsDynamic
INFO: [ app_begin ] --START--
INFO: Run Behavior\ReadHtmlCacheBehavior [ RunTime:0.001000s ]
INFO: [ app_begin ] --END-- [ RunTime:0.002000s ]
SQL: SHOW COLUMNS FROM `sp_goods` [ RunTime:0.0200s ]
SQL: SHOW COLUMNS FROM `sp_goods_attr` [ RunTime:0.0100s ]
SQL: SELECT a.attr_id,a.attr_name,group_concat(ga.attr_value) attr_values FROM sp_goods_attr ga INNER JOIN sp_attribute a on ga.attr_id = a.attr_id  WHERE ga.goods_id = '43' AND a.attr_sel = 'many' GROUP BY a.attr_id  [ RunTime:0.0020s ]
SQL: SELECT `goods_number` FROM `sp_goods` WHERE `goods_id` = 43 LIMIT 1   [ RunTime:0.0000s ]
SQL: SELECT * FROM `sp_goods` WHERE `goods_id` = 43 LIMIT 1   [ RunTime:0.0000s ]
SQL: SHOW COLUMNS FROM `sp_user` [ RunTime:0.0130s ]
SQL: SELECT * FROM `sp_user` WHERE `user_id` = 133 LIMIT 1   [ RunTime:0.0010s ]
SQL: SHOW COLUMNS FROM `sp_member_level` [ RunTime:0.0120s ]
SQL: SELECT * FROM `sp_member_level` WHERE `jifen_bottom` <= '10000' AND `jifen_top` >= '10000' LIMIT 1   [ RunTime:0.0000s ]
SQL: SHOW COLUMNS FROM `sp_member_price` [ RunTime:0.0140s ]
SQL: SELECT * FROM `sp_member_price` WHERE `goods_id` = '43' AND `level_id` = '16'  [ RunTime:0.0010s ]
NOTIC: [8] Undefined offset: 0 E:\Web\itshop\Application\Home\Model\GoodsModel.class.php 第 159 行.
INFO: [ app_end ] --START--
INFO: Run Behavior\ShowPageTraceBehavior [ RunTime:0.001000s ]
INFO: [ app_end ] --END-- [ RunTime:0.001000s ]

[ 2017-07-20T21:06:27+08:00 ] 127.0.0.1 /index.php/Home/Goods/getGoodsDynamic
INFO: [ app_begin ] --START--
INFO: Run Behavior\ReadHtmlCacheBehavior [ RunTime:0.000000s ]
INFO: [ app_begin ] --END-- [ RunTime:0.001000s ]
SQL: SHOW COLUMNS FROM `sp_goods` [ RunTime:0.0130s ]
SQL: SHOW COLUMNS FROM `sp_goods_attr` [ RunTime:0.0140s ]
SQL: SELECT a.attr_id,a.attr_name,group_concat(ga.attr_value) attr_values FROM sp_goods_attr ga INNER JOIN sp_attribute a on ga.attr_id = a.attr_id  WHERE ga.goods_id = '43' AND a.attr_sel = 'many' GROUP BY a.attr_id  [ RunTime:0.0020s ]
SQL: SELECT `goods_number` FROM `sp_goods` WHERE `goods_id` = 43 LIMIT 1   [ RunTime:0.0000s ]
SQL: SELECT * FROM `sp_goods` WHERE `goods_id` = 43 LIMIT 1   [ RunTime:0.0000s ]
SQL: SHOW COLUMNS FROM `sp_user` [ RunTime:0.0140s ]
SQL: SELECT * FROM `sp_user` WHERE `user_id` = 133 LIMIT 1   [ RunTime:0.0010s ]
SQL: SHOW COLUMNS FROM `sp_member_level` [ RunTime:0.0180s ]
SQL: SELECT * FROM `sp_member_level` WHERE `jifen_bottom` <= '10000' AND `jifen_top` >= '10000' LIMIT 1   [ RunTime:0.0000s ]
SQL: SHOW COLUMNS FROM `sp_member_price` [ RunTime:0.0150s ]
SQL: SELECT * FROM `sp_member_price` WHERE `goods_id` = '43' AND `level_id` = '16'  [ RunTime:0.0000s ]
NOTIC: [8] Undefined offset: 0 E:\Web\itshop\Application\Home\Model\GoodsModel.class.php 第 159 行.
INFO: [ app_end ] --START--
INFO: Run Behavior\ShowPageTraceBehavior [ RunTime:0.001000s ]
INFO: [ app_end ] --END-- [ RunTime:0.001000s ]

[ 2017-07-20T21:06:53+08:00 ] 127.0.0.1 /index.php/Home/Goods/getGoodsDynamic
INFO: [ app_begin ] --START--
INFO: Run Behavior\ReadHtmlCacheBehavior [ RunTime:0.001000s ]
INFO: [ app_begin ] --END-- [ RunTime:0.001000s ]
SQL: SHOW COLUMNS FROM `sp_goods` [ RunTime:0.0100s ]
SQL: SHOW COLUMNS FROM `sp_goods_attr` [ RunTime:0.0060s ]
SQL: SELECT a.attr_id,a.attr_name,group_concat(ga.attr_value) attr_values FROM sp_goods_attr ga INNER JOIN sp_attribute a on ga.attr_id = a.attr_id  WHERE ga.goods_id = '43' AND a.attr_sel = 'many' GROUP BY a.attr_id  [ RunTime:0.0020s ]
SQL: SELECT `goods_number` FROM `sp_goods` WHERE `goods_id` = 43 LIMIT 1   [ RunTime:0.0010s ]
SQL: SELECT * FROM `sp_goods` WHERE `goods_id` = 43 LIMIT 1   [ RunTime:0.0000s ]
SQL: SHOW COLUMNS FROM `sp_user` [ RunTime:0.0080s ]
SQL: SELECT * FROM `sp_user` WHERE `user_id` = 133 LIMIT 1   [ RunTime:0.0010s ]
SQL: SHOW COLUMNS FROM `sp_member_level` [ RunTime:0.0070s ]
SQL: SELECT * FROM `sp_member_level` WHERE `jifen_bottom` <= '10000' AND `jifen_top` >= '10000' LIMIT 1   [ RunTime:0.0010s ]
SQL: SHOW COLUMNS FROM `sp_member_price` [ RunTime:0.0060s ]
SQL: SELECT * FROM `sp_member_price` WHERE `goods_id` = '43' AND `level_id` = '16'  [ RunTime:0.0010s ]
NOTIC: [8] Undefined offset: 0 E:\Web\itshop\Application\Home\Model\GoodsModel.class.php 第 159 行.
INFO: [ app_end ] --START--
INFO: Run Behavior\ShowPageTraceBehavior [ RunTime:0.003000s ]
INFO: [ app_end ] --END-- [ RunTime:0.003000s ]

[ 2017-07-20T21:07:43+08:00 ] 127.0.0.1 /index.php/Home/Goods/getGoodsDynamic
INFO: [ app_begin ] --START--
INFO: Run Behavior\ReadHtmlCacheBehavior [ RunTime:0.001000s ]
INFO: [ app_begin ] --END-- [ RunTime:0.002000s ]
SQL: SHOW COLUMNS FROM `sp_goods` [ RunTime:0.0070s ]
SQL: SHOW COLUMNS FROM `sp_goods_attr` [ RunTime:0.0040s ]
SQL: SELECT a.attr_id,a.attr_name,group_concat(ga.attr_value) attr_values FROM sp_goods_attr ga INNER JOIN sp_attribute a on ga.attr_id = a.attr_id  WHERE ga.goods_id = '43' AND a.attr_sel = 'many' GROUP BY a.attr_id  [ RunTime:0.0010s ]
SQL: SELECT `goods_number` FROM `sp_goods` WHERE `goods_id` = 43 LIMIT 1   [ RunTime:0.0000s ]
SQL: SELECT * FROM `sp_goods` WHERE `goods_id` = 43 LIMIT 1   [ RunTime:0.0000s ]
SQL: SHOW COLUMNS FROM `sp_user` [ RunTime:0.0080s ]
SQL: SELECT * FROM `sp_user` WHERE `user_id` = 133 LIMIT 1   [ RunTime:0.0000s ]
SQL: SHOW COLUMNS FROM `sp_member_level` [ RunTime:0.0030s ]
SQL: SELECT * FROM `sp_member_level` WHERE `jifen_bottom` <= '10000' AND `jifen_top` >= '10000' LIMIT 1   [ RunTime:0.0000s ]
SQL: SHOW COLUMNS FROM `sp_member_price` [ RunTime:0.0080s ]
SQL: SELECT * FROM `sp_member_price` WHERE `goods_id` = '43' AND `level_id` = '16'  [ RunTime:0.0000s ]
NOTIC: [8] Undefined offset: 0 E:\Web\itshop\Application\Home\Model\GoodsModel.class.php 第 159 行.
INFO: [ app_end ] --START--
INFO: Run Behavior\ShowPageTraceBehavior [ RunTime:0.001000s ]
INFO: [ app_end ] --END-- [ RunTime:0.001000s ]

[ 2017-07-20T21:08:05+08:00 ] 127.0.0.1 /index.php/Home/Goods/getGoodsDynamic
INFO: [ app_begin ] --START--
INFO: Run Behavior\ReadHtmlCacheBehavior [ RunTime:0.001000s ]
INFO: [ app_begin ] --END-- [ RunTime:0.002000s ]
SQL: SHOW COLUMNS FROM `sp_goods` [ RunTime:0.0120s ]
SQL: SHOW COLUMNS FROM `sp_goods_attr` [ RunTime:0.0110s ]
SQL: SELECT a.attr_id,a.attr_name,group_concat(ga.attr_value) attr_values FROM sp_goods_attr ga INNER JOIN sp_attribute a on ga.attr_id = a.attr_id  WHERE ga.goods_id = '43' AND a.attr_sel = 'many' GROUP BY a.attr_id  [ RunTime:0.0020s ]
SQL: SELECT `goods_number` FROM `sp_goods` WHERE `goods_id` = 43 LIMIT 1   [ RunTime:0.0000s ]
SQL: SELECT * FROM `sp_goods` WHERE `goods_id` = 43 LIMIT 1   [ RunTime:0.0010s ]
SQL: SHOW COLUMNS FROM `sp_user` [ RunTime:0.0120s ]
SQL: SELECT * FROM `sp_user` WHERE `user_id` = 133 LIMIT 1   [ RunTime:0.0000s ]
SQL: SHOW COLUMNS FROM `sp_member_level` [ RunTime:0.0090s ]
SQL: SELECT * FROM `sp_member_level` WHERE `jifen_bottom` <= '10000' AND `jifen_top` >= '10000' LIMIT 1   [ RunTime:0.0000s ]
SQL: SHOW COLUMNS FROM `sp_member_price` [ RunTime:0.0070s ]
SQL: SELECT * FROM `sp_member_price` WHERE `goods_id` = '43' AND `level_id` = '16'  [ RunTime:0.0000s ]
NOTIC: [8] Undefined offset: 0 E:\Web\itshop\Application\Home\Model\GoodsModel.class.php 第 159 行.
INFO: [ app_end ] --START--
INFO: Run Behavior\ShowPageTraceBehavior [ RunTime:0.001000s ]
INFO: [ app_end ] --END-- [ RunTime:0.001000s ]

[ 2017-07-20T21:08:18+08:00 ] 127.0.0.1 /index.php/Home/Goods/getGoodsDynamic
INFO: [ app_begin ] --START--
INFO: Run Behavior\ReadHtmlCacheBehavior [ RunTime:0.000000s ]
INFO: [ app_begin ] --END-- [ RunTime:0.001000s ]
SQL: SHOW COLUMNS FROM `sp_goods` [ RunTime:0.0110s ]
SQL: SHOW COLUMNS FROM `sp_goods_attr` [ RunTime:0.0130s ]
SQL: SELECT a.attr_id,a.attr_name,group_concat(ga.attr_value) attr_values FROM sp_goods_attr ga INNER JOIN sp_attribute a on ga.attr_id = a.attr_id  WHERE ga.goods_id = '43' AND a.attr_sel = 'many' GROUP BY a.attr_id  [ RunTime:0.0020s ]
SQL: SELECT `goods_number` FROM `sp_goods` WHERE `goods_id` = 43 LIMIT 1   [ RunTime:0.0000s ]
SQL: SELECT * FROM `sp_goods` WHERE `goods_id` = 43 LIMIT 1   [ RunTime:0.0000s ]
SQL: SHOW COLUMNS FROM `sp_user` [ RunTime:0.0130s ]
SQL: SELECT * FROM `sp_user` WHERE `user_id` = 133 LIMIT 1   [ RunTime:0.0000s ]
SQL: SHOW COLUMNS FROM `sp_member_level` [ RunTime:0.0100s ]
SQL: SELECT * FROM `sp_member_level` WHERE `jifen_bottom` <= '10000' AND `jifen_top` >= '10000' LIMIT 1   [ RunTime:0.0000s ]
SQL: SHOW COLUMNS FROM `sp_member_price` [ RunTime:0.0090s ]
SQL: SELECT * FROM `sp_member_price` WHERE `goods_id` = '43' AND `level_id` = '16'  [ RunTime:0.0000s ]
NOTIC: [8] Undefined offset: 0 E:\Web\itshop\Application\Home\Model\GoodsModel.class.php 第 159 行.
INFO: [ app_end ] --START--
INFO: Run Behavior\ShowPageTraceBehavior [ RunTime:0.001000s ]
INFO: [ app_end ] --END-- [ RunTime:0.001000s ]

[ 2017-07-20T21:08:25+08:00 ] 127.0.0.1 /index.php/Home/Goods/getGoodsDynamic
INFO: [ app_begin ] --START--
INFO: Run Behavior\ReadHtmlCacheBehavior [ RunTime:0.000000s ]
INFO: [ app_begin ] --END-- [ RunTime:0.002001s ]
SQL: SHOW COLUMNS FROM `sp_goods` [ RunTime:0.0140s ]
SQL: SHOW COLUMNS FROM `sp_goods_attr` [ RunTime:0.0100s ]
SQL: SELECT a.attr_id,a.attr_name,group_concat(ga.attr_value) attr_values FROM sp_goods_attr ga INNER JOIN sp_attribute a on ga.attr_id = a.attr_id  WHERE ga.goods_id = '43' AND a.attr_sel = 'many' GROUP BY a.attr_id  [ RunTime:0.0020s ]
SQL: SELECT `goods_number` FROM `sp_goods` WHERE `goods_id` = 43 LIMIT 1   [ RunTime:0.0010s ]
SQL: SELECT * FROM `sp_goods` WHERE `goods_id` = 43 LIMIT 1   [ RunTime:0.0000s ]
SQL: SHOW COLUMNS FROM `sp_user` [ RunTime:0.0090s ]
SQL: SELECT * FROM `sp_user` WHERE `user_id` = 133 LIMIT 1   [ RunTime:0.0010s ]
SQL: SHOW COLUMNS FROM `sp_member_level` [ RunTime:0.0120s ]
SQL: SELECT * FROM `sp_member_level` WHERE `jifen_bottom` <= '10000' AND `jifen_top` >= '10000' LIMIT 1   [ RunTime:0.0000s ]
SQL: SHOW COLUMNS FROM `sp_member_price` [ RunTime:0.0060s ]
SQL: SELECT * FROM `sp_member_price` WHERE `goods_id` = '43' AND `level_id` = '16'  [ RunTime:0.0010s ]
NOTIC: [8] Undefined offset: 0 E:\Web\itshop\Application\Home\Model\GoodsModel.class.php 第 159 行.
INFO: [ app_end ] --START--
INFO: Run Behavior\ShowPageTraceBehavior [ RunTime:0.001000s ]
INFO: [ app_end ] --END-- [ RunTime:0.001000s ]

[ 2017-07-20T21:08:30+08:00 ] 127.0.0.1 /index.php/Home/Goods/getGoodsDynamic
INFO: [ app_begin ] --START--
INFO: Run Behavior\ReadHtmlCacheBehavior [ RunTime:0.001000s ]
INFO: [ app_begin ] --END-- [ RunTime:0.001000s ]
SQL: SHOW COLUMNS FROM `sp_goods` [ RunTime:0.0200s ]
SQL: SHOW COLUMNS FROM `sp_goods_attr` [ RunTime:0.0120s ]
SQL: SELECT a.attr_id,a.attr_name,group_concat(ga.attr_value) attr_values FROM sp_goods_attr ga INNER JOIN sp_attribute a on ga.attr_id = a.attr_id  WHERE ga.goods_id = '43' AND a.attr_sel = 'many' GROUP BY a.attr_id  [ RunTime:0.0020s ]
SQL: SELECT `goods_number` FROM `sp_goods` WHERE `goods_id` = 43 LIMIT 1   [ RunTime:0.0010s ]
SQL: SELECT * FROM `sp_goods` WHERE `goods_id` = 43 LIMIT 1   [ RunTime:0.0000s ]
SQL: SHOW COLUMNS FROM `sp_user` [ RunTime:0.0080s ]
SQL: SELECT * FROM `sp_user` WHERE `user_id` = 133 LIMIT 1   [ RunTime:0.0010s ]
SQL: SHOW COLUMNS FROM `sp_member_level` [ RunTime:0.0100s ]
SQL: SELECT * FROM `sp_member_level` WHERE `jifen_bottom` <= '10000' AND `jifen_top` >= '10000' LIMIT 1   [ RunTime:0.0010s ]
SQL: SHOW COLUMNS FROM `sp_member_price` [ RunTime:0.0120s ]
SQL: SELECT * FROM `sp_member_price` WHERE `goods_id` = '43' AND `level_id` = '16'  [ RunTime:0.0000s ]
NOTIC: [8] Undefined offset: 0 E:\Web\itshop\Application\Home\Model\GoodsModel.class.php 第 159 行.
INFO: [ app_end ] --START--
INFO: Run Behavior\ShowPageTraceBehavior [ RunTime:0.001001s ]
INFO: [ app_end ] --END-- [ RunTime:0.001001s ]

[ 2017-07-20T21:13:13+08:00 ] 127.0.0.1 /index.php/Home/Goods/getGoodsDynamic
INFO: [ app_begin ] --START--
INFO: Run Behavior\ReadHtmlCacheBehavior [ RunTime:0.001000s ]
INFO: [ app_begin ] --END-- [ RunTime:0.001000s ]
SQL: SHOW COLUMNS FROM `sp_goods` [ RunTime:0.0190s ]
SQL: SHOW COLUMNS FROM `sp_goods_attr` [ RunTime:0.0110s ]
SQL: SELECT a.attr_id,a.attr_name,group_concat(ga.attr_value) attr_values FROM sp_goods_attr ga INNER JOIN sp_attribute a on ga.attr_id = a.attr_id  WHERE ga.goods_id = '43' AND a.attr_sel = 'many' GROUP BY a.attr_id  [ RunTime:0.0040s ]
SQL: SELECT `goods_number` FROM `sp_goods` WHERE `goods_id` = 43 LIMIT 1   [ RunTime:0.0000s ]
SQL: SELECT * FROM `sp_goods` WHERE `goods_id` = 43 LIMIT 1   [ RunTime:0.0000s ]
SQL: SHOW COLUMNS FROM `sp_user` [ RunTime:0.0110s ]
SQL: SELECT * FROM `sp_user` WHERE `user_id` = 133 LIMIT 1   [ RunTime:0.0010s ]
SQL: SHOW COLUMNS FROM `sp_member_level` [ RunTime:0.0130s ]
SQL: SELECT * FROM `sp_member_level` WHERE `jifen_bottom` <= '10000' AND `jifen_top` >= '10000' LIMIT 1   [ RunTime:0.0010s ]
SQL: SHOW COLUMNS FROM `sp_member_price` [ RunTime:0.0110s ]
SQL: SELECT * FROM `sp_member_price` WHERE `goods_id` = '43' AND `level_id` = '16'  [ RunTime:0.0000s ]
NOTIC: [8] Undefined offset: 0 E:\Web\itshop\Application\Home\Model\GoodsModel.class.php 第 159 行.
INFO: [ app_end ] --START--
INFO: Run Behavior\ShowPageTraceBehavior [ RunTime:0.001000s ]
INFO: [ app_end ] --END-- [ RunTime:0.001000s ]

[ 2017-07-20T21:14:46+08:00 ] 127.0.0.1 /index.php/Home/Goods/getGoodsDynamic
INFO: [ app_begin ] --START--
INFO: Run Behavior\ReadHtmlCacheBehavior [ RunTime:0.000000s ]
INFO: [ app_begin ] --END-- [ RunTime:0.002001s ]
SQL: SHOW COLUMNS FROM `sp_goods` [ RunTime:0.0210s ]
SQL: SHOW COLUMNS FROM `sp_goods_attr` [ RunTime:0.0180s ]
SQL: SELECT a.attr_id,a.attr_name,group_concat(ga.attr_value) attr_values FROM sp_goods_attr ga INNER JOIN sp_attribute a on ga.attr_id = a.attr_id  WHERE ga.goods_id = '43' AND a.attr_sel = 'many' GROUP BY a.attr_id  [ RunTime:0.0020s ]
SQL: SELECT `goods_number` FROM `sp_goods` WHERE `goods_id` = 43 LIMIT 1   [ RunTime:0.0000s ]
SQL: SELECT * FROM `sp_goods` WHERE `goods_id` = 43 LIMIT 1   [ RunTime:0.0000s ]
SQL: SHOW COLUMNS FROM `sp_user` [ RunTime:0.0120s ]
SQL: SELECT * FROM `sp_user` WHERE `user_id` = 133 LIMIT 1   [ RunTime:0.0010s ]
SQL: SHOW COLUMNS FROM `sp_member_level` [ RunTime:0.0110s ]
SQL: SELECT * FROM `sp_member_level` WHERE `jifen_bottom` <= '10000' AND `jifen_top` >= '10000' LIMIT 1   [ RunTime:0.0000s ]
SQL: SHOW COLUMNS FROM `sp_member_price` [ RunTime:0.0060s ]
SQL: SELECT * FROM `sp_member_price` WHERE `goods_id` = '43' AND `level_id` = '16'  [ RunTime:0.0000s ]
NOTIC: [8] Undefined offset: 0 E:\Web\itshop\Application\Home\Model\GoodsModel.class.php 第 159 行.
INFO: [ app_end ] --START--
INFO: Run Behavior\ShowPageTraceBehavior [ RunTime:0.000000s ]
INFO: [ app_end ] --END-- [ RunTime:0.000000s ]

[ 2017-07-20T21:14:50+08:00 ] 127.0.0.1 /index.php/Home/Goods/getGoodsDynamic
INFO: [ app_begin ] --START--
INFO: Run Behavior\ReadHtmlCacheBehavior [ RunTime:0.000000s ]
INFO: [ app_begin ] --END-- [ RunTime:0.001000s ]
SQL: SHOW COLUMNS FROM `sp_goods` [ RunTime:0.0140s ]
SQL: SHOW COLUMNS FROM `sp_goods_attr` [ RunTime:0.0090s ]
SQL: SELECT a.attr_id,a.attr_name,group_concat(ga.attr_value) attr_values FROM sp_goods_attr ga INNER JOIN sp_attribute a on ga.attr_id = a.attr_id  WHERE ga.goods_id = '43' AND a.attr_sel = 'many' GROUP BY a.attr_id  [ RunTime:0.0020s ]
SQL: SELECT `goods_number` FROM `sp_goods` WHERE `goods_id` = 43 LIMIT 1   [ RunTime:0.0000s ]
SQL: SELECT * FROM `sp_goods` WHERE `goods_id` = 43 LIMIT 1   [ RunTime:0.0000s ]
SQL: SHOW COLUMNS FROM `sp_user` [ RunTime:0.0130s ]
SQL: SELECT * FROM `sp_user` WHERE `user_id` = 133 LIMIT 1   [ RunTime:0.0010s ]
SQL: SHOW COLUMNS FROM `sp_member_level` [ RunTime:0.0140s ]
SQL: SELECT * FROM `sp_member_level` WHERE `jifen_bottom` <= '10000' AND `jifen_top` >= '10000' LIMIT 1   [ RunTime:0.0000s ]
SQL: SHOW COLUMNS FROM `sp_member_price` [ RunTime:0.0130s ]
SQL: SELECT * FROM `sp_member_price` WHERE `goods_id` = '43' AND `level_id` = '16'  [ RunTime:0.0000s ]
NOTIC: [8] Undefined offset: 0 E:\Web\itshop\Application\Home\Model\GoodsModel.class.php 第 159 行.
INFO: [ app_end ] --START--
INFO: Run Behavior\ShowPageTraceBehavior [ RunTime:0.001000s ]
INFO: [ app_end ] --END-- [ RunTime:0.001000s ]

[ 2017-07-20T21:20:42+08:00 ] 127.0.0.1 /index.php/Home/Goods/getGoodsDynamic
INFO: [ app_begin ] --START--
INFO: Run Behavior\ReadHtmlCacheBehavior [ RunTime:0.000000s ]
INFO: [ app_begin ] --END-- [ RunTime:0.001000s ]
SQL: SHOW COLUMNS FROM `sp_goods` [ RunTime:0.0170s ]
SQL: SHOW COLUMNS FROM `sp_goods_attr` [ RunTime:0.0080s ]
SQL: SELECT a.attr_id,a.attr_name,group_concat(ga.attr_value) attr_values FROM sp_goods_attr ga INNER JOIN sp_attribute a on ga.attr_id = a.attr_id  WHERE ga.goods_id = '43' AND a.attr_sel = 'many' GROUP BY a.attr_id  [ RunTime:0.0010s ]
SQL: SELECT `goods_number` FROM `sp_goods` WHERE `goods_id` = 43 LIMIT 1   [ RunTime:0.0000s ]
SQL: SELECT * FROM `sp_goods` WHERE `goods_id` = 43 LIMIT 1   [ RunTime:0.0000s ]
SQL: SHOW COLUMNS FROM `sp_user` [ RunTime:0.0120s ]
SQL: SELECT * FROM `sp_user` WHERE `user_id` = 133 LIMIT 1   [ RunTime:0.0010s ]
SQL: SHOW COLUMNS FROM `sp_member_level` [ RunTime:0.0130s ]
SQL: SELECT * FROM `sp_member_level` WHERE `jifen_bottom` <= '10000' AND `jifen_top` >= '10000' LIMIT 1   [ RunTime:0.0000s ]
SQL: SHOW COLUMNS FROM `sp_member_price` [ RunTime:0.0110s ]
SQL: SELECT * FROM `sp_member_price` WHERE `goods_id` = '43' AND `level_id` = '16'  [ RunTime:0.0010s ]
NOTIC: [8] Undefined offset: 0 E:\Web\itshop\Application\Home\Model\GoodsModel.class.php 第 159 行.
INFO: [ app_end ] --START--
INFO: Run Behavior\ShowPageTraceBehavior [ RunTime:0.001000s ]
INFO: [ app_end ] --END-- [ RunTime:0.001000s ]

[ 2017-07-20T21:20:51+08:00 ] 127.0.0.1 /index.php/Home/Goods/getGoodsDynamic
INFO: [ app_begin ] --START--
INFO: Run Behavior\ReadHtmlCacheBehavior [ RunTime:0.000000s ]
INFO: [ app_begin ] --END-- [ RunTime:0.001000s ]
SQL: SHOW COLUMNS FROM `sp_goods` [ RunTime:0.0460s ]
SQL: SHOW COLUMNS FROM `sp_goods_attr` [ RunTime:0.0150s ]
SQL: SELECT a.attr_id,a.attr_name,group_concat(ga.attr_value) attr_values FROM sp_goods_attr ga INNER JOIN sp_attribute a on ga.attr_id = a.attr_id  WHERE ga.goods_id = '43' AND a.attr_sel = 'many' GROUP BY a.attr_id  [ RunTime:0.0050s ]
SQL: SELECT `goods_number` FROM `sp_goods` WHERE `goods_id` = 43 LIMIT 1   [ RunTime:0.0000s ]
SQL: SELECT * FROM `sp_goods` WHERE `goods_id` = 43 LIMIT 1   [ RunTime:0.0010s ]
SQL: SHOW COLUMNS FROM `sp_user` [ RunTime:0.0150s ]
SQL: SELECT * FROM `sp_user` WHERE `user_id` = 133 LIMIT 1   [ RunTime:0.0010s ]
SQL: SHOW COLUMNS FROM `sp_member_level` [ RunTime:0.0120s ]
SQL: SELECT * FROM `sp_member_level` WHERE `jifen_bottom` <= '10000' AND `jifen_top` >= '10000' LIMIT 1   [ RunTime:0.0010s ]
SQL: SHOW COLUMNS FROM `sp_member_price` [ RunTime:0.0120s ]
SQL: SELECT * FROM `sp_member_price` WHERE `goods_id` = '43' AND `level_id` = '16'  [ RunTime:0.0000s ]
NOTIC: [8] Undefined offset: 0 E:\Web\itshop\Application\Home\Model\GoodsModel.class.php 第 159 行.
INFO: [ app_end ] --START--
INFO: Run Behavior\ShowPageTraceBehavior [ RunTime:0.001000s ]
INFO: [ app_end ] --END-- [ RunTime:0.001000s ]

[ 2017-07-20T21:20:55+08:00 ] 127.0.0.1 /index.php/Home/Goods/getGoodsDynamic
INFO: [ app_begin ] --START--
INFO: Run Behavior\ReadHtmlCacheBehavior [ RunTime:0.001000s ]
INFO: [ app_begin ] --END-- [ RunTime:0.001000s ]
SQL: SHOW COLUMNS FROM `sp_goods` [ RunTime:0.0200s ]
SQL: SHOW COLUMNS FROM `sp_goods_attr` [ RunTime:0.0110s ]
SQL: SELECT a.attr_id,a.attr_name,group_concat(ga.attr_value) attr_values FROM sp_goods_attr ga INNER JOIN sp_attribute a on ga.attr_id = a.attr_id  WHERE ga.goods_id = '43' AND a.attr_sel = 'many' GROUP BY a.attr_id  [ RunTime:0.0010s ]
SQL: SELECT `goods_number` FROM `sp_goods` WHERE `goods_id` = 43 LIMIT 1   [ RunTime:0.0000s ]
SQL: SELECT * FROM `sp_goods` WHERE `goods_id` = 43 LIMIT 1   [ RunTime:0.0010s ]
SQL: SHOW COLUMNS FROM `sp_user` [ RunTime:0.0100s ]
SQL: SELECT * FROM `sp_user` WHERE `user_id` = 133 LIMIT 1   [ RunTime:0.0010s ]
SQL: SHOW COLUMNS FROM `sp_member_level` [ RunTime:0.0120s ]
SQL: SELECT * FROM `sp_member_level` WHERE `jifen_bottom` <= '10000' AND `jifen_top` >= '10000' LIMIT 1   [ RunTime:0.0000s ]
SQL: SHOW COLUMNS FROM `sp_member_price` [ RunTime:0.0090s ]
SQL: SELECT * FROM `sp_member_price` WHERE `goods_id` = '43' AND `level_id` = '16'  [ RunTime:0.0000s ]
NOTIC: [8] Undefined offset: 0 E:\Web\itshop\Application\Home\Model\GoodsModel.class.php 第 159 行.
INFO: [ app_end ] --START--
INFO: Run Behavior\ShowPageTraceBehavior [ RunTime:0.000000s ]
INFO: [ app_end ] --END-- [ RunTime:0.000000s ]

[ 2017-07-20T21:21:51+08:00 ] 127.0.0.1 /index.php/Home/Goods/getGoodsDynamic
INFO: [ app_begin ] --START--
INFO: Run Behavior\ReadHtmlCacheBehavior [ RunTime:0.001000s ]
INFO: [ app_begin ] --END-- [ RunTime:0.001000s ]
SQL: SHOW COLUMNS FROM `sp_goods` [ RunTime:0.0210s ]
SQL: SHOW COLUMNS FROM `sp_goods_attr` [ RunTime:0.0120s ]
SQL: SELECT a.attr_id,a.attr_name,group_concat(ga.attr_value) attr_values FROM sp_goods_attr ga INNER JOIN sp_attribute a on ga.attr_id = a.attr_id  WHERE ga.goods_id = '43' AND a.attr_sel = 'many' GROUP BY a.attr_id  [ RunTime:0.0030s ]
SQL: SELECT `goods_number` FROM `sp_goods` WHERE `goods_id` = 43 LIMIT 1   [ RunTime:0.0000s ]
SQL: SELECT * FROM `sp_goods` WHERE `goods_id` = 43 LIMIT 1   [ RunTime:0.0010s ]
SQL: SHOW COLUMNS FROM `sp_user` [ RunTime:0.0070s ]
SQL: SELECT * FROM `sp_user` WHERE `user_id` = 133 LIMIT 1   [ RunTime:0.0010s ]
SQL: SHOW COLUMNS FROM `sp_member_level` [ RunTime:0.0130s ]
SQL: SELECT * FROM `sp_member_level` WHERE `jifen_bottom` <= '10000' AND `jifen_top` >= '10000' LIMIT 1   [ RunTime:0.0000s ]
SQL: SHOW COLUMNS FROM `sp_member_price` [ RunTime:0.0110s ]
SQL: SELECT * FROM `sp_member_price` WHERE `goods_id` = '43' AND `level_id` = '16'  [ RunTime:0.0000s ]
NOTIC: [8] Undefined offset: 0 E:\Web\itshop\Application\Home\Model\GoodsModel.class.php 第 159 行.
INFO: [ app_end ] --START--
INFO: Run Behavior\ShowPageTraceBehavior [ RunTime:0.001000s ]
INFO: [ app_end ] --END-- [ RunTime:0.001000s ]

[ 2017-07-20T21:22:00+08:00 ] 127.0.0.1 /index.php/Home/Goods/getGoodsDynamic
INFO: [ app_begin ] --START--
INFO: Run Behavior\ReadHtmlCacheBehavior [ RunTime:0.000000s ]
INFO: [ app_begin ] --END-- [ RunTime:0.001000s ]
SQL: SHOW COLUMNS FROM `sp_goods` [ RunTime:0.0220s ]
SQL: SHOW COLUMNS FROM `sp_goods_attr` [ RunTime:0.0110s ]
SQL: SELECT a.attr_id,a.attr_name,group_concat(ga.attr_value) attr_values FROM sp_goods_attr ga INNER JOIN sp_attribute a on ga.attr_id = a.attr_id  WHERE ga.goods_id = '43' AND a.attr_sel = 'many' GROUP BY a.attr_id  [ RunTime:0.0020s ]
SQL: SELECT `goods_number` FROM `sp_goods` WHERE `goods_id` = 43 LIMIT 1   [ RunTime:0.0000s ]
SQL: SELECT * FROM `sp_goods` WHERE `goods_id` = 43 LIMIT 1   [ RunTime:0.0010s ]
SQL: SHOW COLUMNS FROM `sp_user` [ RunTime:0.0110s ]
SQL: SELECT * FROM `sp_user` WHERE `user_id` = 133 LIMIT 1   [ RunTime:0.0000s ]
SQL: SHOW COLUMNS FROM `sp_member_level` [ RunTime:0.0100s ]
SQL: SELECT * FROM `sp_member_level` WHERE `jifen_bottom` <= '10000' AND `jifen_top` >= '10000' LIMIT 1   [ RunTime:0.0000s ]
SQL: SHOW COLUMNS FROM `sp_member_price` [ RunTime:0.0080s ]
SQL: SELECT * FROM `sp_member_price` WHERE `goods_id` = '43' AND `level_id` = '16'  [ RunTime:0.0010s ]
NOTIC: [8] Undefined offset: 0 E:\Web\itshop\Application\Home\Model\GoodsModel.class.php 第 159 行.
INFO: [ app_end ] --START--
INFO: Run Behavior\ShowPageTraceBehavior [ RunTime:0.001000s ]
INFO: [ app_end ] --END-- [ RunTime:0.001000s ]

[ 2017-07-20T21:36:56+08:00 ] 127.0.0.1 /index.php/Home/Goods/getGoodsDynamic
INFO: [ app_begin ] --START--
INFO: Run Behavior\ReadHtmlCacheBehavior [ RunTime:0.000000s ]
INFO: [ app_begin ] --END-- [ RunTime:0.001000s ]
SQL: SHOW COLUMNS FROM `sp_goods` [ RunTime:0.0400s ]
SQL: SHOW COLUMNS FROM `sp_goods_attr` [ RunTime:0.0130s ]
SQL: SELECT a.attr_id,a.attr_name,group_concat(ga.attr_value) attr_values FROM sp_goods_attr ga INNER JOIN sp_attribute a on ga.attr_id = a.attr_id  WHERE ga.goods_id = '43' AND a.attr_sel = 'many' GROUP BY a.attr_id  [ RunTime:0.0020s ]
SQL: SELECT `goods_number` FROM `sp_goods` WHERE `goods_id` = 43 LIMIT 1   [ RunTime:0.0000s ]
SQL: SELECT * FROM `sp_goods` WHERE `goods_id` = 43 LIMIT 1   [ RunTime:0.0000s ]
SQL: SHOW COLUMNS FROM `sp_user` [ RunTime:0.0110s ]
SQL: SELECT * FROM `sp_user` WHERE `user_id` = 133 LIMIT 1   [ RunTime:0.0010s ]
SQL: SHOW COLUMNS FROM `sp_member_level` [ RunTime:0.0100s ]
SQL: SELECT * FROM `sp_member_level` WHERE `jifen_bottom` <= '10000' AND `jifen_top` >= '10000' LIMIT 1   [ RunTime:0.0010s ]
SQL: SHOW COLUMNS FROM `sp_member_price` [ RunTime:0.0100s ]
SQL: SELECT * FROM `sp_member_price` WHERE `goods_id` = '43' AND `level_id` = '16'  [ RunTime:0.0010s ]
NOTIC: [8] Undefined offset: 0 E:\Web\itshop\Application\Home\Model\GoodsModel.class.php 第 159 行.
INFO: [ app_end ] --START--
INFO: Run Behavior\ShowPageTraceBehavior [ RunTime:0.001000s ]
INFO: [ app_end ] --END-- [ RunTime:0.001000s ]

[ 2017-07-20T21:48:34+08:00 ] 127.0.0.1 /index.php/Home/Goods/getGoodsDynamic
INFO: [ app_begin ] --START--
INFO: Run Behavior\ReadHtmlCacheBehavior [ RunTime:0.001000s ]
INFO: [ app_begin ] --END-- [ RunTime:0.001000s ]
SQL: SHOW COLUMNS FROM `sp_goods` [ RunTime:0.0090s ]
SQL: SHOW COLUMNS FROM `sp_goods_attr` [ RunTime:0.0130s ]
SQL: SELECT a.attr_id,a.attr_name,group_concat(ga.attr_value) attr_values FROM sp_goods_attr ga INNER JOIN sp_attribute a on ga.attr_id = a.attr_id  WHERE ga.goods_id = '43' AND a.attr_sel = 'many' GROUP BY a.attr_id  [ RunTime:0.0020s ]
SQL: SELECT `goods_number` FROM `sp_goods` WHERE `goods_id` = 43 LIMIT 1   [ RunTime:0.0000s ]
SQL: SELECT * FROM `sp_goods` WHERE `goods_id` = 43 LIMIT 1   [ RunTime:0.0000s ]
SQL: SHOW COLUMNS FROM `sp_user` [ RunTime:0.0060s ]
SQL: SELECT * FROM `sp_user` WHERE `user_id` = 133 LIMIT 1   [ RunTime:0.0010s ]
SQL: SHOW COLUMNS FROM `sp_member_level` [ RunTime:0.0100s ]
SQL: SELECT * FROM `sp_member_level` WHERE `jifen_bottom` <= '10000' AND `jifen_top` >= '10000' LIMIT 1   [ RunTime:0.0000s ]
SQL: SHOW COLUMNS FROM `sp_member_price` [ RunTime:0.0120s ]
SQL: SELECT * FROM `sp_member_price` WHERE `goods_id` = '43' AND `level_id` = '16'  [ RunTime:0.0010s ]
NOTIC: [8] Undefined offset: 0 E:\Web\itshop\Application\Home\Model\GoodsModel.class.php 第 159 行.
INFO: [ app_end ] --START--
INFO: Run Behavior\ShowPageTraceBehavior [ RunTime:0.000000s ]
INFO: [ app_end ] --END-- [ RunTime:0.001000s ]

[ 2017-07-20T21:48:58+08:00 ] 127.0.0.1 /index.php/Home/Goods/getGoodsDynamic
INFO: [ app_begin ] --START--
INFO: Run Behavior\ReadHtmlCacheBehavior [ RunTime:0.001001s ]
INFO: [ app_begin ] --END-- [ RunTime:0.002001s ]
SQL: SHOW COLUMNS FROM `sp_goods` [ RunTime:0.0130s ]
SQL: SHOW COLUMNS FROM `sp_goods_attr` [ RunTime:0.0130s ]
SQL: SELECT a.attr_id,a.attr_name,group_concat(ga.attr_value) attr_values FROM sp_goods_attr ga INNER JOIN sp_attribute a on ga.attr_id = a.attr_id  WHERE ga.goods_id = '43' AND a.attr_sel = 'many' GROUP BY a.attr_id  [ RunTime:0.0030s ]
SQL: SELECT `goods_number` FROM `sp_goods` WHERE `goods_id` = 43 LIMIT 1   [ RunTime:0.0000s ]
SQL: SELECT * FROM `sp_goods` WHERE `goods_id` = 43 LIMIT 1   [ RunTime:0.0010s ]
SQL: SHOW COLUMNS FROM `sp_user` [ RunTime:0.0170s ]
SQL: SELECT * FROM `sp_user` WHERE `user_id` = 133 LIMIT 1   [ RunTime:0.0010s ]
SQL: SHOW COLUMNS FROM `sp_member_level` [ RunTime:0.0190s ]
SQL: SELECT * FROM `sp_member_level` WHERE `jifen_bottom` <= '10000' AND `jifen_top` >= '10000' LIMIT 1   [ RunTime:0.0010s ]
SQL: SHOW COLUMNS FROM `sp_member_price` [ RunTime:0.0130s ]
SQL: SELECT * FROM `sp_member_price` WHERE `goods_id` = '43' AND `level_id` = '16'  [ RunTime:0.0000s ]
NOTIC: [8] Undefined offset: 0 E:\Web\itshop\Application\Home\Model\GoodsModel.class.php 第 159 行.
INFO: [ app_end ] --START--
INFO: Run Behavior\ShowPageTraceBehavior [ RunTime:0.001000s ]
INFO: [ app_end ] --END-- [ RunTime:0.001000s ]

[ 2017-07-20T21:50:43+08:00 ] 127.0.0.1 /index.php/Home/Goods/getGoodsDynamic
INFO: [ app_begin ] --START--
INFO: Run Behavior\ReadHtmlCacheBehavior [ RunTime:0.000000s ]
INFO: [ app_begin ] --END-- [ RunTime:0.001001s ]
SQL: SHOW COLUMNS FROM `sp_goods` [ RunTime:0.0220s ]
SQL: SHOW COLUMNS FROM `sp_goods_attr` [ RunTime:0.0140s ]
SQL: SELECT a.attr_id,a.attr_name,group_concat(ga.attr_value) attr_values FROM sp_goods_attr ga INNER JOIN sp_attribute a on ga.attr_id = a.attr_id  WHERE ga.goods_id = '43' AND a.attr_sel = 'many' GROUP BY a.attr_id  [ RunTime:0.0020s ]
SQL: SELECT `goods_number` FROM `sp_goods` WHERE `goods_id` = 43 LIMIT 1   [ RunTime:0.0010s ]
SQL: SELECT * FROM `sp_goods` WHERE `goods_id` = 43 LIMIT 1   [ RunTime:0.0000s ]
SQL: SHOW COLUMNS FROM `sp_user` [ RunTime:0.0120s ]
SQL: SELECT * FROM `sp_user` WHERE `user_id` = 133 LIMIT 1   [ RunTime:0.0000s ]
SQL: SHOW COLUMNS FROM `sp_member_level` [ RunTime:0.0090s ]
SQL: SELECT * FROM `sp_member_level` WHERE `jifen_bottom` <= '10000' AND `jifen_top` >= '10000' LIMIT 1   [ RunTime:0.0010s ]
SQL: SHOW COLUMNS FROM `sp_member_price` [ RunTime:0.0210s ]
SQL: SELECT * FROM `sp_member_price` WHERE `goods_id` = '43' AND `level_id` = '16'  [ RunTime:0.0000s ]
NOTIC: [8] Undefined offset: 0 E:\Web\itshop\Application\Home\Model\GoodsModel.class.php 第 159 行.
INFO: [ app_end ] --START--
INFO: Run Behavior\ShowPageTraceBehavior [ RunTime:0.000000s ]
INFO: [ app_end ] --END-- [ RunTime:0.000000s ]

[ 2017-07-20T21:50:51+08:00 ] 127.0.0.1 /index.php/Home/Shop/addCart
INFO: [ app_begin ] --START--
INFO: Run Behavior\ReadHtmlCacheBehavior [ RunTime:0.000000s ]
INFO: [ app_begin ] --END-- [ RunTime:0.001001s ]
SQL: SHOW COLUMNS FROM `sp_goods` [ RunTime:0.0070s ]
SQL: SELECT * FROM `sp_goods` WHERE `goods_id` = 43 LIMIT 1   [ RunTime:0.0000s ]
SQL: SELECT * FROM `sp_goods` WHERE `goods_id` = 43 LIMIT 1   [ RunTime:0.0000s ]
SQL: SHOW COLUMNS FROM `sp_user` [ RunTime:0.0080s ]
SQL: SELECT * FROM `sp_user` WHERE `user_id` = 133 LIMIT 1   [ RunTime:0.0470s ]
SQL: SHOW COLUMNS FROM `sp_member_level` [ RunTime:0.0100s ]
SQL: SELECT * FROM `sp_member_level` WHERE `jifen_bottom` <= '10000' AND `jifen_top` >= '10000' LIMIT 1   [ RunTime:0.0010s ]
SQL: SHOW COLUMNS FROM `sp_member_price` [ RunTime:0.0130s ]
SQL: SELECT * FROM `sp_member_price` WHERE `goods_id` = '43' AND `level_id` = '16'  [ RunTime:0.0000s ]
NOTIC: [8] Undefined offset: 0 E:\Web\itshop\Application\Home\Model\GoodsModel.class.php 第 159 行.
INFO: [ app_end ] --START--
INFO: Run Behavior\ShowPageTraceBehavior [ RunTime:0.001000s ]
INFO: [ app_end ] --END-- [ RunTime:0.001000s ]

[ 2017-07-20T21:50:55+08:00 ] 127.0.0.1 /index.php/Home/Shop/addCart
INFO: [ app_begin ] --START--
INFO: Run Behavior\ReadHtmlCacheBehavior [ RunTime:0.000000s ]
INFO: [ app_begin ] --END-- [ RunTime:0.001000s ]
SQL: SHOW COLUMNS FROM `sp_goods` [ RunTime:0.0170s ]
SQL: SELECT * FROM `sp_goods` WHERE `goods_id` = 43 LIMIT 1   [ RunTime:0.0010s ]
SQL: SELECT * FROM `sp_goods` WHERE `goods_id` = 43 LIMIT 1   [ RunTime:0.0000s ]
SQL: SHOW COLUMNS FROM `sp_user` [ RunTime:0.0240s ]
SQL: SELECT * FROM `sp_user` WHERE `user_id` = 133 LIMIT 1   [ RunTime:0.0010s ]
SQL: SHOW COLUMNS FROM `sp_member_level` [ RunTime:0.0130s ]
SQL: SELECT * FROM `sp_member_level` WHERE `jifen_bottom` <= '10000' AND `jifen_top` >= '10000' LIMIT 1   [ RunTime:0.0010s ]
SQL: SHOW COLUMNS FROM `sp_member_price` [ RunTime:0.0130s ]
SQL: SELECT * FROM `sp_member_price` WHERE `goods_id` = '43' AND `level_id` = '16'  [ RunTime:0.0000s ]
NOTIC: [8] Undefined offset: 0 E:\Web\itshop\Application\Home\Model\GoodsModel.class.php 第 159 行.
INFO: [ app_end ] --START--
INFO: Run Behavior\ShowPageTraceBehavior [ RunTime:0.001000s ]
INFO: [ app_end ] --END-- [ RunTime:0.001000s ]

[ 2017-07-20T21:50:56+08:00 ] 127.0.0.1 /index.php/Home/Shop/addCart
INFO: [ app_begin ] --START--
INFO: Run Behavior\ReadHtmlCacheBehavior [ RunTime:0.000000s ]
INFO: [ app_begin ] --END-- [ RunTime:0.001000s ]
SQL: SHOW COLUMNS FROM `sp_goods` [ RunTime:0.0070s ]
SQL: SELECT * FROM `sp_goods` WHERE `goods_id` = 43 LIMIT 1   [ RunTime:0.0010s ]
SQL: SELECT * FROM `sp_goods` WHERE `goods_id` = 43 LIMIT 1   [ RunTime:0.0000s ]
SQL: SHOW COLUMNS FROM `sp_user` [ RunTime:0.0050s ]
SQL: SELECT * FROM `sp_user` WHERE `user_id` = 133 LIMIT 1   [ RunTime:0.0000s ]
SQL: SHOW COLUMNS FROM `sp_member_level` [ RunTime:0.0050s ]
SQL: SELECT * FROM `sp_member_level` WHERE `jifen_bottom` <= '10000' AND `jifen_top` >= '10000' LIMIT 1   [ RunTime:0.0000s ]
SQL: SHOW COLUMNS FROM `sp_member_price` [ RunTime:0.0060s ]
SQL: SELECT * FROM `sp_member_price` WHERE `goods_id` = '43' AND `level_id` = '16'  [ RunTime:0.0000s ]
NOTIC: [8] Undefined offset: 0 E:\Web\itshop\Application\Home\Model\GoodsModel.class.php 第 159 行.
INFO: [ app_end ] --START--
INFO: Run Behavior\ShowPageTraceBehavior [ RunTime:0.001000s ]
INFO: [ app_end ] --END-- [ RunTime:0.001000s ]

[ 2017-07-20T21:50:58+08:00 ] 127.0.0.1 /index.php/Home/Shop/addCart
INFO: [ app_begin ] --START--
INFO: Run Behavior\ReadHtmlCacheBehavior [ RunTime:0.001000s ]
INFO: [ app_begin ] --END-- [ RunTime:0.002000s ]
SQL: SHOW COLUMNS FROM `sp_goods` [ RunTime:0.0280s ]
SQL: SELECT * FROM `sp_goods` WHERE `goods_id` = 43 LIMIT 1   [ RunTime:0.0010s ]
SQL: SELECT * FROM `sp_goods` WHERE `goods_id` = 43 LIMIT 1   [ RunTime:0.0000s ]
SQL: SHOW COLUMNS FROM `sp_user` [ RunTime:0.0190s ]
SQL: SELECT * FROM `sp_user` WHERE `user_id` = 133 LIMIT 1   [ RunTime:0.0010s ]
SQL: SHOW COLUMNS FROM `sp_member_level` [ RunTime:0.0110s ]
SQL: SELECT * FROM `sp_member_level` WHERE `jifen_bottom` <= '10000' AND `jifen_top` >= '10000' LIMIT 1   [ RunTime:0.0010s ]
SQL: SHOW COLUMNS FROM `sp_member_price` [ RunTime:0.0130s ]
SQL: SELECT * FROM `sp_member_price` WHERE `goods_id` = '43' AND `level_id` = '16'  [ RunTime:0.0000s ]
NOTIC: [8] Undefined offset: 0 E:\Web\itshop\Application\Home\Model\GoodsModel.class.php 第 159 行.
INFO: [ app_end ] --START--
INFO: Run Behavior\ShowPageTraceBehavior [ RunTime:0.000000s ]
INFO: [ app_end ] --END-- [ RunTime:0.000000s ]

