[ 2017-07-21T08:57:16+08:00 ] 127.0.0.1 /index.php/Home/Goods/getGoodsDynamic
INFO: [ app_begin ] --START--
INFO: Run Behavior\ReadHtmlCacheBehavior [ RunTime:0.000000s ]
INFO: [ app_begin ] --END-- [ RunTime:0.002000s ]
SQL: SHOW COLUMNS FROM `sp_goods` [ RunTime:0.0170s ]
SQL: SHOW COLUMNS FROM `sp_goods_attr` [ RunTime:0.0200s ]
SQL: SELECT a.attr_id,a.attr_name,group_concat(ga.attr_value) attr_values FROM sp_goods_attr ga INNER JOIN sp_attribute a on ga.attr_id = a.attr_id  WHERE ga.goods_id = '43' AND a.attr_sel = 'many' GROUP BY a.attr_id  [ RunTime:0.0020s ]
SQL: SELECT `goods_number` FROM `sp_goods` WHERE `goods_id` = 43 LIMIT 1   [ RunTime:0.0000s ]
SQL: SELECT * FROM `sp_goods` WHERE `goods_id` = 43 LIMIT 1   [ RunTime:0.0010s ]
INFO: [ app_end ] --START--
INFO: Run Behavior\ShowPageTraceBehavior [ RunTime:0.001000s ]
INFO: [ app_end ] --END-- [ RunTime:0.001000s ]

[ 2017-07-21T08:59:17+08:00 ] 127.0.0.1 /index.php/Home/Goods/getGoodsDynamic
INFO: [ app_begin ] --START--
INFO: Run Behavior\ReadHtmlCacheBehavior [ RunTime:0.001000s ]
INFO: [ app_begin ] --END-- [ RunTime:0.001000s ]
SQL: SHOW COLUMNS FROM `sp_goods` [ RunTime:0.0110s ]
SQL: SHOW COLUMNS FROM `sp_goods_attr` [ RunTime:0.0130s ]
SQL: SELECT a.attr_id,a.attr_name,group_concat(ga.attr_value) attr_values FROM sp_goods_attr ga INNER JOIN sp_attribute a on ga.attr_id = a.attr_id  WHERE ga.goods_id = '43' AND a.attr_sel = 'many' GROUP BY a.attr_id  [ RunTime:0.0020s ]
SQL: SELECT `goods_number` FROM `sp_goods` WHERE `goods_id` = 43 LIMIT 1   [ RunTime:0.0000s ]
SQL: SELECT * FROM `sp_goods` WHERE `goods_id` = 43 LIMIT 1   [ RunTime:0.0010s ]
INFO: [ app_end ] --START--
INFO: Run Behavior\ShowPageTraceBehavior [ RunTime:0.001000s ]
INFO: [ app_end ] --END-- [ RunTime:0.001000s ]

[ 2017-07-21T09:00:02+08:00 ] 127.0.0.1 /index.php/Home/Goods/getGoodsDynamic
INFO: [ app_begin ] --START--
INFO: Run Behavior\ReadHtmlCacheBehavior [ RunTime:0.001000s ]
INFO: [ app_begin ] --END-- [ RunTime:0.003000s ]
SQL: SHOW COLUMNS FROM `sp_goods` [ RunTime:0.0170s ]
SQL: SHOW COLUMNS FROM `sp_goods_attr` [ RunTime:0.0130s ]
SQL: SELECT a.attr_id,a.attr_name,group_concat(ga.attr_value) attr_values FROM sp_goods_attr ga INNER JOIN sp_attribute a on ga.attr_id = a.attr_id  WHERE ga.goods_id = '43' AND a.attr_sel = 'many' GROUP BY a.attr_id  [ RunTime:0.0020s ]
SQL: SELECT `goods_number` FROM `sp_goods` WHERE `goods_id` = 43 LIMIT 1   [ RunTime:0.0000s ]
SQL: SELECT * FROM `sp_goods` WHERE `goods_id` = 43 LIMIT 1   [ RunTime:0.0010s ]
INFO: [ app_end ] --START--
INFO: Run Behavior\ShowPageTraceBehavior [ RunTime:0.001000s ]
INFO: [ app_end ] --END-- [ RunTime:0.001000s ]

[ 2017-07-21T09:01:37+08:00 ] 127.0.0.1 /index.php/Home/Goods/getGoodsDynamic
INFO: [ app_begin ] --START--
INFO: Run Behavior\ReadHtmlCacheBehavior [ RunTime:0.000000s ]
INFO: [ app_begin ] --END-- [ RunTime:0.000000s ]
SQL: SHOW COLUMNS FROM `sp_goods` [ RunTime:0.0160s ]
SQL: SHOW COLUMNS FROM `sp_goods_attr` [ RunTime:0.0150s ]
SQL: SELECT a.attr_id,a.attr_name,group_concat(ga.attr_value) attr_values FROM sp_goods_attr ga INNER JOIN sp_attribute a on ga.attr_id = a.attr_id  WHERE ga.goods_id = '43' AND a.attr_sel = 'many' GROUP BY a.attr_id  [ RunTime:0.0020s ]
SQL: SELECT `goods_number` FROM `sp_goods` WHERE `goods_id` = 43 LIMIT 1   [ RunTime:0.0010s ]
SQL: SELECT * FROM `sp_goods` WHERE `goods_id` = 43 LIMIT 1   [ RunTime:0.0000s ]
INFO: [ app_end ] --START--
INFO: Run Behavior\ShowPageTraceBehavior [ RunTime:0.001000s ]
INFO: [ app_end ] --END-- [ RunTime:0.001000s ]

[ 2017-07-21T09:02:29+08:00 ] 127.0.0.1 /index.php/Home/Goods/getGoodsDynamic
INFO: [ app_begin ] --START--
INFO: Run Behavior\ReadHtmlCacheBehavior [ RunTime:0.001000s ]
INFO: [ app_begin ] --END-- [ RunTime:0.001000s ]
SQL: SHOW COLUMNS FROM `sp_goods` [ RunTime:0.0160s ]
SQL: SHOW COLUMNS FROM `sp_goods_attr` [ RunTime:0.0190s ]
SQL: SELECT a.attr_id,a.attr_name,group_concat(ga.attr_value) attr_values FROM sp_goods_attr ga INNER JOIN sp_attribute a on ga.attr_id = a.attr_id  WHERE ga.goods_id = '30' AND a.attr_sel = 'many' GROUP BY a.attr_id  [ RunTime:0.0020s ]
SQL: SELECT `goods_number` FROM `sp_goods` WHERE `goods_id` = 30 LIMIT 1   [ RunTime:0.0000s ]
SQL: SELECT * FROM `sp_goods` WHERE `goods_id` = 30 LIMIT 1   [ RunTime:0.0000s ]
INFO: [ app_end ] --START--
INFO: Run Behavior\ShowPageTraceBehavior [ RunTime:0.001000s ]
INFO: [ app_end ] --END-- [ RunTime:0.001000s ]

[ 2017-07-21T09:02:40+08:00 ] 127.0.0.1 /index.php/Home/Goods/getGoodsDynamic
INFO: [ app_begin ] --START--
INFO: Run Behavior\ReadHtmlCacheBehavior [ RunTime:0.000000s ]
INFO: [ app_begin ] --END-- [ RunTime:0.001000s ]
SQL: SHOW COLUMNS FROM `sp_goods` [ RunTime:0.0180s ]
SQL: SHOW COLUMNS FROM `sp_goods_attr` [ RunTime:0.0100s ]
SQL: SELECT a.attr_id,a.attr_name,group_concat(ga.attr_value) attr_values FROM sp_goods_attr ga INNER JOIN sp_attribute a on ga.attr_id = a.attr_id  WHERE ga.goods_id = '43' AND a.attr_sel = 'many' GROUP BY a.attr_id  [ RunTime:0.0010s ]
SQL: SELECT `goods_number` FROM `sp_goods` WHERE `goods_id` = 43 LIMIT 1   [ RunTime:0.0000s ]
SQL: SELECT * FROM `sp_goods` WHERE `goods_id` = 43 LIMIT 1   [ RunTime:0.0010s ]
INFO: [ app_end ] --START--
INFO: Run Behavior\ShowPageTraceBehavior [ RunTime:0.001000s ]
INFO: [ app_end ] --END-- [ RunTime:0.001000s ]

[ 2017-07-21T09:03:23+08:00 ] 127.0.0.1 /index.php/Home/Goods/getGoodsDynamic
INFO: [ app_begin ] --START--
INFO: Run Behavior\ReadHtmlCacheBehavior [ RunTime:0.001000s ]
INFO: [ app_begin ] --END-- [ RunTime:0.001000s ]
SQL: SHOW COLUMNS FROM `sp_goods` [ RunTime:0.0160s ]
SQL: SHOW COLUMNS FROM `sp_goods_attr` [ RunTime:0.0140s ]
SQL: SELECT a.attr_id,a.attr_name,group_concat(ga.attr_value) attr_values FROM sp_goods_attr ga INNER JOIN sp_attribute a on ga.attr_id = a.attr_id  WHERE ga.goods_id = '43' AND a.attr_sel = 'many' GROUP BY a.attr_id  [ RunTime:0.0020s ]
SQL: SELECT `goods_number` FROM `sp_goods` WHERE `goods_id` = 43 LIMIT 1   [ RunTime:0.0010s ]
SQL: SELECT * FROM `sp_goods` WHERE `goods_id` = 43 LIMIT 1   [ RunTime:0.0000s ]
INFO: [ app_end ] --START--
INFO: Run Behavior\ShowPageTraceBehavior [ RunTime:0.001000s ]
INFO: [ app_end ] --END-- [ RunTime:0.001000s ]

[ 2017-07-21T09:05:56+08:00 ] 127.0.0.1 /index.php/Home/Goods/getGoodsDynamic
INFO: [ app_begin ] --START--
INFO: Run Behavior\ReadHtmlCacheBehavior [ RunTime:0.000000s ]
INFO: [ app_begin ] --END-- [ RunTime:0.000000s ]
SQL: SHOW COLUMNS FROM `sp_goods` [ RunTime:0.0200s ]
SQL: SHOW COLUMNS FROM `sp_goods_attr` [ RunTime:0.0170s ]
SQL: SELECT a.attr_id,a.attr_name,group_concat(ga.attr_value) attr_values FROM sp_goods_attr ga INNER JOIN sp_attribute a on ga.attr_id = a.attr_id  WHERE ga.goods_id = '43' AND a.attr_sel = 'many' GROUP BY a.attr_id  [ RunTime:0.0020s ]
SQL: SELECT `goods_number` FROM `sp_goods` WHERE `goods_id` = 43 LIMIT 1   [ RunTime:0.0000s ]
SQL: SELECT * FROM `sp_goods` WHERE `goods_id` = 43 LIMIT 1   [ RunTime:0.0010s ]
INFO: [ app_end ] --START--
INFO: Run Behavior\ShowPageTraceBehavior [ RunTime:0.001000s ]
INFO: [ app_end ] --END-- [ RunTime:0.001000s ]

[ 2017-07-21T09:06:36+08:00 ] 127.0.0.1 /index.php/Home/Goods/getGoodsDynamic
INFO: [ app_begin ] --START--
INFO: Run Behavior\ReadHtmlCacheBehavior [ RunTime:0.001000s ]
INFO: [ app_begin ] --END-- [ RunTime:0.001000s ]
SQL: SHOW COLUMNS FROM `sp_goods` [ RunTime:0.0210s ]
SQL: SHOW COLUMNS FROM `sp_goods_attr` [ RunTime:0.0200s ]
SQL: SELECT a.attr_id,a.attr_name,group_concat(ga.attr_value) attr_values FROM sp_goods_attr ga INNER JOIN sp_attribute a on ga.attr_id = a.attr_id  WHERE ga.goods_id = '43' AND a.attr_sel = 'many' GROUP BY a.attr_id  [ RunTime:0.0020s ]
SQL: SELECT `goods_number` FROM `sp_goods` WHERE `goods_id` = 43 LIMIT 1   [ RunTime:0.0010s ]
SQL: SELECT * FROM `sp_goods` WHERE `goods_id` = 43 LIMIT 1   [ RunTime:0.0000s ]
INFO: [ app_end ] --START--
INFO: Run Behavior\ShowPageTraceBehavior [ RunTime:0.001000s ]
INFO: [ app_end ] --END-- [ RunTime:0.001000s ]

[ 2017-07-21T09:09:02+08:00 ] 127.0.0.1 /index.php/Home/Goods/getGoodsDynamic
INFO: [ app_begin ] --START--
INFO: Run Behavior\ReadHtmlCacheBehavior [ RunTime:0.000000s ]
INFO: [ app_begin ] --END-- [ RunTime:0.001000s ]
SQL: SHOW COLUMNS FROM `sp_goods` [ RunTime:0.0120s ]
SQL: SHOW COLUMNS FROM `sp_goods_attr` [ RunTime:0.0190s ]
SQL: SELECT a.attr_id,a.attr_name,group_concat(ga.attr_value) attr_values FROM sp_goods_attr ga INNER JOIN sp_attribute a on ga.attr_id = a.attr_id  WHERE ga.goods_id = '43' AND a.attr_sel = 'many' GROUP BY a.attr_id  [ RunTime:0.0010s ]
SQL: SELECT `goods_number` FROM `sp_goods` WHERE `goods_id` = 43 LIMIT 1   [ RunTime:0.0000s ]
SQL: SELECT * FROM `sp_goods` WHERE `goods_id` = 43 LIMIT 1   [ RunTime:0.0000s ]
INFO: [ app_end ] --START--
INFO: Run Behavior\ShowPageTraceBehavior [ RunTime:0.001001s ]
INFO: [ app_end ] --END-- [ RunTime:0.001001s ]

[ 2017-07-21T09:09:26+08:00 ] 127.0.0.1 /index.php/Home/Goods/getGoodsDynamic
INFO: [ app_begin ] --START--
INFO: Run Behavior\ReadHtmlCacheBehavior [ RunTime:0.001000s ]
INFO: [ app_begin ] --END-- [ RunTime:0.001000s ]
SQL: SHOW COLUMNS FROM `sp_goods` [ RunTime:0.0160s ]
SQL: SHOW COLUMNS FROM `sp_goods_attr` [ RunTime:0.0190s ]
SQL: SELECT a.attr_id,a.attr_name,group_concat(ga.attr_value) attr_values FROM sp_goods_attr ga INNER JOIN sp_attribute a on ga.attr_id = a.attr_id  WHERE ga.goods_id = '43' AND a.attr_sel = 'many' GROUP BY a.attr_id  [ RunTime:0.0020s ]
SQL: SELECT `goods_number` FROM `sp_goods` WHERE `goods_id` = 43 LIMIT 1   [ RunTime:0.0010s ]
SQL: SELECT * FROM `sp_goods` WHERE `goods_id` = 43 LIMIT 1   [ RunTime:0.0000s ]
INFO: [ app_end ] --START--
INFO: Run Behavior\ShowPageTraceBehavior [ RunTime:0.001000s ]
INFO: [ app_end ] --END-- [ RunTime:0.001000s ]

[ 2017-07-21T09:09:51+08:00 ] 127.0.0.1 /index.php/Home/Goods/getGoodsDynamic
INFO: [ app_begin ] --START--
INFO: Run Behavior\ReadHtmlCacheBehavior [ RunTime:0.001000s ]
INFO: [ app_begin ] --END-- [ RunTime:0.002000s ]
SQL: SHOW COLUMNS FROM `sp_goods` [ RunTime:0.0240s ]
SQL: SHOW COLUMNS FROM `sp_goods_attr` [ RunTime:0.0150s ]
SQL: SELECT a.attr_id,a.attr_name,group_concat(ga.attr_value) attr_values FROM sp_goods_attr ga INNER JOIN sp_attribute a on ga.attr_id = a.attr_id  WHERE ga.goods_id = '43' AND a.attr_sel = 'many' GROUP BY a.attr_id  [ RunTime:0.0020s ]
SQL: SELECT `goods_number` FROM `sp_goods` WHERE `goods_id` = 43 LIMIT 1   [ RunTime:0.0000s ]
SQL: SELECT * FROM `sp_goods` WHERE `goods_id` = 43 LIMIT 1   [ RunTime:0.0010s ]
INFO: [ app_end ] --START--
INFO: Run Behavior\ShowPageTraceBehavior [ RunTime:0.001000s ]
INFO: [ app_end ] --END-- [ RunTime:0.001000s ]

[ 2017-07-21T09:11:30+08:00 ] 127.0.0.1 /index.php/Home/Goods/getGoodsDynamic
INFO: [ app_begin ] --START--
INFO: Run Behavior\ReadHtmlCacheBehavior [ RunTime:0.001000s ]
INFO: [ app_begin ] --END-- [ RunTime:0.002000s ]
SQL: SHOW COLUMNS FROM `sp_goods` [ RunTime:0.0180s ]
SQL: SHOW COLUMNS FROM `sp_goods_attr` [ RunTime:0.0140s ]
SQL: SELECT a.attr_id,a.attr_name,group_concat(ga.attr_value) attr_values FROM sp_goods_attr ga INNER JOIN sp_attribute a on ga.attr_id = a.attr_id  WHERE ga.goods_id = '43' AND a.attr_sel = 'many' GROUP BY a.attr_id  [ RunTime:0.0020s ]
SQL: SELECT `goods_number` FROM `sp_goods` WHERE `goods_id` = 43 LIMIT 1   [ RunTime:0.0010s ]
SQL: SELECT * FROM `sp_goods` WHERE `goods_id` = 43 LIMIT 1   [ RunTime:0.0000s ]
INFO: [ app_end ] --START--
INFO: Run Behavior\ShowPageTraceBehavior [ RunTime:0.001000s ]
INFO: [ app_end ] --END-- [ RunTime:0.001000s ]

[ 2017-07-21T09:11:39+08:00 ] 127.0.0.1 /index.php/Home/Goods/getGoodsDynamic
INFO: [ app_begin ] --START--
INFO: Run Behavior\ReadHtmlCacheBehavior [ RunTime:0.001000s ]
INFO: [ app_begin ] --END-- [ RunTime:0.001000s ]
SQL: SHOW COLUMNS FROM `sp_goods` [ RunTime:0.0140s ]
SQL: SHOW COLUMNS FROM `sp_goods_attr` [ RunTime:0.0100s ]
SQL: SELECT a.attr_id,a.attr_name,group_concat(ga.attr_value) attr_values FROM sp_goods_attr ga INNER JOIN sp_attribute a on ga.attr_id = a.attr_id  WHERE ga.goods_id = '43' AND a.attr_sel = 'many' GROUP BY a.attr_id  [ RunTime:0.0020s ]
SQL: SELECT `goods_number` FROM `sp_goods` WHERE `goods_id` = 43 LIMIT 1   [ RunTime:0.0010s ]
SQL: SELECT * FROM `sp_goods` WHERE `goods_id` = 43 LIMIT 1   [ RunTime:0.0000s ]
INFO: [ app_end ] --START--
INFO: Run Behavior\ShowPageTraceBehavior [ RunTime:0.001000s ]
INFO: [ app_end ] --END-- [ RunTime:0.001000s ]

[ 2017-07-21T09:13:19+08:00 ] 127.0.0.1 /index.php/Home/Goods/getGoodsDynamic
INFO: [ app_begin ] --START--
INFO: Run Behavior\ReadHtmlCacheBehavior [ RunTime:0.001000s ]
INFO: [ app_begin ] --END-- [ RunTime:0.002000s ]
SQL: SHOW COLUMNS FROM `sp_goods` [ RunTime:0.0150s ]
SQL: SHOW COLUMNS FROM `sp_goods_attr` [ RunTime:0.0130s ]
SQL: SELECT a.attr_id,a.attr_name,group_concat(ga.attr_value) attr_values FROM sp_goods_attr ga INNER JOIN sp_attribute a on ga.attr_id = a.attr_id  WHERE ga.goods_id = '43' AND a.attr_sel = 'many' GROUP BY a.attr_id  [ RunTime:0.0020s ]
SQL: SELECT `goods_number` FROM `sp_goods` WHERE `goods_id` = 43 LIMIT 1   [ RunTime:0.0000s ]
SQL: SELECT * FROM `sp_goods` WHERE `goods_id` = 43 LIMIT 1   [ RunTime:0.0000s ]
INFO: [ app_end ] --START--
INFO: Run Behavior\ShowPageTraceBehavior [ RunTime:0.001000s ]
INFO: [ app_end ] --END-- [ RunTime:0.001000s ]

[ 2017-07-21T09:14:58+08:00 ] 127.0.0.1 /index.php/Home/Goods/getGoodsDynamic
INFO: [ app_begin ] --START--
INFO: Run Behavior\ReadHtmlCacheBehavior [ RunTime:0.000000s ]
INFO: [ app_begin ] --END-- [ RunTime:0.001000s ]
SQL: SHOW COLUMNS FROM `sp_goods` [ RunTime:0.0230s ]
SQL: SHOW COLUMNS FROM `sp_goods_attr` [ RunTime:0.0120s ]
SQL: SELECT a.attr_id,a.attr_name,group_concat(ga.attr_value) attr_values FROM sp_goods_attr ga INNER JOIN sp_attribute a on ga.attr_id = a.attr_id  WHERE ga.goods_id = '43' AND a.attr_sel = 'many' GROUP BY a.attr_id  [ RunTime:0.0030s ]
SQL: SELECT `goods_number` FROM `sp_goods` WHERE `goods_id` = 43 LIMIT 1   [ RunTime:0.0010s ]
SQL: SELECT * FROM `sp_goods` WHERE `goods_id` = 43 LIMIT 1   [ RunTime:0.0000s ]
INFO: [ app_end ] --START--
INFO: Run Behavior\ShowPageTraceBehavior [ RunTime:0.001000s ]
INFO: [ app_end ] --END-- [ RunTime:0.001000s ]

[ 2017-07-21T09:15:30+08:00 ] 127.0.0.1 /index.php/Home/Goods/getGoodsDynamic
INFO: [ app_begin ] --START--
INFO: Run Behavior\ReadHtmlCacheBehavior [ RunTime:0.001000s ]
INFO: [ app_begin ] --END-- [ RunTime:0.001000s ]
SQL: SHOW COLUMNS FROM `sp_goods` [ RunTime:0.0200s ]
SQL: SHOW COLUMNS FROM `sp_goods_attr` [ RunTime:0.0150s ]
SQL: SELECT a.attr_id,a.attr_name,group_concat(ga.attr_value) attr_values FROM sp_goods_attr ga INNER JOIN sp_attribute a on ga.attr_id = a.attr_id  WHERE ga.goods_id = '43' AND a.attr_sel = 'many' GROUP BY a.attr_id  [ RunTime:0.0010s ]
SQL: SELECT `goods_number` FROM `sp_goods` WHERE `goods_id` = 43 LIMIT 1   [ RunTime:0.0000s ]
SQL: SELECT * FROM `sp_goods` WHERE `goods_id` = 43 LIMIT 1   [ RunTime:0.0010s ]
INFO: [ app_end ] --START--
INFO: Run Behavior\ShowPageTraceBehavior [ RunTime:0.001000s ]
INFO: [ app_end ] --END-- [ RunTime:0.001000s ]

[ 2017-07-21T09:16:16+08:00 ] 127.0.0.1 /index.php/Home/Goods/getGoodsDynamic
INFO: [ app_begin ] --START--
INFO: Run Behavior\ReadHtmlCacheBehavior [ RunTime:0.000000s ]
INFO: [ app_begin ] --END-- [ RunTime:0.001000s ]
SQL: SHOW COLUMNS FROM `sp_goods` [ RunTime:0.0200s ]
SQL: SHOW COLUMNS FROM `sp_goods_attr` [ RunTime:0.0180s ]
SQL: SELECT a.attr_id,a.attr_name,group_concat(ga.attr_value) attr_values FROM sp_goods_attr ga INNER JOIN sp_attribute a on ga.attr_id = a.attr_id  WHERE ga.goods_id = '43' AND a.attr_sel = 'many' GROUP BY a.attr_id  [ RunTime:0.0020s ]
SQL: SELECT `goods_number` FROM `sp_goods` WHERE `goods_id` = 43 LIMIT 1   [ RunTime:0.0000s ]
SQL: SELECT * FROM `sp_goods` WHERE `goods_id` = 43 LIMIT 1   [ RunTime:0.0010s ]
INFO: [ app_end ] --START--
INFO: Run Behavior\ShowPageTraceBehavior [ RunTime:0.000000s ]
INFO: [ app_end ] --END-- [ RunTime:0.000000s ]

[ 2017-07-21T09:16:39+08:00 ] 127.0.0.1 /index.php/Home/Goods/getGoodsDynamic
INFO: [ app_begin ] --START--
INFO: Run Behavior\ReadHtmlCacheBehavior [ RunTime:0.000000s ]
INFO: [ app_begin ] --END-- [ RunTime:0.001000s ]
SQL: SHOW COLUMNS FROM `sp_goods` [ RunTime:0.0210s ]
SQL: SHOW COLUMNS FROM `sp_goods_attr` [ RunTime:0.0170s ]
SQL: SELECT a.attr_id,a.attr_name,group_concat(ga.attr_value) attr_values FROM sp_goods_attr ga INNER JOIN sp_attribute a on ga.attr_id = a.attr_id  WHERE ga.goods_id = '43' AND a.attr_sel = 'many' GROUP BY a.attr_id  [ RunTime:0.0030s ]
SQL: SELECT `goods_number` FROM `sp_goods` WHERE `goods_id` = 43 LIMIT 1   [ RunTime:0.0000s ]
SQL: SELECT * FROM `sp_goods` WHERE `goods_id` = 43 LIMIT 1   [ RunTime:0.0000s ]
INFO: [ app_end ] --START--
INFO: Run Behavior\ShowPageTraceBehavior [ RunTime:0.001000s ]
INFO: [ app_end ] --END-- [ RunTime:0.001000s ]

[ 2017-07-21T09:17:36+08:00 ] 127.0.0.1 /index.php/Home/Goods/getGoodsDynamic
INFO: [ app_begin ] --START--
INFO: Run Behavior\ReadHtmlCacheBehavior [ RunTime:0.001000s ]
INFO: [ app_begin ] --END-- [ RunTime:0.001000s ]
SQL: SHOW COLUMNS FROM `sp_goods` [ RunTime:0.0220s ]
SQL: SHOW COLUMNS FROM `sp_goods_attr` [ RunTime:0.0090s ]
SQL: SELECT a.attr_id,a.attr_name,group_concat(ga.attr_value) attr_values FROM sp_goods_attr ga INNER JOIN sp_attribute a on ga.attr_id = a.attr_id  WHERE ga.goods_id = '43' AND a.attr_sel = 'many' GROUP BY a.attr_id  [ RunTime:0.0010s ]
SQL: SELECT `goods_number` FROM `sp_goods` WHERE `goods_id` = 43 LIMIT 1   [ RunTime:0.0000s ]
SQL: SELECT * FROM `sp_goods` WHERE `goods_id` = 43 LIMIT 1   [ RunTime:0.0000s ]
INFO: [ app_end ] --START--
INFO: Run Behavior\ShowPageTraceBehavior [ RunTime:0.001000s ]
INFO: [ app_end ] --END-- [ RunTime:0.001000s ]

[ 2017-07-21T09:19:04+08:00 ] 127.0.0.1 /index.php/Home/Goods/getGoodsDynamic
INFO: [ app_begin ] --START--
INFO: Run Behavior\ReadHtmlCacheBehavior [ RunTime:0.000000s ]
INFO: [ app_begin ] --END-- [ RunTime:0.001000s ]
SQL: SHOW COLUMNS FROM `sp_goods` [ RunTime:0.0100s ]
SQL: SHOW COLUMNS FROM `sp_goods_attr` [ RunTime:0.0060s ]
SQL: SELECT a.attr_id,a.attr_name,group_concat(ga.attr_value) attr_values FROM sp_goods_attr ga INNER JOIN sp_attribute a on ga.attr_id = a.attr_id  WHERE ga.goods_id = '43' AND a.attr_sel = 'many' GROUP BY a.attr_id  [ RunTime:0.0010s ]
SQL: SELECT `goods_number` FROM `sp_goods` WHERE `goods_id` = 43 LIMIT 1   [ RunTime:0.0010s ]
SQL: SELECT * FROM `sp_goods` WHERE `goods_id` = 43 LIMIT 1   [ RunTime:0.0000s ]
INFO: [ app_end ] --START--
INFO: Run Behavior\ShowPageTraceBehavior [ RunTime:0.001000s ]
INFO: [ app_end ] --END-- [ RunTime:0.001000s ]

[ 2017-07-21T09:19:28+08:00 ] 127.0.0.1 /index.php/Home/Goods/getGoodsDynamic
INFO: [ app_begin ] --START--
INFO: Run Behavior\ReadHtmlCacheBehavior [ RunTime:0.000000s ]
INFO: [ app_begin ] --END-- [ RunTime:0.000000s ]
SQL: SHOW COLUMNS FROM `sp_goods` [ RunTime:0.0200s ]
SQL: SHOW COLUMNS FROM `sp_goods_attr` [ RunTime:0.0160s ]
SQL: SELECT a.attr_id,a.attr_name,group_concat(ga.attr_value) attr_values FROM sp_goods_attr ga INNER JOIN sp_attribute a on ga.attr_id = a.attr_id  WHERE ga.goods_id = '43' AND a.attr_sel = 'many' GROUP BY a.attr_id  [ RunTime:0.0010s ]
SQL: SELECT `goods_number` FROM `sp_goods` WHERE `goods_id` = 43 LIMIT 1   [ RunTime:0.0010s ]
SQL: SELECT * FROM `sp_goods` WHERE `goods_id` = 43 LIMIT 1   [ RunTime:0.0000s ]
INFO: [ app_end ] --START--
INFO: Run Behavior\ShowPageTraceBehavior [ RunTime:0.000000s ]
INFO: [ app_end ] --END-- [ RunTime:0.000000s ]

[ 2017-07-21T09:20:27+08:00 ] 127.0.0.1 /index.php/Home/User/checkName
INFO: [ app_begin ] --START--
INFO: Run Behavior\ReadHtmlCacheBehavior [ RunTime:0.001001s ]
INFO: [ app_begin ] --END-- [ RunTime:0.001001s ]
SQL: SHOW COLUMNS FROM `sp_user` [ RunTime:0.0220s ]
SQL: SELECT * FROM `sp_user` WHERE `username` = 'jack' LIMIT 1   [ RunTime:0.0010s ]
INFO: [ app_end ] --START--
INFO: Run Behavior\ShowPageTraceBehavior [ RunTime:0.001000s ]
INFO: [ app_end ] --END-- [ RunTime:0.001000s ]

[ 2017-07-21T09:20:28+08:00 ] 127.0.0.1 /index.php/Home/User/checkPwd
INFO: [ app_begin ] --START--
INFO: Run Behavior\ReadHtmlCacheBehavior [ RunTime:0.001000s ]
INFO: [ app_begin ] --END-- [ RunTime:0.001000s ]
SQL: SHOW COLUMNS FROM `sp_user` [ RunTime:0.0230s ]
SQL: SELECT * FROM `sp_user` WHERE `username` = 'jack' LIMIT 1   [ RunTime:0.0000s ]
INFO: [ app_end ] --START--
INFO: Run Behavior\ShowPageTraceBehavior [ RunTime:0.000000s ]
INFO: [ app_end ] --END-- [ RunTime:0.001000s ]

[ 2017-07-21T09:20:29+08:00 ] 127.0.0.1 /index.php/Home/User/checkVerify
INFO: [ app_begin ] --START--
INFO: Run Behavior\ReadHtmlCacheBehavior [ RunTime:0.001000s ]
INFO: [ app_begin ] --END-- [ RunTime:0.001000s ]
INFO: [ app_end ] --START--
INFO: Run Behavior\ShowPageTraceBehavior [ RunTime:0.001000s ]
INFO: [ app_end ] --END-- [ RunTime:0.001000s ]

[ 2017-07-21T09:20:32+08:00 ] 127.0.0.1 /index.php/Home/User/login
INFO: [ app_begin ] --START--
INFO: Run Behavior\ReadHtmlCacheBehavior [ RunTime:0.001001s ]
INFO: [ app_begin ] --END-- [ RunTime:0.001001s ]
SQL: SHOW COLUMNS FROM `sp_user` [ RunTime:0.0240s ]
SQL: SELECT * FROM `sp_user` WHERE `username` = 'jack' LIMIT 1   [ RunTime:0.0010s ]
INFO: [ app_end ] --START--
INFO: Run Behavior\ShowPageTraceBehavior [ RunTime:0.001000s ]
INFO: [ app_end ] --END-- [ RunTime:0.001000s ]

[ 2017-07-21T09:20:40+08:00 ] 127.0.0.1 /index.php/Home/Goods/getGoodsDynamic
INFO: [ app_begin ] --START--
INFO: Run Behavior\ReadHtmlCacheBehavior [ RunTime:0.000000s ]
INFO: [ app_begin ] --END-- [ RunTime:0.001000s ]
SQL: SHOW COLUMNS FROM `sp_goods` [ RunTime:0.0130s ]
SQL: SHOW COLUMNS FROM `sp_goods_attr` [ RunTime:0.0150s ]
SQL: SELECT a.attr_id,a.attr_name,group_concat(ga.attr_value) attr_values FROM sp_goods_attr ga INNER JOIN sp_attribute a on ga.attr_id = a.attr_id  WHERE ga.goods_id = '43' AND a.attr_sel = 'many' GROUP BY a.attr_id  [ RunTime:0.0010s ]
SQL: SELECT `goods_number` FROM `sp_goods` WHERE `goods_id` = 43 LIMIT 1   [ RunTime:0.0000s ]
SQL: SELECT * FROM `sp_goods` WHERE `goods_id` = 43 LIMIT 1   [ RunTime:0.0000s ]
SQL: SHOW COLUMNS FROM `sp_user` [ RunTime:0.0140s ]
SQL: SELECT * FROM `sp_user` WHERE `user_id` = 133 LIMIT 1   [ RunTime:0.0010s ]
SQL: SHOW COLUMNS FROM `sp_member_level` [ RunTime:0.0890s ]
SQL: SELECT * FROM `sp_member_level` WHERE `jifen_bottom` <= '10000' AND `jifen_top` >= '10000' LIMIT 1   [ RunTime:0.0010s ]
SQL: SHOW COLUMNS FROM `sp_member_price` [ RunTime:0.0390s ]
SQL: SELECT * FROM `sp_member_price` WHERE `goods_id` = '43' AND `level_id` = '16'  [ RunTime:0.0000s ]
NOTIC: [8] Undefined offset: 0 E:\Web\itshop\Application\Home\Model\GoodsModel.class.php 第 159 行.
INFO: [ app_end ] --START--
INFO: Run Behavior\ShowPageTraceBehavior [ RunTime:0.001000s ]
INFO: [ app_end ] --END-- [ RunTime:0.001000s ]

[ 2017-07-21T09:49:00+08:00 ] 127.0.0.1 /index.php/Home/Goods/getGoodsDynamic
INFO: [ app_begin ] --START--
INFO: Run Behavior\ReadHtmlCacheBehavior [ RunTime:0.001000s ]
INFO: [ app_begin ] --END-- [ RunTime:0.001000s ]
SQL: SHOW COLUMNS FROM `sp_goods` [ RunTime:0.0070s ]
SQL: SHOW COLUMNS FROM `sp_goods_attr` [ RunTime:0.0060s ]
SQL: SELECT a.attr_id,a.attr_name,group_concat(ga.attr_value) attr_values FROM sp_goods_attr ga INNER JOIN sp_attribute a on ga.attr_id = a.attr_id  WHERE ga.goods_id = '43' AND a.attr_sel = 'many' GROUP BY a.attr_id  [ RunTime:0.0020s ]
SQL: SELECT `goods_number` FROM `sp_goods` WHERE `goods_id` = 43 LIMIT 1   [ RunTime:0.0010s ]
SQL: SELECT * FROM `sp_goods` WHERE `goods_id` = 43 LIMIT 1   [ RunTime:0.0010s ]
SQL: SHOW COLUMNS FROM `sp_user` [ RunTime:0.0130s ]
SQL: SELECT * FROM `sp_user` WHERE `user_id` = 133 LIMIT 1   [ RunTime:0.0560s ]
SQL: SHOW COLUMNS FROM `sp_member_level` [ RunTime:0.0300s ]
SQL: SELECT * FROM `sp_member_level` WHERE `jifen_bottom` <= '10000' AND `jifen_top` >= '10000' LIMIT 1   [ RunTime:0.0010s ]
SQL: SHOW COLUMNS FROM `sp_member_price` [ RunTime:0.0230s ]
SQL: SELECT * FROM `sp_member_price` WHERE `goods_id` = '43' AND `level_id` = '16'  [ RunTime:0.0000s ]
NOTIC: [8] Undefined offset: 0 E:\Web\itshop\Application\Home\Model\GoodsModel.class.php 第 159 行.
INFO: [ app_end ] --START--
INFO: Run Behavior\ShowPageTraceBehavior [ RunTime:0.001000s ]
INFO: [ app_end ] --END-- [ RunTime:0.001000s ]

[ 2017-07-21T09:52:09+08:00 ] 127.0.0.1 /index.php/Home/Goods/getGoodsDynamic
INFO: [ app_begin ] --START--
INFO: Run Behavior\ReadHtmlCacheBehavior [ RunTime:0.001000s ]
INFO: [ app_begin ] --END-- [ RunTime:0.001000s ]
SQL: SHOW COLUMNS FROM `sp_goods` [ RunTime:0.0140s ]
SQL: SHOW COLUMNS FROM `sp_goods_attr` [ RunTime:0.0120s ]
SQL: SELECT a.attr_id,a.attr_name,group_concat(ga.attr_value) attr_values FROM sp_goods_attr ga INNER JOIN sp_attribute a on ga.attr_id = a.attr_id  WHERE ga.goods_id = '43' AND a.attr_sel = 'many' GROUP BY a.attr_id  [ RunTime:0.0030s ]
SQL: SELECT `goods_number` FROM `sp_goods` WHERE `goods_id` = 43 LIMIT 1   [ RunTime:0.0000s ]
SQL: SELECT * FROM `sp_goods` WHERE `goods_id` = 43 LIMIT 1   [ RunTime:0.0000s ]
SQL: SHOW COLUMNS FROM `sp_user` [ RunTime:0.0130s ]
SQL: SELECT * FROM `sp_user` WHERE `user_id` = 133 LIMIT 1   [ RunTime:0.0000s ]
SQL: SHOW COLUMNS FROM `sp_member_level` [ RunTime:0.0120s ]
SQL: SELECT * FROM `sp_member_level` WHERE `jifen_bottom` <= '10000' AND `jifen_top` >= '10000' LIMIT 1   [ RunTime:0.0010s ]
SQL: SHOW COLUMNS FROM `sp_member_price` [ RunTime:0.0130s ]
SQL: SELECT * FROM `sp_member_price` WHERE `goods_id` = '43' AND `level_id` = '16'  [ RunTime:0.0000s ]
NOTIC: [8] Undefined offset: 0 E:\Web\itshop\Application\Home\Model\GoodsModel.class.php 第 159 行.
INFO: [ app_end ] --START--
INFO: Run Behavior\ShowPageTraceBehavior [ RunTime:0.000000s ]
INFO: [ app_end ] --END-- [ RunTime:0.000000s ]

[ 2017-07-21T09:52:14+08:00 ] 127.0.0.1 /index.php/Home/Goods/getGoodsDynamic
INFO: [ app_begin ] --START--
INFO: Run Behavior\ReadHtmlCacheBehavior [ RunTime:0.000000s ]
INFO: [ app_begin ] --END-- [ RunTime:0.000000s ]
SQL: SHOW COLUMNS FROM `sp_goods` [ RunTime:0.0090s ]
SQL: SHOW COLUMNS FROM `sp_goods_attr` [ RunTime:0.0100s ]
SQL: SELECT a.attr_id,a.attr_name,group_concat(ga.attr_value) attr_values FROM sp_goods_attr ga INNER JOIN sp_attribute a on ga.attr_id = a.attr_id  WHERE ga.goods_id = '43' AND a.attr_sel = 'many' GROUP BY a.attr_id  [ RunTime:0.0010s ]
SQL: SELECT `goods_number` FROM `sp_goods` WHERE `goods_id` = 43 LIMIT 1   [ RunTime:0.0000s ]
SQL: SELECT * FROM `sp_goods` WHERE `goods_id` = 43 LIMIT 1   [ RunTime:0.0000s ]
SQL: SHOW COLUMNS FROM `sp_user` [ RunTime:0.0100s ]
SQL: SELECT * FROM `sp_user` WHERE `user_id` = 133 LIMIT 1   [ RunTime:0.0000s ]
SQL: SHOW COLUMNS FROM `sp_member_level` [ RunTime:0.0130s ]
SQL: SELECT * FROM `sp_member_level` WHERE `jifen_bottom` <= '10000' AND `jifen_top` >= '10000' LIMIT 1   [ RunTime:0.0010s ]
SQL: SHOW COLUMNS FROM `sp_member_price` [ RunTime:0.0060s ]
SQL: SELECT * FROM `sp_member_price` WHERE `goods_id` = '43' AND `level_id` = '16'  [ RunTime:0.0000s ]
NOTIC: [8] Undefined offset: 0 E:\Web\itshop\Application\Home\Model\GoodsModel.class.php 第 159 行.
INFO: [ app_end ] --START--
INFO: Run Behavior\ShowPageTraceBehavior [ RunTime:0.001000s ]
INFO: [ app_end ] --END-- [ RunTime:0.001000s ]

[ 2017-07-21T09:53:21+08:00 ] 127.0.0.1 /index.php/Home/Goods/getGoodsDynamic
INFO: [ app_begin ] --START--
INFO: Run Behavior\ReadHtmlCacheBehavior [ RunTime:0.001000s ]
INFO: [ app_begin ] --END-- [ RunTime:0.001000s ]
SQL: SHOW COLUMNS FROM `sp_goods` [ RunTime:0.0250s ]
SQL: SHOW COLUMNS FROM `sp_goods_attr` [ RunTime:0.0210s ]
SQL: SELECT a.attr_id,a.attr_name,group_concat(ga.attr_value) attr_values FROM sp_goods_attr ga INNER JOIN sp_attribute a on ga.attr_id = a.attr_id  WHERE ga.goods_id = '43' AND a.attr_sel = 'many' GROUP BY a.attr_id  [ RunTime:0.0020s ]
SQL: SELECT `goods_number` FROM `sp_goods` WHERE `goods_id` = 43 LIMIT 1   [ RunTime:0.0000s ]
SQL: SELECT * FROM `sp_goods` WHERE `goods_id` = 43 LIMIT 1   [ RunTime:0.0000s ]
SQL: SHOW COLUMNS FROM `sp_user` [ RunTime:0.0080s ]
SQL: SELECT * FROM `sp_user` WHERE `user_id` = 133 LIMIT 1   [ RunTime:0.0250s ]
SQL: SHOW COLUMNS FROM `sp_member_level` [ RunTime:0.0120s ]
SQL: SELECT * FROM `sp_member_level` WHERE `jifen_bottom` <= '10000' AND `jifen_top` >= '10000' LIMIT 1   [ RunTime:0.0000s ]
SQL: SHOW COLUMNS FROM `sp_member_price` [ RunTime:0.0100s ]
SQL: SELECT * FROM `sp_member_price` WHERE `goods_id` = '43' AND `level_id` = '16'  [ RunTime:0.0000s ]
NOTIC: [8] Undefined offset: 0 E:\Web\itshop\Application\Home\Model\GoodsModel.class.php 第 159 行.
INFO: [ app_end ] --START--
INFO: Run Behavior\ShowPageTraceBehavior [ RunTime:0.001000s ]
INFO: [ app_end ] --END-- [ RunTime:0.001000s ]

[ 2017-07-21T09:56:32+08:00 ] 127.0.0.1 /index.php/Home/Goods/getGoodsDynamic
INFO: [ app_begin ] --START--
INFO: Run Behavior\ReadHtmlCacheBehavior [ RunTime:0.000000s ]
INFO: [ app_begin ] --END-- [ RunTime:0.001000s ]
SQL: SHOW COLUMNS FROM `sp_goods` [ RunTime:0.0140s ]
SQL: SHOW COLUMNS FROM `sp_goods_attr` [ RunTime:0.0150s ]
SQL: SELECT a.attr_id,a.attr_name,group_concat(ga.attr_value) attr_values FROM sp_goods_attr ga INNER JOIN sp_attribute a on ga.attr_id = a.attr_id  WHERE ga.goods_id = '43' AND a.attr_sel = 'many' GROUP BY a.attr_id  [ RunTime:0.0020s ]
SQL: SELECT `goods_number` FROM `sp_goods` WHERE `goods_id` = 43 LIMIT 1   [ RunTime:0.0000s ]
SQL: SELECT * FROM `sp_goods` WHERE `goods_id` = 43 LIMIT 1   [ RunTime:0.0000s ]
SQL: SHOW COLUMNS FROM `sp_user` [ RunTime:0.0130s ]
SQL: SELECT * FROM `sp_user` WHERE `user_id` = 133 LIMIT 1   [ RunTime:0.0010s ]
SQL: SHOW COLUMNS FROM `sp_member_level` [ RunTime:0.0120s ]
SQL: SELECT * FROM `sp_member_level` WHERE `jifen_bottom` <= '10000' AND `jifen_top` >= '10000' LIMIT 1   [ RunTime:0.0000s ]
SQL: SHOW COLUMNS FROM `sp_member_price` [ RunTime:0.0130s ]
SQL: SELECT * FROM `sp_member_price` WHERE `goods_id` = '43' AND `level_id` = '16'  [ RunTime:0.0010s ]
NOTIC: [8] Undefined offset: 0 E:\Web\itshop\Application\Home\Model\GoodsModel.class.php 第 159 行.
INFO: [ app_end ] --START--
INFO: Run Behavior\ShowPageTraceBehavior [ RunTime:0.001000s ]
INFO: [ app_end ] --END-- [ RunTime:0.001000s ]

[ 2017-07-21T09:56:38+08:00 ] 127.0.0.1 /index.php/Home/Goods/getGoodsDynamic
INFO: [ app_begin ] --START--
INFO: Run Behavior\ReadHtmlCacheBehavior [ RunTime:0.001000s ]
INFO: [ app_begin ] --END-- [ RunTime:0.001000s ]
SQL: SHOW COLUMNS FROM `sp_goods` [ RunTime:0.0080s ]
SQL: SHOW COLUMNS FROM `sp_goods_attr` [ RunTime:0.0040s ]
SQL: SELECT a.attr_id,a.attr_name,group_concat(ga.attr_value) attr_values FROM sp_goods_attr ga INNER JOIN sp_attribute a on ga.attr_id = a.attr_id  WHERE ga.goods_id = '43' AND a.attr_sel = 'many' GROUP BY a.attr_id  [ RunTime:0.0010s ]
SQL: SELECT `goods_number` FROM `sp_goods` WHERE `goods_id` = 43 LIMIT 1   [ RunTime:0.0000s ]
SQL: SELECT * FROM `sp_goods` WHERE `goods_id` = 43 LIMIT 1   [ RunTime:0.0000s ]
SQL: SHOW COLUMNS FROM `sp_user` [ RunTime:0.0060s ]
SQL: SELECT * FROM `sp_user` WHERE `user_id` = 133 LIMIT 1   [ RunTime:0.0000s ]
SQL: SHOW COLUMNS FROM `sp_member_level` [ RunTime:0.0040s ]
SQL: SELECT * FROM `sp_member_level` WHERE `jifen_bottom` <= '10000' AND `jifen_top` >= '10000' LIMIT 1   [ RunTime:0.0000s ]
SQL: SHOW COLUMNS FROM `sp_member_price` [ RunTime:0.0030s ]
SQL: SELECT * FROM `sp_member_price` WHERE `goods_id` = '43' AND `level_id` = '16'  [ RunTime:0.0010s ]
NOTIC: [8] Undefined offset: 0 E:\Web\itshop\Application\Home\Model\GoodsModel.class.php 第 159 行.
INFO: [ app_end ] --START--
INFO: Run Behavior\ShowPageTraceBehavior [ RunTime:0.000000s ]
INFO: [ app_end ] --END-- [ RunTime:0.000000s ]

[ 2017-07-21T09:56:41+08:00 ] 127.0.0.1 /index.php/Home/Goods/getGoodsDynamic
INFO: [ app_begin ] --START--
INFO: Run Behavior\ReadHtmlCacheBehavior [ RunTime:0.000000s ]
INFO: [ app_begin ] --END-- [ RunTime:0.001000s ]
SQL: SHOW COLUMNS FROM `sp_goods` [ RunTime:0.0120s ]
SQL: SHOW COLUMNS FROM `sp_goods_attr` [ RunTime:0.0130s ]
SQL: SELECT a.attr_id,a.attr_name,group_concat(ga.attr_value) attr_values FROM sp_goods_attr ga INNER JOIN sp_attribute a on ga.attr_id = a.attr_id  WHERE ga.goods_id = '43' AND a.attr_sel = 'many' GROUP BY a.attr_id  [ RunTime:0.0010s ]
SQL: SELECT `goods_number` FROM `sp_goods` WHERE `goods_id` = 43 LIMIT 1   [ RunTime:0.0000s ]
SQL: SELECT * FROM `sp_goods` WHERE `goods_id` = 43 LIMIT 1   [ RunTime:0.0000s ]
SQL: SHOW COLUMNS FROM `sp_user` [ RunTime:0.0120s ]
SQL: SELECT * FROM `sp_user` WHERE `user_id` = 133 LIMIT 1   [ RunTime:0.0000s ]
SQL: SHOW COLUMNS FROM `sp_member_level` [ RunTime:0.0060s ]
SQL: SELECT * FROM `sp_member_level` WHERE `jifen_bottom` <= '10000' AND `jifen_top` >= '10000' LIMIT 1   [ RunTime:0.0010s ]
SQL: SHOW COLUMNS FROM `sp_member_price` [ RunTime:0.0100s ]
SQL: SELECT * FROM `sp_member_price` WHERE `goods_id` = '43' AND `level_id` = '16'  [ RunTime:0.0000s ]
NOTIC: [8] Undefined offset: 0 E:\Web\itshop\Application\Home\Model\GoodsModel.class.php 第 159 行.
INFO: [ app_end ] --START--
INFO: Run Behavior\ShowPageTraceBehavior [ RunTime:0.001000s ]
INFO: [ app_end ] --END-- [ RunTime:0.001000s ]

[ 2017-07-21T10:01:46+08:00 ] 127.0.0.1 /index.php/Home/Goods/getGoodsDynamic
INFO: [ app_begin ] --START--
INFO: Run Behavior\ReadHtmlCacheBehavior [ RunTime:0.001000s ]
INFO: [ app_begin ] --END-- [ RunTime:0.002000s ]
SQL: SHOW COLUMNS FROM `sp_goods` [ RunTime:0.0230s ]
SQL: SHOW COLUMNS FROM `sp_goods_attr` [ RunTime:0.0210s ]
SQL: SELECT a.attr_id,a.attr_name,group_concat(ga.attr_value) attr_values FROM sp_goods_attr ga INNER JOIN sp_attribute a on ga.attr_id = a.attr_id  WHERE ga.goods_id = '42' AND a.attr_sel = 'many' GROUP BY a.attr_id  [ RunTime:0.0010s ]
SQL: SELECT `goods_number` FROM `sp_goods` WHERE `goods_id` = 42 LIMIT 1   [ RunTime:0.0010s ]
SQL: SELECT * FROM `sp_goods` WHERE `goods_id` = 42 LIMIT 1   [ RunTime:0.0000s ]
SQL: SHOW COLUMNS FROM `sp_user` [ RunTime:0.0120s ]
SQL: SELECT * FROM `sp_user` WHERE `user_id` = 133 LIMIT 1   [ RunTime:0.0080s ]
SQL: SHOW COLUMNS FROM `sp_member_level` [ RunTime:0.0110s ]
SQL: SELECT * FROM `sp_member_level` WHERE `jifen_bottom` <= '10000' AND `jifen_top` >= '10000' LIMIT 1   [ RunTime:0.0010s ]
SQL: SHOW COLUMNS FROM `sp_member_price` [ RunTime:0.0100s ]
SQL: SELECT * FROM `sp_member_price` WHERE `goods_id` = '42' AND `level_id` = '16'  [ RunTime:0.0010s ]
INFO: [ app_end ] --START--
INFO: Run Behavior\ShowPageTraceBehavior [ RunTime:0.001000s ]
INFO: [ app_end ] --END-- [ RunTime:0.001000s ]

[ 2017-07-21T10:04:00+08:00 ] 127.0.0.1 /index.php/Home/Goods/getGoodsDynamic
INFO: [ app_begin ] --START--
INFO: Run Behavior\ReadHtmlCacheBehavior [ RunTime:0.000000s ]
INFO: [ app_begin ] --END-- [ RunTime:0.001000s ]
SQL: SHOW COLUMNS FROM `sp_goods` [ RunTime:0.0190s ]
SQL: SHOW COLUMNS FROM `sp_goods_attr` [ RunTime:0.0170s ]
SQL: SELECT a.attr_id,a.attr_name,group_concat(ga.attr_value) attr_values FROM sp_goods_attr ga INNER JOIN sp_attribute a on ga.attr_id = a.attr_id  WHERE ga.goods_id = '42' AND a.attr_sel = 'many' GROUP BY a.attr_id  [ RunTime:0.0030s ]
SQL: SELECT `goods_number` FROM `sp_goods` WHERE `goods_id` = 42 LIMIT 1   [ RunTime:0.0000s ]
SQL: SELECT * FROM `sp_goods` WHERE `goods_id` = 42 LIMIT 1   [ RunTime:0.0010s ]
SQL: SHOW COLUMNS FROM `sp_user` [ RunTime:0.0090s ]
SQL: SELECT * FROM `sp_user` WHERE `user_id` = 133 LIMIT 1   [ RunTime:0.0000s ]
SQL: SHOW COLUMNS FROM `sp_member_level` [ RunTime:0.0120s ]
SQL: SELECT * FROM `sp_member_level` WHERE `jifen_bottom` <= '10000' AND `jifen_top` >= '10000' LIMIT 1   [ RunTime:0.0010s ]
SQL: SHOW COLUMNS FROM `sp_member_price` [ RunTime:0.0090s ]
SQL: SELECT * FROM `sp_member_price` WHERE `goods_id` = '42' AND `level_id` = '16'  [ RunTime:0.0000s ]
INFO: [ app_end ] --START--
INFO: Run Behavior\ShowPageTraceBehavior [ RunTime:0.001000s ]
INFO: [ app_end ] --END-- [ RunTime:0.001000s ]

[ 2017-07-21T10:04:44+08:00 ] 127.0.0.1 /index.php/Home/Goods/getGoodsDynamic
INFO: [ app_begin ] --START--
INFO: Run Behavior\ReadHtmlCacheBehavior [ RunTime:0.001000s ]
INFO: [ app_begin ] --END-- [ RunTime:0.001000s ]
SQL: SHOW COLUMNS FROM `sp_goods` [ RunTime:0.0130s ]
SQL: SHOW COLUMNS FROM `sp_goods_attr` [ RunTime:0.0130s ]
SQL: SELECT a.attr_id,a.attr_name,group_concat(ga.attr_value) attr_values FROM sp_goods_attr ga INNER JOIN sp_attribute a on ga.attr_id = a.attr_id  WHERE ga.goods_id = '42' AND a.attr_sel = 'many' GROUP BY a.attr_id  [ RunTime:0.0020s ]
SQL: SELECT `goods_number` FROM `sp_goods` WHERE `goods_id` = 42 LIMIT 1   [ RunTime:0.0000s ]
SQL: SELECT * FROM `sp_goods` WHERE `goods_id` = 42 LIMIT 1   [ RunTime:0.0010s ]
SQL: SHOW COLUMNS FROM `sp_user` [ RunTime:0.0070s ]
SQL: SELECT * FROM `sp_user` WHERE `user_id` = 133 LIMIT 1   [ RunTime:0.0000s ]
SQL: SHOW COLUMNS FROM `sp_member_level` [ RunTime:0.0040s ]
SQL: SELECT * FROM `sp_member_level` WHERE `jifen_bottom` <= '10000' AND `jifen_top` >= '10000' LIMIT 1   [ RunTime:0.0000s ]
SQL: SHOW COLUMNS FROM `sp_member_price` [ RunTime:0.0080s ]
SQL: SELECT * FROM `sp_member_price` WHERE `goods_id` = '42' AND `level_id` = '16'  [ RunTime:0.0010s ]
INFO: [ app_end ] --START--
INFO: Run Behavior\ShowPageTraceBehavior [ RunTime:0.000000s ]
INFO: [ app_end ] --END-- [ RunTime:0.000000s ]

[ 2017-07-21T10:07:04+08:00 ] 127.0.0.1 /index.php/Home/Goods/getGoodsDynamic
INFO: [ app_begin ] --START--
INFO: Run Behavior\ReadHtmlCacheBehavior [ RunTime:0.001000s ]
INFO: [ app_begin ] --END-- [ RunTime:0.001000s ]
SQL: SHOW COLUMNS FROM `sp_goods` [ RunTime:0.0160s ]
SQL: SHOW COLUMNS FROM `sp_goods_attr` [ RunTime:0.0200s ]
SQL: SELECT a.attr_id,a.attr_name,group_concat(ga.attr_value) attr_values FROM sp_goods_attr ga INNER JOIN sp_attribute a on ga.attr_id = a.attr_id  WHERE ga.goods_id = '42' AND a.attr_sel = 'many' GROUP BY a.attr_id  [ RunTime:0.0040s ]
SQL: SELECT `goods_number` FROM `sp_goods` WHERE `goods_id` = 42 LIMIT 1   [ RunTime:0.0000s ]
SQL: SELECT * FROM `sp_goods` WHERE `goods_id` = 42 LIMIT 1   [ RunTime:0.0300s ]
SQL: SHOW COLUMNS FROM `sp_user` [ RunTime:0.0190s ]
SQL: SELECT * FROM `sp_user` WHERE `user_id` = 133 LIMIT 1   [ RunTime:0.0020s ]
SQL: SHOW COLUMNS FROM `sp_member_level` [ RunTime:0.0140s ]
SQL: SELECT * FROM `sp_member_level` WHERE `jifen_bottom` <= '10000' AND `jifen_top` >= '10000' LIMIT 1   [ RunTime:0.0000s ]
SQL: SHOW COLUMNS FROM `sp_member_price` [ RunTime:0.0120s ]
SQL: SELECT * FROM `sp_member_price` WHERE `goods_id` = '42' AND `level_id` = '16'  [ RunTime:0.0010s ]
INFO: [ app_end ] --START--
INFO: Run Behavior\ShowPageTraceBehavior [ RunTime:0.001000s ]
INFO: [ app_end ] --END-- [ RunTime:0.001000s ]

