[ 2017-07-11T15:10:28+08:00 ] 127.0.0.1 /index.php/Admin/Manager/checkVerify
INFO: [ app_begin ] --START--
INFO: Run Behavior\ReadHtmlCacheBehavior [ RunTime:0.000000s ]
INFO: [ app_begin ] --END-- [ RunTime:0.000000s ]
INFO: [ app_end ] --START--
INFO: Run Behavior\ShowPageTraceBehavior [ RunTime:0.000000s ]
INFO: [ app_end ] --END-- [ RunTime:0.000000s ]

[ 2017-07-11T15:10:35+08:00 ] 127.0.0.1 /index.php/Admin/Index/top.html
INFO: [ view_parse ] --START--
INFO: [ template_filter ] --START--
INFO: Run Behavior\ContentReplaceBehavior [ RunTime:0.000000s ]
INFO: [ template_filter ] --END-- [ RunTime:0.000000s ]
INFO: Run Behavior\ParseTemplateBehavior [ RunTime:0.035002s ]
INFO: [ view_parse ] --END-- [ RunTime:0.036002s ]
INFO: [ view_filter ] --START--
INFO: Run Behavior\WriteHtmlCacheBehavior [ RunTime:0.001000s ]
INFO: [ view_filter ] --END-- [ RunTime:0.001000s ]
INFO: [ app_end ] --START--
INFO: Run Behavior\ShowPageTraceBehavior [ RunTime:0.001001s ]
INFO: [ app_end ] --END-- [ RunTime:0.001001s ]

[ 2017-07-11T15:10:36+08:00 ] 127.0.0.1 /index.php/Admin/Index/center.html
INFO: [ view_parse ] --START--
INFO: [ template_filter ] --START--
INFO: Run Behavior\ContentReplaceBehavior [ RunTime:0.000000s ]
INFO: [ template_filter ] --END-- [ RunTime:0.000000s ]
INFO: Run Behavior\ParseTemplateBehavior [ RunTime:0.041003s ]
INFO: [ view_parse ] --END-- [ RunTime:0.042003s ]
INFO: [ view_filter ] --START--
INFO: Run Behavior\WriteHtmlCacheBehavior [ RunTime:0.000000s ]
INFO: [ view_filter ] --END-- [ RunTime:0.001000s ]
INFO: [ app_end ] --START--
INFO: Run Behavior\ShowPageTraceBehavior [ RunTime:0.001000s ]
INFO: [ app_end ] --END-- [ RunTime:0.001000s ]

[ 2017-07-11T15:10:37+08:00 ] 127.0.0.1 /index.php/Admin/Index/down.html
INFO: [ view_parse ] --START--
INFO: [ template_filter ] --START--
INFO: Run Behavior\ContentReplaceBehavior [ RunTime:0.000000s ]
INFO: [ template_filter ] --END-- [ RunTime:0.001000s ]
INFO: Run Behavior\ParseTemplateBehavior [ RunTime:0.091005s ]
INFO: [ view_parse ] --END-- [ RunTime:0.091005s ]
INFO: [ view_filter ] --START--
INFO: Run Behavior\WriteHtmlCacheBehavior [ RunTime:0.000000s ]
INFO: [ view_filter ] --END-- [ RunTime:0.000000s ]
INFO: [ app_end ] --START--
INFO: Run Behavior\ShowPageTraceBehavior [ RunTime:0.001001s ]
INFO: [ app_end ] --END-- [ RunTime:0.001001s ]

[ 2017-07-11T15:10:39+08:00 ] 127.0.0.1 /index.php/Admin/Index/left.html
SQL: SHOW COLUMNS FROM `sp_auth` [ RunTime:0.0770s ]
SQL: SELECT * FROM `sp_auth`  [ RunTime:0.0010s ]
INFO: [ view_parse ] --START--
INFO: [ template_filter ] --START--
INFO: Run Behavior\ContentReplaceBehavior [ RunTime:0.000000s ]
INFO: [ template_filter ] --END-- [ RunTime:0.000000s ]
INFO: Run Behavior\ParseTemplateBehavior [ RunTime:0.060004s ]
INFO: [ view_parse ] --END-- [ RunTime:0.060004s ]
INFO: [ view_filter ] --START--
INFO: Run Behavior\WriteHtmlCacheBehavior [ RunTime:0.003000s ]
INFO: [ view_filter ] --END-- [ RunTime:0.003000s ]
INFO: [ app_end ] --START--
INFO: Run Behavior\ShowPageTraceBehavior [ RunTime:0.001000s ]
INFO: [ app_end ] --END-- [ RunTime:0.001000s ]

[ 2017-07-11T15:11:33+08:00 ] 127.0.0.1 /index.php/Admin/Auth/ajaxAdd?auth_name=%E4%BC%9A%E5%91%98%E7%AE%A1%E7%90%86&auth_pid=0&auth_c=&auth_a=
INFO: [ app_begin ] --START--
INFO: Run Behavior\ReadHtmlCacheBehavior [ RunTime:0.002001s ]
INFO: [ app_begin ] --END-- [ RunTime:0.003001s ]
SQL: SHOW COLUMNS FROM `sp_manager` [ RunTime:0.0090s ]
SQL: SELECT r.role_auth_ac FROM sp_manager m INNER JOIN sp_role as r on m.role_id=r.role_id  WHERE m.mg_id = '502' LIMIT 1   [ RunTime:0.0000s ]
SQL: SHOW COLUMNS FROM `sp_auth` [ RunTime:0.0080s ]
SQL: INSERT INTO `sp_auth` (`auth_name`,`auth_pid`,`auth_c`,`auth_a`) VALUES ('会员管理','0','','') [ RunTime:0.0450s ]
INFO: [ app_end ] --START--
INFO: Run Behavior\ShowPageTraceBehavior [ RunTime:0.001000s ]
INFO: [ app_end ] --END-- [ RunTime:0.001000s ]

[ 2017-07-11T15:11:57+08:00 ] 127.0.0.1 /index.php/Admin/Auth/ajaxAdd?auth_name=%E4%BC%9A%E5%91%98%E5%88%97%E8%A1%A8&auth_pid=136&auth_c=Member&auth_a=showlist
INFO: [ app_begin ] --START--
INFO: Run Behavior\ReadHtmlCacheBehavior [ RunTime:0.001000s ]
INFO: [ app_begin ] --END-- [ RunTime:0.001000s ]
SQL: SHOW COLUMNS FROM `sp_manager` [ RunTime:0.0050s ]
SQL: SELECT r.role_auth_ac FROM sp_manager m INNER JOIN sp_role as r on m.role_id=r.role_id  WHERE m.mg_id = '502' LIMIT 1   [ RunTime:0.0010s ]
SQL: SHOW COLUMNS FROM `sp_auth` [ RunTime:0.0050s ]
SQL: INSERT INTO `sp_auth` (`auth_name`,`auth_pid`,`auth_c`,`auth_a`) VALUES ('会员列表','136','Member','showlist') [ RunTime:0.1370s ]
INFO: [ app_end ] --START--
INFO: Run Behavior\ShowPageTraceBehavior [ RunTime:0.001000s ]
INFO: [ app_end ] --END-- [ RunTime:0.001000s ]

[ 2017-07-11T15:14:08+08:00 ] 127.0.0.1 /index.php/Admin/Auth/ajaxAdd?auth_name=%E4%BC%9A%E5%91%98%E7%BA%A7%E5%88%AB%E6%B7%BB%E5%8A%A0&auth_pid=136&auth_c=Member&auth_a=lever
INFO: [ app_begin ] --START--
INFO: Run Behavior\ReadHtmlCacheBehavior [ RunTime:0.001000s ]
INFO: [ app_begin ] --END-- [ RunTime:0.002000s ]
SQL: SHOW COLUMNS FROM `sp_manager` [ RunTime:0.0050s ]
SQL: SELECT r.role_auth_ac FROM sp_manager m INNER JOIN sp_role as r on m.role_id=r.role_id  WHERE m.mg_id = '502' LIMIT 1   [ RunTime:0.0010s ]
SQL: SHOW COLUMNS FROM `sp_auth` [ RunTime:0.0050s ]
SQL: INSERT INTO `sp_auth` (`auth_name`,`auth_pid`,`auth_c`,`auth_a`) VALUES ('会员级别添加','136','Member','lever') [ RunTime:0.0510s ]
INFO: [ app_end ] --START--
INFO: Run Behavior\ShowPageTraceBehavior [ RunTime:0.002000s ]
INFO: [ app_end ] --END-- [ RunTime:0.002000s ]

[ 2017-07-11T15:14:54+08:00 ] 127.0.0.1 /index.php/Admin/Auth/ajaxAdd?auth_name=%E4%BC%9A%E5%91%98%E7%BA%A7%E5%88%AB%E7%AE%A1%E7%90%86&auth_pid=136&auth_c=Member&auth_a=updlever
INFO: [ app_begin ] --START--
INFO: Run Behavior\ReadHtmlCacheBehavior [ RunTime:0.001000s ]
INFO: [ app_begin ] --END-- [ RunTime:0.002001s ]
SQL: SHOW COLUMNS FROM `sp_manager` [ RunTime:0.0110s ]
SQL: SELECT r.role_auth_ac FROM sp_manager m INNER JOIN sp_role as r on m.role_id=r.role_id  WHERE m.mg_id = '502' LIMIT 1   [ RunTime:0.0010s ]
SQL: SHOW COLUMNS FROM `sp_auth` [ RunTime:0.0070s ]
SQL: INSERT INTO `sp_auth` (`auth_name`,`auth_pid`,`auth_c`,`auth_a`) VALUES ('会员级别管理','136','Member','updlever') [ RunTime:0.1330s ]
INFO: [ app_end ] --START--
INFO: Run Behavior\ShowPageTraceBehavior [ RunTime:0.001000s ]
INFO: [ app_end ] --END-- [ RunTime:0.001000s ]

[ 2017-07-11T15:15:02+08:00 ] 127.0.0.1 /index.php/Admin/Index/top.html
INFO: [ view_parse ] --START--
INFO: [ template_filter ] --START--
INFO: Run Behavior\ContentReplaceBehavior [ RunTime:0.000000s ]
INFO: [ template_filter ] --END-- [ RunTime:0.000000s ]
INFO: Run Behavior\ParseTemplateBehavior [ RunTime:0.011000s ]
INFO: [ view_parse ] --END-- [ RunTime:0.012000s ]
INFO: [ view_filter ] --START--
INFO: Run Behavior\WriteHtmlCacheBehavior [ RunTime:0.000000s ]
INFO: [ view_filter ] --END-- [ RunTime:0.000000s ]
INFO: [ app_end ] --START--
INFO: Run Behavior\ShowPageTraceBehavior [ RunTime:0.001000s ]
INFO: [ app_end ] --END-- [ RunTime:0.001000s ]

[ 2017-07-11T15:15:03+08:00 ] 127.0.0.1 /index.php/Admin/Index/center.html
INFO: [ view_parse ] --START--
INFO: [ template_filter ] --START--
INFO: Run Behavior\ContentReplaceBehavior [ RunTime:0.000000s ]
INFO: [ template_filter ] --END-- [ RunTime:0.000000s ]
INFO: Run Behavior\ParseTemplateBehavior [ RunTime:0.009000s ]
INFO: [ view_parse ] --END-- [ RunTime:0.010000s ]
INFO: [ view_filter ] --START--
INFO: Run Behavior\WriteHtmlCacheBehavior [ RunTime:0.001000s ]
INFO: [ view_filter ] --END-- [ RunTime:0.001000s ]
INFO: [ app_end ] --START--
INFO: Run Behavior\ShowPageTraceBehavior [ RunTime:0.001000s ]
INFO: [ app_end ] --END-- [ RunTime:0.001000s ]

[ 2017-07-11T15:15:04+08:00 ] 127.0.0.1 /index.php/Admin/Index/down.html
INFO: [ view_parse ] --START--
INFO: [ template_filter ] --START--
INFO: Run Behavior\ContentReplaceBehavior [ RunTime:0.000000s ]
INFO: [ template_filter ] --END-- [ RunTime:0.000000s ]
INFO: Run Behavior\ParseTemplateBehavior [ RunTime:0.014001s ]
INFO: [ view_parse ] --END-- [ RunTime:0.015001s ]
INFO: [ view_filter ] --START--
INFO: Run Behavior\WriteHtmlCacheBehavior [ RunTime:0.001000s ]
INFO: [ view_filter ] --END-- [ RunTime:0.001000s ]
INFO: [ app_end ] --START--
INFO: Run Behavior\ShowPageTraceBehavior [ RunTime:0.001000s ]
INFO: [ app_end ] --END-- [ RunTime:0.001000s ]

[ 2017-07-11T15:15:05+08:00 ] 127.0.0.1 /index.php/Admin/Index/left.html
SQL: SHOW COLUMNS FROM `sp_auth` [ RunTime:0.0110s ]
SQL: SELECT * FROM `sp_auth`  [ RunTime:0.0010s ]
INFO: [ view_parse ] --START--
INFO: [ template_filter ] --START--
INFO: Run Behavior\ContentReplaceBehavior [ RunTime:0.000000s ]
INFO: [ template_filter ] --END-- [ RunTime:0.000000s ]
INFO: Run Behavior\ParseTemplateBehavior [ RunTime:0.011001s ]
INFO: [ view_parse ] --END-- [ RunTime:0.011001s ]
INFO: [ view_filter ] --START--
INFO: Run Behavior\WriteHtmlCacheBehavior [ RunTime:0.000000s ]
INFO: [ view_filter ] --END-- [ RunTime:0.000000s ]
INFO: [ app_end ] --START--
INFO: Run Behavior\ShowPageTraceBehavior [ RunTime:0.000000s ]
INFO: [ app_end ] --END-- [ RunTime:0.001000s ]

[ 2017-07-11T15:18:37+08:00 ] 127.0.0.1 /index.php/Admin/Member/lever
ERR: 非法操作:lever

[ 2017-07-11T15:18:39+08:00 ] 127.0.0.1 /index.php/Admin/Member/updlever
ERR: 非法操作:updlever

[ 2017-07-11T15:18:43+08:00 ] 127.0.0.1 /index.php/Admin/Member/showlist
ERR: 非法操作:showlist

[ 2017-07-11T15:33:30+08:00 ] 127.0.0.1 /index.php/Admin/Member/showlist
ERR: SQLSTATE[42S02]: Base table or view not found: 1146 Table 'itshop.sp_member' doesn't exist

[ 2017-07-11T15:33:52+08:00 ] 127.0.0.1 /index.php/Admin/Member/showlist
ERR: SQLSTATE[42S02]: Base table or view not found: 1146 Table 'itshop.sp_member_lever' doesn't exist

[ 2017-07-11T15:35:50+08:00 ] 127.0.0.1 /index.php/Admin/Member/showlist
ERR: SQLSTATE[42S02]: Base table or view not found: 1146 Table 'itshop.sp_member_lever' doesn't exist

[ 2017-07-11T15:37:17+08:00 ] 127.0.0.1 /index.php/Admin/Member/showlist
ERR: SQLSTATE[42S02]: Base table or view not found: 1146 Table 'itshop.sp_member_lelver' doesn't exist

[ 2017-07-11T15:47:45+08:00 ] 127.0.0.1 /index.php/Admin/Member/tianjia
INFO: [ app_begin ] --START--
INFO: Run Behavior\ReadHtmlCacheBehavior [ RunTime:0.000000s ]
INFO: [ app_begin ] --END-- [ RunTime:0.002000s ]
SQL: SHOW COLUMNS FROM `sp_manager` [ RunTime:0.0080s ]
SQL: SELECT r.role_auth_ac FROM sp_manager m INNER JOIN sp_role as r on m.role_id=r.role_id  WHERE m.mg_id = '502' LIMIT 1   [ RunTime:0.0010s ]
SQL: SHOW COLUMNS FROM `sp_member_level` [ RunTime:0.0060s ]
SQL: INSERT INTO `sp_member_level` (`level_name`,`level_rate`,`jifen_bottom`,`jifen_top`) VALUES ('青铜会员','998','1','1000') [ RunTime:0.0010s ]
INFO: [ app_end ] --START--
INFO: Run Behavior\ShowPageTraceBehavior [ RunTime:0.000000s ]
INFO: [ app_end ] --END-- [ RunTime:0.000000s ]

[ 2017-07-11T15:51:35+08:00 ] 127.0.0.1 /index.php/Admin/Member/tianjia
INFO: [ app_begin ] --START--
INFO: Run Behavior\ReadHtmlCacheBehavior [ RunTime:0.001000s ]
INFO: [ app_begin ] --END-- [ RunTime:0.002000s ]
SQL: SHOW COLUMNS FROM `sp_manager` [ RunTime:0.0050s ]
SQL: SELECT r.role_auth_ac FROM sp_manager m INNER JOIN sp_role as r on m.role_id=r.role_id  WHERE m.mg_id = '502' LIMIT 1   [ RunTime:0.0000s ]
SQL: SHOW COLUMNS FROM `sp_member_level` [ RunTime:0.0050s ]
SQL: INSERT INTO `sp_member_level` (`level_name`,`level_rate`,`jifen_bottom`,`jifen_top`) VALUES ('白银','997','1001','5000') [ RunTime:0.0010s ]
INFO: [ app_end ] --START--
INFO: Run Behavior\ShowPageTraceBehavior [ RunTime:0.000000s ]
INFO: [ app_end ] --END-- [ RunTime:0.000000s ]

[ 2017-07-11T15:52:00+08:00 ] 127.0.0.1 /index.php/Admin/Member/tianjia
INFO: [ app_begin ] --START--
INFO: Run Behavior\ReadHtmlCacheBehavior [ RunTime:0.001000s ]
INFO: [ app_begin ] --END-- [ RunTime:0.001000s ]
SQL: SHOW COLUMNS FROM `sp_manager` [ RunTime:0.0070s ]
SQL: SELECT r.role_auth_ac FROM sp_manager m INNER JOIN sp_role as r on m.role_id=r.role_id  WHERE m.mg_id = '502' LIMIT 1   [ RunTime:0.0020s ]
SQL: SHOW COLUMNS FROM `sp_member_level` [ RunTime:0.0070s ]
SQL: INSERT INTO `sp_member_level` (`level_name`,`level_rate`,`jifen_bottom`,`jifen_top`) VALUES ('黄金','997','5001','20000') [ RunTime:0.0070s ]
INFO: [ app_end ] --START--
INFO: Run Behavior\ShowPageTraceBehavior [ RunTime:0.001000s ]
INFO: [ app_end ] --END-- [ RunTime:0.001000s ]

[ 2017-07-11T15:52:56+08:00 ] 127.0.0.1 /index.php/Admin/Member/lever
ERR: 非法操作:lever

[ 2017-07-11T15:53:07+08:00 ] 127.0.0.1 /index.php/Admin/Index/top.html
INFO: [ view_parse ] --START--
INFO: [ template_filter ] --START--
INFO: Run Behavior\ContentReplaceBehavior [ RunTime:0.000000s ]
INFO: [ template_filter ] --END-- [ RunTime:0.000000s ]
INFO: Run Behavior\ParseTemplateBehavior [ RunTime:0.008000s ]
INFO: [ view_parse ] --END-- [ RunTime:0.009000s ]
INFO: [ view_filter ] --START--
INFO: Run Behavior\WriteHtmlCacheBehavior [ RunTime:0.000000s ]
INFO: [ view_filter ] --END-- [ RunTime:0.000000s ]
INFO: [ app_end ] --START--
INFO: Run Behavior\ShowPageTraceBehavior [ RunTime:0.001000s ]
INFO: [ app_end ] --END-- [ RunTime:0.001000s ]

[ 2017-07-11T15:53:08+08:00 ] 127.0.0.1 /index.php/Admin/Index/center.html
INFO: [ view_parse ] --START--
INFO: [ template_filter ] --START--
INFO: Run Behavior\ContentReplaceBehavior [ RunTime:0.000000s ]
INFO: [ template_filter ] --END-- [ RunTime:0.000000s ]
INFO: Run Behavior\ParseTemplateBehavior [ RunTime:0.007001s ]
INFO: [ view_parse ] --END-- [ RunTime:0.007001s ]
INFO: [ view_filter ] --START--
INFO: Run Behavior\WriteHtmlCacheBehavior [ RunTime:0.000000s ]
INFO: [ view_filter ] --END-- [ RunTime:0.000000s ]
INFO: [ app_end ] --START--
INFO: Run Behavior\ShowPageTraceBehavior [ RunTime:0.000000s ]
INFO: [ app_end ] --END-- [ RunTime:0.001000s ]

[ 2017-07-11T15:53:09+08:00 ] 127.0.0.1 /index.php/Admin/Index/down.html
INFO: [ view_parse ] --START--
INFO: [ template_filter ] --START--
INFO: Run Behavior\ContentReplaceBehavior [ RunTime:0.000000s ]
INFO: [ template_filter ] --END-- [ RunTime:0.000000s ]
INFO: Run Behavior\ParseTemplateBehavior [ RunTime:0.008001s ]
INFO: [ view_parse ] --END-- [ RunTime:0.009001s ]
INFO: [ view_filter ] --START--
INFO: Run Behavior\WriteHtmlCacheBehavior [ RunTime:0.000000s ]
INFO: [ view_filter ] --END-- [ RunTime:0.000000s ]
INFO: [ app_end ] --START--
INFO: Run Behavior\ShowPageTraceBehavior [ RunTime:0.001000s ]
INFO: [ app_end ] --END-- [ RunTime:0.001000s ]

[ 2017-07-11T15:53:10+08:00 ] 127.0.0.1 /index.php/Admin/Index/left.html
SQL: SHOW COLUMNS FROM `sp_auth` [ RunTime:0.0030s ]
SQL: SELECT * FROM `sp_auth`  [ RunTime:0.0000s ]
INFO: [ view_parse ] --START--
INFO: [ template_filter ] --START--
INFO: Run Behavior\ContentReplaceBehavior [ RunTime:0.000000s ]
INFO: [ template_filter ] --END-- [ RunTime:0.000000s ]
INFO: Run Behavior\ParseTemplateBehavior [ RunTime:0.009000s ]
INFO: [ view_parse ] --END-- [ RunTime:0.009000s ]
INFO: [ view_filter ] --START--
INFO: Run Behavior\WriteHtmlCacheBehavior [ RunTime:0.001000s ]
INFO: [ view_filter ] --END-- [ RunTime:0.001000s ]
INFO: [ app_end ] --START--
INFO: Run Behavior\ShowPageTraceBehavior [ RunTime:0.001000s ]
INFO: [ app_end ] --END-- [ RunTime:0.001000s ]

[ 2017-07-11T15:56:26+08:00 ] 127.0.0.1 /index.php/Admin/Member/updlever
ERR: 非法操作:updlever

[ 2017-07-11T15:56:33+08:00 ] 127.0.0.1 /index.php/Admin/Index/top.html
INFO: [ view_parse ] --START--
INFO: [ template_filter ] --START--
INFO: Run Behavior\ContentReplaceBehavior [ RunTime:0.000000s ]
INFO: [ template_filter ] --END-- [ RunTime:0.000000s ]
INFO: Run Behavior\ParseTemplateBehavior [ RunTime:0.007000s ]
INFO: [ view_parse ] --END-- [ RunTime:0.008000s ]
INFO: [ view_filter ] --START--
INFO: Run Behavior\WriteHtmlCacheBehavior [ RunTime:0.001000s ]
INFO: [ view_filter ] --END-- [ RunTime:0.001000s ]
INFO: [ app_end ] --START--
INFO: Run Behavior\ShowPageTraceBehavior [ RunTime:0.001000s ]
INFO: [ app_end ] --END-- [ RunTime:0.001000s ]

[ 2017-07-11T15:56:34+08:00 ] 127.0.0.1 /index.php/Admin/Index/center.html
INFO: [ view_parse ] --START--
INFO: [ template_filter ] --START--
INFO: Run Behavior\ContentReplaceBehavior [ RunTime:0.000000s ]
INFO: [ template_filter ] --END-- [ RunTime:0.000000s ]
INFO: Run Behavior\ParseTemplateBehavior [ RunTime:0.009000s ]
INFO: [ view_parse ] --END-- [ RunTime:0.010000s ]
INFO: [ view_filter ] --START--
INFO: Run Behavior\WriteHtmlCacheBehavior [ RunTime:0.001000s ]
INFO: [ view_filter ] --END-- [ RunTime:0.001000s ]
INFO: [ app_end ] --START--
INFO: Run Behavior\ShowPageTraceBehavior [ RunTime:0.000000s ]
INFO: [ app_end ] --END-- [ RunTime:0.000000s ]

[ 2017-07-11T15:56:35+08:00 ] 127.0.0.1 /index.php/Admin/Index/down.html
INFO: [ view_parse ] --START--
INFO: [ template_filter ] --START--
INFO: Run Behavior\ContentReplaceBehavior [ RunTime:0.000000s ]
INFO: [ template_filter ] --END-- [ RunTime:0.000000s ]
INFO: Run Behavior\ParseTemplateBehavior [ RunTime:0.007001s ]
INFO: [ view_parse ] --END-- [ RunTime:0.007001s ]
INFO: [ view_filter ] --START--
INFO: Run Behavior\WriteHtmlCacheBehavior [ RunTime:0.000000s ]
INFO: [ view_filter ] --END-- [ RunTime:0.000000s ]
INFO: [ app_end ] --START--
INFO: Run Behavior\ShowPageTraceBehavior [ RunTime:0.001000s ]
INFO: [ app_end ] --END-- [ RunTime:0.001000s ]

[ 2017-07-11T15:56:37+08:00 ] 127.0.0.1 /index.php/Admin/Index/left.html
SQL: SHOW COLUMNS FROM `sp_auth` [ RunTime:0.0050s ]
SQL: SELECT * FROM `sp_auth`  [ RunTime:0.0000s ]
INFO: [ view_parse ] --START--
INFO: [ template_filter ] --START--
INFO: Run Behavior\ContentReplaceBehavior [ RunTime:0.000000s ]
INFO: [ template_filter ] --END-- [ RunTime:0.000000s ]
INFO: Run Behavior\ParseTemplateBehavior [ RunTime:0.010001s ]
INFO: [ view_parse ] --END-- [ RunTime:0.010001s ]
INFO: [ view_filter ] --START--
INFO: Run Behavior\WriteHtmlCacheBehavior [ RunTime:0.000000s ]
INFO: [ view_filter ] --END-- [ RunTime:0.000000s ]
INFO: [ app_end ] --START--
INFO: Run Behavior\ShowPageTraceBehavior [ RunTime:0.001000s ]
INFO: [ app_end ] --END-- [ RunTime:0.001000s ]

[ 2017-07-11T15:56:51+08:00 ] 127.0.0.1 /index.php/Admin/Member/update.html
ERR: 非法操作:update

[ 2017-07-11T16:02:57+08:00 ] 127.0.0.1 /index.php/Admin/Member/updlevl
INFO: [ app_begin ] --START--
INFO: Run Behavior\ReadHtmlCacheBehavior [ RunTime:0.001000s ]
INFO: [ app_begin ] --END-- [ RunTime:0.002000s ]
SQL: SHOW COLUMNS FROM `sp_manager` [ RunTime:0.0060s ]
SQL: SELECT r.role_auth_ac FROM sp_manager m INNER JOIN sp_role as r on m.role_id=r.role_id  WHERE m.mg_id = '502' LIMIT 1   [ RunTime:0.0010s ]
ERR: 非法操作:updlevl

[ 2017-07-11T16:03:21+08:00 ] 127.0.0.1 /index.php/Admin/Member/updlevel
INFO: [ app_begin ] --START--
INFO: Run Behavior\ReadHtmlCacheBehavior [ RunTime:0.000000s ]
INFO: [ app_begin ] --END-- [ RunTime:0.001000s ]
SQL: SHOW COLUMNS FROM `sp_manager` [ RunTime:0.0070s ]
SQL: SELECT r.role_auth_ac FROM sp_manager m INNER JOIN sp_role as r on m.role_id=r.role_id  WHERE m.mg_id = '502' LIMIT 1   [ RunTime:0.0000s ]
SQL: SHOW COLUMNS FROM `sp_member_level` [ RunTime:0.0070s ]
INFO: [ app_end ] --START--
INFO: Run Behavior\ShowPageTraceBehavior [ RunTime:0.001000s ]
INFO: [ app_end ] --END-- [ RunTime:0.001000s ]

[ 2017-07-11T16:03:41+08:00 ] 127.0.0.1 /index.php/Admin/Member/updlevel
INFO: [ app_begin ] --START--
INFO: Run Behavior\ReadHtmlCacheBehavior [ RunTime:0.000000s ]
INFO: [ app_begin ] --END-- [ RunTime:0.002000s ]
SQL: SHOW COLUMNS FROM `sp_manager` [ RunTime:0.0040s ]
SQL: SELECT r.role_auth_ac FROM sp_manager m INNER JOIN sp_role as r on m.role_id=r.role_id  WHERE m.mg_id = '502' LIMIT 1   [ RunTime:0.0000s ]
SQL: SHOW COLUMNS FROM `sp_member_level` [ RunTime:0.0040s ]
INFO: [ app_end ] --START--
INFO: Run Behavior\ShowPageTraceBehavior [ RunTime:0.001000s ]
INFO: [ app_end ] --END-- [ RunTime:0.001000s ]

[ 2017-07-11T16:04:32+08:00 ] 127.0.0.1 /index.php/Admin/Member/updlevel
INFO: [ app_begin ] --START--
INFO: Run Behavior\ReadHtmlCacheBehavior [ RunTime:0.001000s ]
INFO: [ app_begin ] --END-- [ RunTime:0.002000s ]
SQL: SHOW COLUMNS FROM `sp_manager` [ RunTime:0.0080s ]
SQL: SELECT r.role_auth_ac FROM sp_manager m INNER JOIN sp_role as r on m.role_id=r.role_id  WHERE m.mg_id = '502' LIMIT 1   [ RunTime:0.0000s ]

[ 2017-07-11T16:04:57+08:00 ] 127.0.0.1 /index.php/Admin/Member/updlevel
INFO: [ app_begin ] --START--
INFO: Run Behavior\ReadHtmlCacheBehavior [ RunTime:0.000000s ]
INFO: [ app_begin ] --END-- [ RunTime:0.002000s ]
SQL: SHOW COLUMNS FROM `sp_manager` [ RunTime:0.0050s ]
SQL: SELECT r.role_auth_ac FROM sp_manager m INNER JOIN sp_role as r on m.role_id=r.role_id  WHERE m.mg_id = '502' LIMIT 1   [ RunTime:0.0000s ]
SQL: SHOW COLUMNS FROM `sp_member_level` [ RunTime:0.0060s ]

[ 2017-07-11T16:07:21+08:00 ] 127.0.0.1 /index.php/Admin/Member/updlevel
INFO: [ app_begin ] --START--
INFO: Run Behavior\ReadHtmlCacheBehavior [ RunTime:0.002000s ]
INFO: [ app_begin ] --END-- [ RunTime:0.003000s ]
SQL: SHOW COLUMNS FROM `sp_manager` [ RunTime:0.0070s ]
SQL: SELECT r.role_auth_ac FROM sp_manager m INNER JOIN sp_role as r on m.role_id=r.role_id  WHERE m.mg_id = '502' LIMIT 1   [ RunTime:0.0010s ]
SQL: SHOW COLUMNS FROM `sp_member_level` [ RunTime:0.0050s ]
INFO: [ app_end ] --START--
INFO: Run Behavior\ShowPageTraceBehavior [ RunTime:0.001000s ]
INFO: [ app_end ] --END-- [ RunTime:0.002000s ]

[ 2017-07-11T16:07:46+08:00 ] 127.0.0.1 /index.php/Admin/Member/updlevel
INFO: [ app_begin ] --START--
INFO: Run Behavior\ReadHtmlCacheBehavior [ RunTime:0.001000s ]
INFO: [ app_begin ] --END-- [ RunTime:0.002000s ]
SQL: SHOW COLUMNS FROM `sp_manager` [ RunTime:0.0090s ]
SQL: SELECT r.role_auth_ac FROM sp_manager m INNER JOIN sp_role as r on m.role_id=r.role_id  WHERE m.mg_id = '502' LIMIT 1   [ RunTime:0.0000s ]
SQL: SHOW COLUMNS FROM `sp_member_level` [ RunTime:0.0080s ]

[ 2017-07-11T16:08:11+08:00 ] 127.0.0.1 /index.php/Admin/Member/updlevel
INFO: [ app_begin ] --START--
INFO: Run Behavior\ReadHtmlCacheBehavior [ RunTime:0.000000s ]
INFO: [ app_begin ] --END-- [ RunTime:0.001000s ]
SQL: SHOW COLUMNS FROM `sp_manager` [ RunTime:0.0050s ]
SQL: SELECT r.role_auth_ac FROM sp_manager m INNER JOIN sp_role as r on m.role_id=r.role_id  WHERE m.mg_id = '502' LIMIT 1   [ RunTime:0.0000s ]
SQL: SHOW COLUMNS FROM `sp_member_level` [ RunTime:0.0070s ]

[ 2017-07-11T16:11:16+08:00 ] 127.0.0.1 /index.php/Admin/Member/updlevel
INFO: [ app_begin ] --START--
INFO: Run Behavior\ReadHtmlCacheBehavior [ RunTime:0.001000s ]
INFO: [ app_begin ] --END-- [ RunTime:0.002000s ]
SQL: SHOW COLUMNS FROM `sp_manager` [ RunTime:0.0060s ]
SQL: SELECT r.role_auth_ac FROM sp_manager m INNER JOIN sp_role as r on m.role_id=r.role_id  WHERE m.mg_id = '502' LIMIT 1   [ RunTime:0.0010s ]
SQL: SHOW COLUMNS FROM `sp_member_level` [ RunTime:0.0050s ]
NOTIC: [8] Undefined variable: id E:\Web\itshop\Application\Admin\Controller\MemberController.class.php 第 47 行.
SQL: UPDATE `sp_member_level` SET `id`='16',`level_name`='',`level_rate`='0',`jifen_bottom`='0',`jifen_top`='15000' WHERE `id` = null [ RunTime:0.0000s ]
INFO: [ app_end ] --START--
INFO: Run Behavior\ShowPageTraceBehavior [ RunTime:0.001001s ]
INFO: [ app_end ] --END-- [ RunTime:0.001001s ]

[ 2017-07-11T16:11:56+08:00 ] 127.0.0.1 /index.php/Admin/Member/updlevel
INFO: [ app_begin ] --START--
INFO: Run Behavior\ReadHtmlCacheBehavior [ RunTime:0.001000s ]
INFO: [ app_begin ] --END-- [ RunTime:0.002000s ]
SQL: SHOW COLUMNS FROM `sp_manager` [ RunTime:0.0050s ]
SQL: SELECT r.role_auth_ac FROM sp_manager m INNER JOIN sp_role as r on m.role_id=r.role_id  WHERE m.mg_id = '502' LIMIT 1   [ RunTime:0.0010s ]
SQL: SHOW COLUMNS FROM `sp_member_level` [ RunTime:0.0050s ]
NOTIC: [8] Undefined variable: id E:\Web\itshop\Application\Admin\Controller\MemberController.class.php 第 48 行.
SQL: UPDATE `sp_member_level` SET `id`='16',`level_name`='',`level_rate`='0',`jifen_bottom`='0',`jifen_top`='15000' WHERE `id` = null [ RunTime:0.0000s ]
INFO: [ app_end ] --START--
INFO: Run Behavior\ShowPageTraceBehavior [ RunTime:0.001000s ]
INFO: [ app_end ] --END-- [ RunTime:0.001000s ]

[ 2017-07-11T16:12:28+08:00 ] 127.0.0.1 /index.php/Admin/Member/updlevel
INFO: [ app_begin ] --START--
INFO: Run Behavior\ReadHtmlCacheBehavior [ RunTime:0.000000s ]
INFO: [ app_begin ] --END-- [ RunTime:0.001000s ]
SQL: SHOW COLUMNS FROM `sp_manager` [ RunTime:0.0050s ]
SQL: SELECT r.role_auth_ac FROM sp_manager m INNER JOIN sp_role as r on m.role_id=r.role_id  WHERE m.mg_id = '502' LIMIT 1   [ RunTime:0.0000s ]
SQL: SHOW COLUMNS FROM `sp_member_level` [ RunTime:0.0040s ]
SQL: UPDATE `sp_member_level` SET `level_name`='',`level_rate`='0',`jifen_bottom`='0',`jifen_top`='15000' WHERE `id` = 16 [ RunTime:0.0000s ]
INFO: [ app_end ] --START--
INFO: Run Behavior\ShowPageTraceBehavior [ RunTime:0.001000s ]
INFO: [ app_end ] --END-- [ RunTime:0.001000s ]

[ 2017-07-11T16:13:40+08:00 ] 127.0.0.1 /index.php/Admin/Member/updlevel
INFO: [ app_begin ] --START--
INFO: Run Behavior\ReadHtmlCacheBehavior [ RunTime:0.002000s ]
INFO: [ app_begin ] --END-- [ RunTime:0.003000s ]
SQL: SHOW COLUMNS FROM `sp_manager` [ RunTime:0.0060s ]
SQL: SELECT r.role_auth_ac FROM sp_manager m INNER JOIN sp_role as r on m.role_id=r.role_id  WHERE m.mg_id = '502' LIMIT 1   [ RunTime:0.0000s ]
SQL: SHOW COLUMNS FROM `sp_member_level` [ RunTime:0.0040s ]
SQL: UPDATE `sp_member_level` SET `level_name`='',`level_rate`='0',`jifen_bottom`='0',`jifen_top`='2000' WHERE `id` = 14 [ RunTime:0.0010s ]
INFO: [ app_end ] --START--
INFO: Run Behavior\ShowPageTraceBehavior [ RunTime:0.001000s ]
INFO: [ app_end ] --END-- [ RunTime:0.001000s ]

[ 2017-07-11T16:14:53+08:00 ] 127.0.0.1 /index.php/Admin/Index/top.html
INFO: [ view_parse ] --START--
INFO: [ template_filter ] --START--
INFO: Run Behavior\ContentReplaceBehavior [ RunTime:0.000000s ]
INFO: [ template_filter ] --END-- [ RunTime:0.000000s ]
INFO: Run Behavior\ParseTemplateBehavior [ RunTime:0.010001s ]
INFO: [ view_parse ] --END-- [ RunTime:0.011001s ]
INFO: [ view_filter ] --START--
INFO: Run Behavior\WriteHtmlCacheBehavior [ RunTime:0.000000s ]
INFO: [ view_filter ] --END-- [ RunTime:0.000000s ]
INFO: [ app_end ] --START--
INFO: Run Behavior\ShowPageTraceBehavior [ RunTime:0.001000s ]
INFO: [ app_end ] --END-- [ RunTime:0.001000s ]

[ 2017-07-11T16:14:54+08:00 ] 127.0.0.1 /index.php/Admin/Index/center.html
INFO: [ view_parse ] --START--
INFO: [ template_filter ] --START--
INFO: Run Behavior\ContentReplaceBehavior [ RunTime:0.000000s ]
INFO: [ template_filter ] --END-- [ RunTime:0.000000s ]
INFO: Run Behavior\ParseTemplateBehavior [ RunTime:0.006000s ]
INFO: [ view_parse ] --END-- [ RunTime:0.007000s ]
INFO: [ view_filter ] --START--
INFO: Run Behavior\WriteHtmlCacheBehavior [ RunTime:0.001000s ]
INFO: [ view_filter ] --END-- [ RunTime:0.001000s ]
INFO: [ app_end ] --START--
INFO: Run Behavior\ShowPageTraceBehavior [ RunTime:0.000000s ]
INFO: [ app_end ] --END-- [ RunTime:0.000000s ]

[ 2017-07-11T16:14:55+08:00 ] 127.0.0.1 /index.php/Admin/Index/down.html
INFO: [ view_parse ] --START--
INFO: [ template_filter ] --START--
INFO: Run Behavior\ContentReplaceBehavior [ RunTime:0.000000s ]
INFO: [ template_filter ] --END-- [ RunTime:0.000000s ]
INFO: Run Behavior\ParseTemplateBehavior [ RunTime:0.006001s ]
INFO: [ view_parse ] --END-- [ RunTime:0.006001s ]
INFO: [ view_filter ] --START--
INFO: Run Behavior\WriteHtmlCacheBehavior [ RunTime:0.001000s ]
INFO: [ view_filter ] --END-- [ RunTime:0.001000s ]
INFO: [ app_end ] --START--
INFO: Run Behavior\ShowPageTraceBehavior [ RunTime:0.001000s ]
INFO: [ app_end ] --END-- [ RunTime:0.001000s ]

[ 2017-07-11T16:14:58+08:00 ] 127.0.0.1 /index.php/Admin/Index/left.html
SQL: SHOW COLUMNS FROM `sp_auth` [ RunTime:0.0050s ]
SQL: SELECT * FROM `sp_auth`  [ RunTime:0.0000s ]
INFO: [ view_parse ] --START--
INFO: [ template_filter ] --START--
INFO: Run Behavior\ContentReplaceBehavior [ RunTime:0.000000s ]
INFO: [ template_filter ] --END-- [ RunTime:0.000000s ]
INFO: Run Behavior\ParseTemplateBehavior [ RunTime:0.010000s ]
INFO: [ view_parse ] --END-- [ RunTime:0.010000s ]
INFO: [ view_filter ] --START--
INFO: Run Behavior\WriteHtmlCacheBehavior [ RunTime:0.000000s ]
INFO: [ view_filter ] --END-- [ RunTime:0.000000s ]
INFO: [ app_end ] --START--
INFO: Run Behavior\ShowPageTraceBehavior [ RunTime:0.001001s ]
INFO: [ app_end ] --END-- [ RunTime:0.001001s ]

[ 2017-07-11T16:15:33+08:00 ] 127.0.0.1 /index.php/Admin/Member/updlevel
INFO: [ app_begin ] --START--
INFO: Run Behavior\ReadHtmlCacheBehavior [ RunTime:0.001000s ]
INFO: [ app_begin ] --END-- [ RunTime:0.002000s ]
SQL: SHOW COLUMNS FROM `sp_manager` [ RunTime:0.0040s ]
SQL: SELECT r.role_auth_ac FROM sp_manager m INNER JOIN sp_role as r on m.role_id=r.role_id  WHERE m.mg_id = '502' LIMIT 1   [ RunTime:0.0300s ]
SQL: SHOW COLUMNS FROM `sp_member_level` [ RunTime:0.0040s ]
SQL: UPDATE `sp_member_level` SET `level_name`='黄金',`level_rate`='996',`jifen_bottom`='6001',`jifen_top`='0' WHERE `id` = 16 [ RunTime:0.0010s ]
INFO: [ app_end ] --START--
INFO: Run Behavior\ShowPageTraceBehavior [ RunTime:0.001000s ]
INFO: [ app_end ] --END-- [ RunTime:0.001000s ]

[ 2017-07-11T16:15:58+08:00 ] 127.0.0.1 /index.php/Admin/Member/updlevel
INFO: [ app_begin ] --START--
INFO: Run Behavior\ReadHtmlCacheBehavior [ RunTime:0.001000s ]
INFO: [ app_begin ] --END-- [ RunTime:0.001000s ]
SQL: SHOW COLUMNS FROM `sp_manager` [ RunTime:0.0060s ]
SQL: SELECT r.role_auth_ac FROM sp_manager m INNER JOIN sp_role as r on m.role_id=r.role_id  WHERE m.mg_id = '502' LIMIT 1   [ RunTime:0.0010s ]
SQL: SHOW COLUMNS FROM `sp_member_level` [ RunTime:0.0060s ]
SQL: UPDATE `sp_member_level` SET `level_name`='黄金',`level_rate`='996',`jifen_bottom`='6001',`jifen_top`='15000' WHERE `id` = 16 [ RunTime:0.0010s ]
INFO: [ app_end ] --START--
INFO: Run Behavior\ShowPageTraceBehavior [ RunTime:0.001000s ]
INFO: [ app_end ] --END-- [ RunTime:0.001000s ]

[ 2017-07-11T16:16:38+08:00 ] 127.0.0.1 /index.php/Admin/Member/updlevel
INFO: [ app_begin ] --START--
INFO: Run Behavior\ReadHtmlCacheBehavior [ RunTime:0.000000s ]
INFO: [ app_begin ] --END-- [ RunTime:0.001000s ]
SQL: SHOW COLUMNS FROM `sp_manager` [ RunTime:0.0080s ]
SQL: SELECT r.role_auth_ac FROM sp_manager m INNER JOIN sp_role as r on m.role_id=r.role_id  WHERE m.mg_id = '502' LIMIT 1   [ RunTime:0.0010s ]
SQL: SHOW COLUMNS FROM `sp_member_level` [ RunTime:0.0070s ]
SQL: UPDATE `sp_member_level` SET `level_name`='黄金会员',`level_rate`='996',`jifen_bottom`='5001',`jifen_top`='15000' WHERE `id` = 16 [ RunTime:0.0010s ]
INFO: [ app_end ] --START--
INFO: Run Behavior\ShowPageTraceBehavior [ RunTime:0.001001s ]
INFO: [ app_end ] --END-- [ RunTime:0.001001s ]

[ 2017-07-11T16:16:58+08:00 ] 127.0.0.1 /index.php/Admin/Member/updlevel
INFO: [ app_begin ] --START--
INFO: Run Behavior\ReadHtmlCacheBehavior [ RunTime:0.001001s ]
INFO: [ app_begin ] --END-- [ RunTime:0.002001s ]
SQL: SHOW COLUMNS FROM `sp_manager` [ RunTime:0.0090s ]
SQL: SELECT r.role_auth_ac FROM sp_manager m INNER JOIN sp_role as r on m.role_id=r.role_id  WHERE m.mg_id = '502' LIMIT 1   [ RunTime:0.0010s ]
SQL: SHOW COLUMNS FROM `sp_member_level` [ RunTime:0.0080s ]
SQL: UPDATE `sp_member_level` SET `level_name`='黄金会员',`level_rate`='996',`jifen_bottom`='5002',`jifen_top`='15000' WHERE `id` = 16 [ RunTime:0.0020s ]
INFO: [ app_end ] --START--
INFO: Run Behavior\ShowPageTraceBehavior [ RunTime:0.002000s ]
INFO: [ app_end ] --END-- [ RunTime:0.002000s ]

[ 2017-07-11T16:17:47+08:00 ] 127.0.0.1 /index.php/Admin/Member/updlevel
INFO: [ app_begin ] --START--
INFO: Run Behavior\ReadHtmlCacheBehavior [ RunTime:0.000000s ]
INFO: [ app_begin ] --END-- [ RunTime:0.001000s ]
SQL: SHOW COLUMNS FROM `sp_manager` [ RunTime:0.0090s ]
SQL: SELECT r.role_auth_ac FROM sp_manager m INNER JOIN sp_role as r on m.role_id=r.role_id  WHERE m.mg_id = '502' LIMIT 1   [ RunTime:0.0000s ]
SQL: SHOW COLUMNS FROM `sp_member_level` [ RunTime:0.0080s ]
SQL: UPDATE `sp_member_level` SET `level_name`='黄金会员',`level_rate`='996',`jifen_bottom`='5001',`jifen_top`='15000' WHERE `id` = 16 [ RunTime:0.0010s ]

[ 2017-07-11T16:18:03+08:00 ] 127.0.0.1 /index.php/Admin/Member/updlevel
INFO: [ app_begin ] --START--
INFO: Run Behavior\ReadHtmlCacheBehavior [ RunTime:0.000000s ]
INFO: [ app_begin ] --END-- [ RunTime:0.001000s ]
SQL: SHOW COLUMNS FROM `sp_manager` [ RunTime:0.0040s ]
SQL: SELECT r.role_auth_ac FROM sp_manager m INNER JOIN sp_role as r on m.role_id=r.role_id  WHERE m.mg_id = '502' LIMIT 1   [ RunTime:0.0000s ]
SQL: SHOW COLUMNS FROM `sp_member_level` [ RunTime:0.0050s ]
SQL: UPDATE `sp_member_level` SET `level_name`='黄金会员',`level_rate`='995',`jifen_bottom`='5001',`jifen_top`='15000' WHERE `id` = 16 [ RunTime:0.0010s ]

[ 2017-07-11T16:18:37+08:00 ] 127.0.0.1 /index.php/Admin/Member/updlevel
INFO: [ app_begin ] --START--
INFO: Run Behavior\ReadHtmlCacheBehavior [ RunTime:0.000000s ]
INFO: [ app_begin ] --END-- [ RunTime:0.001000s ]
SQL: SHOW COLUMNS FROM `sp_manager` [ RunTime:0.0050s ]
SQL: SELECT r.role_auth_ac FROM sp_manager m INNER JOIN sp_role as r on m.role_id=r.role_id  WHERE m.mg_id = '502' LIMIT 1   [ RunTime:0.0000s ]
SQL: SHOW COLUMNS FROM `sp_member_level` [ RunTime:0.0040s ]
SQL: UPDATE `sp_member_level` SET `level_name`='黄金会员',`level_rate`='994',`jifen_bottom`='5001',`jifen_top`='15000' WHERE `id` = 16 [ RunTime:0.0010s ]

[ 2017-07-11T16:18:48+08:00 ] 127.0.0.1 /index.php/Admin/Member/updlevel
INFO: [ app_begin ] --START--
INFO: Run Behavior\ReadHtmlCacheBehavior [ RunTime:0.001000s ]
INFO: [ app_begin ] --END-- [ RunTime:0.001000s ]
SQL: SHOW COLUMNS FROM `sp_manager` [ RunTime:0.0070s ]
SQL: SELECT r.role_auth_ac FROM sp_manager m INNER JOIN sp_role as r on m.role_id=r.role_id  WHERE m.mg_id = '502' LIMIT 1   [ RunTime:0.0000s ]
SQL: SHOW COLUMNS FROM `sp_member_level` [ RunTime:0.0080s ]
SQL: UPDATE `sp_member_level` SET `level_name`='黄金会员',`level_rate`='994',`jifen_bottom`='5001',`jifen_top`='15000' WHERE `id` = 16 [ RunTime:0.0010s ]
INFO: [ app_end ] --START--
INFO: Run Behavior\ShowPageTraceBehavior [ RunTime:0.001000s ]
INFO: [ app_end ] --END-- [ RunTime:0.001000s ]

[ 2017-07-11T16:19:10+08:00 ] 127.0.0.1 /index.php/Admin/Member/updlevel
INFO: [ app_begin ] --START--
INFO: Run Behavior\ReadHtmlCacheBehavior [ RunTime:0.001000s ]
INFO: [ app_begin ] --END-- [ RunTime:0.001000s ]
SQL: SHOW COLUMNS FROM `sp_manager` [ RunTime:0.0050s ]
SQL: SELECT r.role_auth_ac FROM sp_manager m INNER JOIN sp_role as r on m.role_id=r.role_id  WHERE m.mg_id = '502' LIMIT 1   [ RunTime:0.0010s ]
SQL: SHOW COLUMNS FROM `sp_member_level` [ RunTime:0.0040s ]
SQL: UPDATE `sp_member_level` SET `level_name`='黄金会员',`level_rate`='994',`jifen_bottom`='5001',`jifen_top`='15000' WHERE `id` = 16 [ RunTime:0.0020s ]
INFO: [ app_end ] --START--
INFO: Run Behavior\ShowPageTraceBehavior [ RunTime:0.001000s ]
INFO: [ app_end ] --END-- [ RunTime:0.001000s ]

[ 2017-07-11T16:19:36+08:00 ] 127.0.0.1 /index.php/Admin/Member/updlevel
INFO: [ app_begin ] --START--
INFO: Run Behavior\ReadHtmlCacheBehavior [ RunTime:0.001000s ]
INFO: [ app_begin ] --END-- [ RunTime:0.001000s ]
SQL: SHOW COLUMNS FROM `sp_manager` [ RunTime:0.0040s ]
SQL: SELECT r.role_auth_ac FROM sp_manager m INNER JOIN sp_role as r on m.role_id=r.role_id  WHERE m.mg_id = '502' LIMIT 1   [ RunTime:0.0000s ]
SQL: SHOW COLUMNS FROM `sp_member_level` [ RunTime:0.0050s ]
SQL: UPDATE `sp_member_level` SET `level_name`='黄金会员',`level_rate`='994',`jifen_bottom`='5001',`jifen_top`='15000' WHERE `id` = 16 [ RunTime:0.0010s ]

[ 2017-07-11T16:19:45+08:00 ] 127.0.0.1 /index.php/Admin/Member/updlevel
INFO: [ app_begin ] --START--
INFO: Run Behavior\ReadHtmlCacheBehavior [ RunTime:0.001000s ]
INFO: [ app_begin ] --END-- [ RunTime:0.001000s ]
SQL: SHOW COLUMNS FROM `sp_manager` [ RunTime:0.0040s ]
SQL: SELECT r.role_auth_ac FROM sp_manager m INNER JOIN sp_role as r on m.role_id=r.role_id  WHERE m.mg_id = '502' LIMIT 1   [ RunTime:0.0000s ]
SQL: SHOW COLUMNS FROM `sp_member_level` [ RunTime:0.0040s ]
SQL: UPDATE `sp_member_level` SET `level_name`='黄金会员',`level_rate`='994',`jifen_bottom`='500112',`jifen_top`='15000' WHERE `id` = 16 [ RunTime:0.0010s ]

[ 2017-07-11T16:21:00+08:00 ] 127.0.0.1 /index.php/Admin/Member/updlevel
INFO: [ app_begin ] --START--
INFO: Run Behavior\ReadHtmlCacheBehavior [ RunTime:0.000000s ]
INFO: [ app_begin ] --END-- [ RunTime:0.001000s ]
SQL: SHOW COLUMNS FROM `sp_manager` [ RunTime:0.0090s ]
SQL: SELECT r.role_auth_ac FROM sp_manager m INNER JOIN sp_role as r on m.role_id=r.role_id  WHERE m.mg_id = '502' LIMIT 1   [ RunTime:0.0030s ]
SQL: SHOW COLUMNS FROM `sp_member_level` [ RunTime:0.0080s ]
SQL: UPDATE `sp_member_level` SET `level_name`='黄金会员',`level_rate`='994',`jifen_bottom`='50012',`jifen_top`='15000' WHERE `id` = 16 [ RunTime:0.0010s ]
INFO: [ app_end ] --START--
INFO: Run Behavior\ShowPageTraceBehavior [ RunTime:0.001000s ]
INFO: [ app_end ] --END-- [ RunTime:0.001000s ]

[ 2017-07-11T16:21:14+08:00 ] 127.0.0.1 /index.php/Admin/Member/updlevel
INFO: [ app_begin ] --START--
INFO: Run Behavior\ReadHtmlCacheBehavior [ RunTime:0.001000s ]
INFO: [ app_begin ] --END-- [ RunTime:0.002000s ]
SQL: SHOW COLUMNS FROM `sp_manager` [ RunTime:0.0080s ]
SQL: SELECT r.role_auth_ac FROM sp_manager m INNER JOIN sp_role as r on m.role_id=r.role_id  WHERE m.mg_id = '502' LIMIT 1   [ RunTime:0.0010s ]
SQL: SHOW COLUMNS FROM `sp_member_level` [ RunTime:0.0060s ]
SQL: UPDATE `sp_member_level` SET `level_name`='黄金会员',`level_rate`='994',`jifen_bottom`='5001',`jifen_top`='15000' WHERE `id` = 16 [ RunTime:0.0000s ]
INFO: [ app_end ] --START--
INFO: Run Behavior\ShowPageTraceBehavior [ RunTime:0.000000s ]
INFO: [ app_end ] --END-- [ RunTime:0.000000s ]

[ 2017-07-11T16:22:43+08:00 ] 127.0.0.1 /index.php/Admin/Member/updlevel
INFO: [ app_begin ] --START--
INFO: Run Behavior\ReadHtmlCacheBehavior [ RunTime:0.001000s ]
INFO: [ app_begin ] --END-- [ RunTime:0.002000s ]
SQL: SHOW COLUMNS FROM `sp_manager` [ RunTime:0.0220s ]
SQL: SELECT r.role_auth_ac FROM sp_manager m INNER JOIN sp_role as r on m.role_id=r.role_id  WHERE m.mg_id = '502' LIMIT 1   [ RunTime:0.0000s ]
SQL: SHOW COLUMNS FROM `sp_member_level` [ RunTime:0.0090s ]
SQL: UPDATE `sp_member_level` SET `level_name`='黄金会员',`level_rate`='995',`jifen_bottom`='5001',`jifen_top`='15000' WHERE `id` = 16 [ RunTime:0.0010s ]
INFO: [ app_end ] --START--
INFO: Run Behavior\ShowPageTraceBehavior [ RunTime:0.000000s ]
INFO: [ app_end ] --END-- [ RunTime:0.000000s ]

[ 2017-07-11T16:24:10+08:00 ] 127.0.0.1 /index.php/Admin/Member/updlevel
INFO: [ app_begin ] --START--
INFO: Run Behavior\ReadHtmlCacheBehavior [ RunTime:0.001000s ]
INFO: [ app_begin ] --END-- [ RunTime:0.001000s ]
SQL: SHOW COLUMNS FROM `sp_manager` [ RunTime:0.0080s ]
SQL: SELECT r.role_auth_ac FROM sp_manager m INNER JOIN sp_role as r on m.role_id=r.role_id  WHERE m.mg_id = '502' LIMIT 1   [ RunTime:0.0000s ]
SQL: SHOW COLUMNS FROM `sp_member_level` [ RunTime:0.0040s ]
SQL: UPDATE `sp_member_level` SET `level_name`='黄金会员',`level_rate`='995',`jifen_bottom`='5001',`jifen_top`='15000' WHERE `id` = 16 [ RunTime:0.0010s ]
INFO: [ app_end ] --START--
INFO: Run Behavior\ShowPageTraceBehavior [ RunTime:0.000000s ]
INFO: [ app_end ] --END-- [ RunTime:0.000000s ]

[ 2017-07-11T16:25:08+08:00 ] 127.0.0.1 /index.php/Admin/Member/updlevel
INFO: [ app_begin ] --START--
INFO: Run Behavior\ReadHtmlCacheBehavior [ RunTime:0.001000s ]
INFO: [ app_begin ] --END-- [ RunTime:0.003000s ]
SQL: SHOW COLUMNS FROM `sp_manager` [ RunTime:0.0050s ]
SQL: SELECT r.role_auth_ac FROM sp_manager m INNER JOIN sp_role as r on m.role_id=r.role_id  WHERE m.mg_id = '502' LIMIT 1   [ RunTime:0.0010s ]
SQL: SHOW COLUMNS FROM `sp_member_level` [ RunTime:0.0080s ]
SQL: UPDATE `sp_member_level` SET `level_name`='青铜会员',`level_rate`='999',`jifen_bottom`='1',`jifen_top`='2000' WHERE `id` = 14 [ RunTime:0.0010s ]
INFO: [ app_end ] --START--
INFO: Run Behavior\ShowPageTraceBehavior [ RunTime:0.001000s ]
INFO: [ app_end ] --END-- [ RunTime:0.001000s ]

[ 2017-07-11T16:25:21+08:00 ] 127.0.0.1 /index.php/Admin/Member/updlevel
INFO: [ app_begin ] --START--
INFO: Run Behavior\ReadHtmlCacheBehavior [ RunTime:0.001000s ]
INFO: [ app_begin ] --END-- [ RunTime:0.002000s ]
SQL: SHOW COLUMNS FROM `sp_manager` [ RunTime:0.0080s ]
SQL: SELECT r.role_auth_ac FROM sp_manager m INNER JOIN sp_role as r on m.role_id=r.role_id  WHERE m.mg_id = '502' LIMIT 1   [ RunTime:0.0010s ]
SQL: SHOW COLUMNS FROM `sp_member_level` [ RunTime:0.0060s ]
SQL: UPDATE `sp_member_level` SET `level_name`='白银会员',`level_rate`='997',`jifen_bottom`='1001',`jifen_top`='5000' WHERE `id` = 15 [ RunTime:0.0010s ]
INFO: [ app_end ] --START--
INFO: Run Behavior\ShowPageTraceBehavior [ RunTime:0.001000s ]
INFO: [ app_end ] --END-- [ RunTime:0.001000s ]

[ 2017-07-11T16:25:47+08:00 ] 127.0.0.1 /index.php/Admin/Member/tianjia
INFO: [ app_begin ] --START--
INFO: Run Behavior\ReadHtmlCacheBehavior [ RunTime:0.000000s ]
INFO: [ app_begin ] --END-- [ RunTime:0.002000s ]
SQL: SHOW COLUMNS FROM `sp_manager` [ RunTime:0.0130s ]
SQL: SELECT r.role_auth_ac FROM sp_manager m INNER JOIN sp_role as r on m.role_id=r.role_id  WHERE m.mg_id = '502' LIMIT 1   [ RunTime:0.0010s ]
SQL: SHOW COLUMNS FROM `sp_member_level` [ RunTime:0.0070s ]
SQL: INSERT INTO `sp_member_level` (`level_name`,`level_rate`,`jifen_bottom`,`jifen_top`) VALUES ('钻石会员','995','20001','50000') [ RunTime:0.0010s ]
INFO: [ app_end ] --START--
INFO: Run Behavior\ShowPageTraceBehavior [ RunTime:0.001000s ]
INFO: [ app_end ] --END-- [ RunTime:0.001000s ]

[ 2017-07-11T16:25:57+08:00 ] 127.0.0.1 /index.php/Admin/Member/updlevel
INFO: [ app_begin ] --START--
INFO: Run Behavior\ReadHtmlCacheBehavior [ RunTime:0.000000s ]
INFO: [ app_begin ] --END-- [ RunTime:0.001000s ]
SQL: SHOW COLUMNS FROM `sp_manager` [ RunTime:0.0040s ]
SQL: SELECT r.role_auth_ac FROM sp_manager m INNER JOIN sp_role as r on m.role_id=r.role_id  WHERE m.mg_id = '502' LIMIT 1   [ RunTime:0.0020s ]
SQL: SHOW COLUMNS FROM `sp_member_level` [ RunTime:0.0040s ]
SQL: UPDATE `sp_member_level` SET `level_name`='黄金会员',`level_rate`='995',`jifen_bottom`='5001',`jifen_top`='20000' WHERE `id` = 16 [ RunTime:0.0000s ]
INFO: [ app_end ] --START--
INFO: Run Behavior\ShowPageTraceBehavior [ RunTime:0.001000s ]
INFO: [ app_end ] --END-- [ RunTime:0.001000s ]

[ 2017-07-11T19:00:55+08:00 ] 127.0.0.1 /index.php/Admin/Goods/getAttrByType
INFO: [ app_begin ] --START--
INFO: Run Behavior\ReadHtmlCacheBehavior [ RunTime:0.001000s ]
INFO: [ app_begin ] --END-- [ RunTime:0.002000s ]
SQL: SHOW COLUMNS FROM `sp_manager` [ RunTime:0.0160s ]
SQL: SELECT r.role_auth_ac FROM sp_manager m INNER JOIN sp_role as r on m.role_id=r.role_id  WHERE m.mg_id = '502' LIMIT 1   [ RunTime:0.0010s ]
SQL: SHOW COLUMNS FROM `sp_attribute` [ RunTime:0.0180s ]
SQL: SELECT * FROM `sp_attribute` WHERE `type_id` = 1  [ RunTime:0.0070s ]
INFO: [ app_end ] --START--
INFO: Run Behavior\ShowPageTraceBehavior [ RunTime:0.001000s ]
INFO: [ app_end ] --END-- [ RunTime:0.001000s ]

[ 2017-07-11T19:01:02+08:00 ] 127.0.0.1 /index.php/Admin/Goods/getAttrByType
INFO: [ app_begin ] --START--
INFO: Run Behavior\ReadHtmlCacheBehavior [ RunTime:0.001000s ]
INFO: [ app_begin ] --END-- [ RunTime:0.002000s ]
SQL: SHOW COLUMNS FROM `sp_manager` [ RunTime:0.0160s ]
SQL: SELECT r.role_auth_ac FROM sp_manager m INNER JOIN sp_role as r on m.role_id=r.role_id  WHERE m.mg_id = '502' LIMIT 1   [ RunTime:0.0010s ]
SQL: SHOW COLUMNS FROM `sp_attribute` [ RunTime:0.0160s ]
SQL: SELECT * FROM `sp_attribute` WHERE `type_id` = 5  [ RunTime:0.0010s ]
INFO: [ app_end ] --START--
INFO: Run Behavior\ShowPageTraceBehavior [ RunTime:0.001000s ]
INFO: [ app_end ] --END-- [ RunTime:0.001000s ]

[ 2017-07-11T19:01:12+08:00 ] 127.0.0.1 /index.php/Admin/Goods/getAttrByType
INFO: [ app_begin ] --START--
INFO: Run Behavior\ReadHtmlCacheBehavior [ RunTime:0.001000s ]
INFO: [ app_begin ] --END-- [ RunTime:0.002000s ]
SQL: SHOW COLUMNS FROM `sp_manager` [ RunTime:0.0060s ]
SQL: SELECT r.role_auth_ac FROM sp_manager m INNER JOIN sp_role as r on m.role_id=r.role_id  WHERE m.mg_id = '502' LIMIT 1   [ RunTime:0.0010s ]
SQL: SHOW COLUMNS FROM `sp_attribute` [ RunTime:0.0100s ]
SQL: SELECT * FROM `sp_attribute` WHERE `type_id` = 4  [ RunTime:0.0000s ]
INFO: [ app_end ] --START--
INFO: Run Behavior\ShowPageTraceBehavior [ RunTime:0.002001s ]
INFO: [ app_end ] --END-- [ RunTime:0.002001s ]

[ 2017-07-11T19:01:16+08:00 ] 127.0.0.1 /index.php/Admin/Goods/getAttrByType
INFO: [ app_begin ] --START--
INFO: Run Behavior\ReadHtmlCacheBehavior [ RunTime:0.000000s ]
INFO: [ app_begin ] --END-- [ RunTime:0.001000s ]
SQL: SHOW COLUMNS FROM `sp_manager` [ RunTime:0.0040s ]
SQL: SELECT r.role_auth_ac FROM sp_manager m INNER JOIN sp_role as r on m.role_id=r.role_id  WHERE m.mg_id = '502' LIMIT 1   [ RunTime:0.0000s ]
SQL: SHOW COLUMNS FROM `sp_attribute` [ RunTime:0.0040s ]
SQL: SELECT * FROM `sp_attribute` WHERE `type_id` = 3  [ RunTime:0.0010s ]
INFO: [ app_end ] --START--
INFO: Run Behavior\ShowPageTraceBehavior [ RunTime:0.001000s ]
INFO: [ app_end ] --END-- [ RunTime:0.001000s ]

[ 2017-07-11T19:02:50+08:00 ] 127.0.0.1 /index.php/Admin/goods/tianjia
ERR: SQLSTATE[23000]: Integrity constraint violation: 1048 Column 'goods_id' cannot be null

[ 2017-07-11T19:04:36+08:00 ] 127.0.0.1 /index.php/Admin/goods/tianjia
ERR: SQLSTATE[23000]: Integrity constraint violation: 1062 Duplicate entry '测试数据1' for key 'goods_name'

[ 2017-07-11T19:06:14+08:00 ] 127.0.0.1 /index.php/Admin/goods/tianjia
ERR: SQLSTATE[23000]: Integrity constraint violation: 1062 Duplicate entry '测试数据3' for key 'goods_name'

[ 2017-07-11T19:07:49+08:00 ] 127.0.0.1 /index.php/Admin/Goods/getAttrByType
INFO: [ app_begin ] --START--
INFO: Run Behavior\ReadHtmlCacheBehavior [ RunTime:0.001000s ]
INFO: [ app_begin ] --END-- [ RunTime:0.002000s ]
SQL: SHOW COLUMNS FROM `sp_manager` [ RunTime:0.0050s ]
SQL: SELECT r.role_auth_ac FROM sp_manager m INNER JOIN sp_role as r on m.role_id=r.role_id  WHERE m.mg_id = '502' LIMIT 1   [ RunTime:0.0010s ]
SQL: SHOW COLUMNS FROM `sp_attribute` [ RunTime:0.0050s ]
SQL: SELECT * FROM `sp_attribute` WHERE `type_id` = 2  [ RunTime:0.0010s ]
INFO: [ app_end ] --START--
INFO: Run Behavior\ShowPageTraceBehavior [ RunTime:0.001000s ]
INFO: [ app_end ] --END-- [ RunTime:0.001000s ]

[ 2017-07-11T19:07:52+08:00 ] 127.0.0.1 /index.php/Admin/Goods/getAttrByType
INFO: [ app_begin ] --START--
INFO: Run Behavior\ReadHtmlCacheBehavior [ RunTime:0.001001s ]
INFO: [ app_begin ] --END-- [ RunTime:0.001001s ]
SQL: SHOW COLUMNS FROM `sp_manager` [ RunTime:0.0090s ]
SQL: SELECT r.role_auth_ac FROM sp_manager m INNER JOIN sp_role as r on m.role_id=r.role_id  WHERE m.mg_id = '502' LIMIT 1   [ RunTime:0.0000s ]
SQL: SHOW COLUMNS FROM `sp_attribute` [ RunTime:0.0110s ]
SQL: SELECT * FROM `sp_attribute` WHERE `type_id` = 3  [ RunTime:0.0010s ]
INFO: [ app_end ] --START--
INFO: Run Behavior\ShowPageTraceBehavior [ RunTime:0.002000s ]
INFO: [ app_end ] --END-- [ RunTime:0.002000s ]

[ 2017-07-11T19:11:05+08:00 ] 127.0.0.1 /index.php/Admin/Goods/getAttrByType2
INFO: [ app_begin ] --START--
INFO: Run Behavior\ReadHtmlCacheBehavior [ RunTime:0.000000s ]
INFO: [ app_begin ] --END-- [ RunTime:0.002000s ]
SQL: SHOW COLUMNS FROM `sp_manager` [ RunTime:0.0060s ]
SQL: SELECT r.role_auth_ac FROM sp_manager m INNER JOIN sp_role as r on m.role_id=r.role_id  WHERE m.mg_id = '502' LIMIT 1   [ RunTime:0.0000s ]
SQL: SHOW COLUMNS FROM `sp_attribute` [ RunTime:0.0050s ]
SQL: SELECT a.attr_id,a.attr_name,a.attr_sel,a.attr_vals,(select group_concat(ga.attr_value) from sp_goods_attr ga where ga.attr_id=a.attr_id and ga.goods_id=42) attr_values FROM sp_attribute a WHERE a.type_id = '3'  [ RunTime:0.0170s ]
INFO: [ app_end ] --START--
INFO: Run Behavior\ShowPageTraceBehavior [ RunTime:0.001000s ]
INFO: [ app_end ] --END-- [ RunTime:0.001000s ]

[ 2017-07-11T19:45:33+08:00 ] 127.0.0.1 /index.php/Admin/Goods/getAttrByType
INFO: [ app_begin ] --START--
INFO: Run Behavior\ReadHtmlCacheBehavior [ RunTime:0.001000s ]
INFO: [ app_begin ] --END-- [ RunTime:0.001000s ]
SQL: SHOW COLUMNS FROM `sp_manager` [ RunTime:0.0040s ]
SQL: SELECT r.role_auth_ac FROM sp_manager m INNER JOIN sp_role as r on m.role_id=r.role_id  WHERE m.mg_id = '502' LIMIT 1   [ RunTime:0.0010s ]
SQL: SHOW COLUMNS FROM `sp_attribute` [ RunTime:0.0040s ]
SQL: SELECT * FROM `sp_attribute` WHERE `type_id` = 4  [ RunTime:0.0010s ]
INFO: [ app_end ] --START--
INFO: Run Behavior\ShowPageTraceBehavior [ RunTime:0.001000s ]
INFO: [ app_end ] --END-- [ RunTime:0.001000s ]

[ 2017-07-11T20:30:47+08:00 ] 127.0.0.1 /index.php/Admin/Index/top.html
INFO: [ view_parse ] --START--
INFO: [ template_filter ] --START--
INFO: Run Behavior\ContentReplaceBehavior [ RunTime:0.000000s ]
INFO: [ template_filter ] --END-- [ RunTime:0.000000s ]
INFO: Run Behavior\ParseTemplateBehavior [ RunTime:0.016001s ]
INFO: [ view_parse ] --END-- [ RunTime:0.017001s ]
INFO: [ view_filter ] --START--
INFO: Run Behavior\WriteHtmlCacheBehavior [ RunTime:0.002000s ]
INFO: [ view_filter ] --END-- [ RunTime:0.003000s ]
INFO: [ app_end ] --START--
INFO: Run Behavior\ShowPageTraceBehavior [ RunTime:0.001000s ]
INFO: [ app_end ] --END-- [ RunTime:0.001000s ]

[ 2017-07-11T20:30:48+08:00 ] 127.0.0.1 /index.php/Admin/Index/center.html
INFO: [ view_parse ] --START--
INFO: [ template_filter ] --START--
INFO: Run Behavior\ContentReplaceBehavior [ RunTime:0.000000s ]
INFO: [ template_filter ] --END-- [ RunTime:0.001000s ]
INFO: Run Behavior\ParseTemplateBehavior [ RunTime:0.044003s ]
INFO: [ view_parse ] --END-- [ RunTime:0.044003s ]
INFO: [ view_filter ] --START--
INFO: Run Behavior\WriteHtmlCacheBehavior [ RunTime:0.000000s ]
INFO: [ view_filter ] --END-- [ RunTime:0.000000s ]
INFO: [ app_end ] --START--
INFO: Run Behavior\ShowPageTraceBehavior [ RunTime:0.001000s ]
INFO: [ app_end ] --END-- [ RunTime:0.001000s ]

[ 2017-07-11T20:30:49+08:00 ] 127.0.0.1 /index.php/Admin/Index/down.html
INFO: [ view_parse ] --START--
INFO: [ template_filter ] --START--
INFO: Run Behavior\ContentReplaceBehavior [ RunTime:0.000000s ]
INFO: [ template_filter ] --END-- [ RunTime:0.000000s ]
INFO: Run Behavior\ParseTemplateBehavior [ RunTime:0.038002s ]
INFO: [ view_parse ] --END-- [ RunTime:0.038002s ]
INFO: [ view_filter ] --START--
INFO: Run Behavior\WriteHtmlCacheBehavior [ RunTime:0.000000s ]
INFO: [ view_filter ] --END-- [ RunTime:0.000000s ]
INFO: [ app_end ] --START--
INFO: Run Behavior\ShowPageTraceBehavior [ RunTime:0.001000s ]
INFO: [ app_end ] --END-- [ RunTime:0.001000s ]

[ 2017-07-11T20:30:50+08:00 ] 127.0.0.1 /index.php/Admin/Index/left.html
SQL: SHOW COLUMNS FROM `sp_auth` [ RunTime:0.0090s ]
SQL: SELECT * FROM `sp_auth`  [ RunTime:0.0140s ]
INFO: [ view_parse ] --START--
INFO: [ template_filter ] --START--
INFO: Run Behavior\ContentReplaceBehavior [ RunTime:0.000000s ]
INFO: [ template_filter ] --END-- [ RunTime:0.000000s ]
INFO: Run Behavior\ParseTemplateBehavior [ RunTime:0.023001s ]
INFO: [ view_parse ] --END-- [ RunTime:0.023001s ]
INFO: [ view_filter ] --START--
INFO: Run Behavior\WriteHtmlCacheBehavior [ RunTime:0.000000s ]
INFO: [ view_filter ] --END-- [ RunTime:0.001001s ]
INFO: [ app_end ] --START--
INFO: Run Behavior\ShowPageTraceBehavior [ RunTime:0.001000s ]
INFO: [ app_end ] --END-- [ RunTime:0.002000s ]

